[2023/09/21 17:29:48] Delete event data: ShareKey(EVENT_cailuhongbao), Param1(-1), Param2(-1), Timeout(2010-3-30)
[2023/09/21 17:29:48] Delete event data: ShareKey(EVENT_MIDAUT_2010), Param1(-1), Param2(-1), Timeout(2010-10-19)
[2023/09/21 17:29:48] Delete event data: ShareKey(EVENT_dayanqunxia), Param1(-1), Param2(-1), Timeout(2011-3-20)
[2023/09/21 17:29:48] Delete event data: ShareKey(FUNC_RANK_EQUIPVALUE), Param1(-1), Param2(-1), Timeout()
[2023/09/21 17:29:48] Delete event data: ShareKey(EVENT_April_zhushuai), Param1(-1), Param2(-1), Timeout(2012-6-4)
[2023/09/21 17:29:48] Delete event data: ShareKey(EVENT_2012ChristmasDay), Param1(-1), Param2(-1), Timeout(2013-1-30)
[2023/09/21 17:29:48] Loading All Scripts....................
[2023/09/21 17:29:48] Load Rank FUNC_RANK_EQUIPVALUE
[2023/09/21 17:29:48] Load Stable Rank count 0
[2023/09/21 17:29:48] Load Dynamic Rank count 0
[2023/09/21 17:29:48] Load Rank FUNC_RANK_EQUIPVALUE end
[2023/09/21 17:29:48] 
All Scripts Have Been Loaded! Count = 88
[2023/09/21 17:29:48] root client[:0] create
[2023/09/21 17:29:50] start autotimer for Ping: 
[2023/09/21 17:29:50] TRIP_MODE: None
[2023/09/21 17:29:50] Loading World Setting...
[2023/09/21 17:29:50] Reset map ph„ b∂n thµnh c´ng
[2023/09/21 17:29:50] 1 tong(s) loaded from tongex DB.
[2023/09/21 17:29:50] gateway client create: 127.0.0.1
[2023/09/21 17:29:50] Load LeagueData: LeagueType: 4, Leagues: 7, Roles: 7
[2023/09/21 17:29:50] Load LeagueData: LeagueType: 500, Leagues: 2, Roles: 2
[2023/09/21 17:29:50] Load LeagueData: LeagueType: 502, Leagues: 11, Roles: 11
[2023/09/21 17:29:50] Load LeagueData: LeagueType: 538, Leagues: 1, Roles: 1
[2023/09/21 17:29:50] Load LeagueData: LeagueType: 10000, Leagues: 1, Roles: 7
[2023/09/21 17:29:50] KhÎi ÆÈng h÷ thËng Æ„ng mÎ c∏c ch¯c n®ng trong trﬂ ch¨i...
[2023/09/21 17:29:50] topten server sort list
[2023/09/21 17:29:50] topten server sort list
[2023/09/21 17:29:50] topten server sort list
[2023/09/21 17:29:50] =================GLOBALEXCUTECHAT=================
[2023/09/21 17:29:50] BATTLE[XiangYang] 9:30 startup...
[2023/09/21 17:29:50] BATTLE[XiangYang] 11:00 startup...
[2023/09/21 17:29:50] BATTLE[XiangYang] 13:00 startup...
[2023/09/21 17:29:50] BATTLE[XiangYang] 15:00 startup...
[2023/09/21 17:29:50] BATTLE[XiangYang] 17:00 startup...
[2023/09/21 17:29:50] BATTLE[XiangYang] 19:00 startup...
[2023/09/21 17:29:50] BATTLE[XiangYang] 21:00 startup...
[2023/09/21 17:29:50] BATTLE[XiangYang] 23:00 startup...
[2023/09/21 17:29:50] Ladder startup...
[2023/09/21 17:29:50] MAKE GOLDBOSS AT CITY OR OUTTER  :  22:00
[2023/09/21 17:29:50] MAKE BIG BOSS AT :  22:15
[2023/09/21 17:29:50] GOLD BOSS COUNT :  0
[2023/09/21 17:29:50] MAKE GOLDBOSS AT CITY OR OUTTER  :  23:00
[2023/09/21 17:29:50] º”‘ÿΩ≈±æŒƒº˛ake_new_big_boss_2315.lua ±≥ˆ¥Ì£¨«ÎºÏ≤È”Ô∑®. Gia tai file Van ban goc [] gio bi sai, xin kiem tra ngu phap. 
[2023/09/21 17:29:50] #NAME?
[2023/09/21 17:29:50] KhÎi ÆÈng h‰at ÆÈng Hoa Æ®ng1729
[2023/09/21 17:29:50] =====birthday0905 liehaozhu ## 17:30 ### 30 #? ?###=======
[2023/09/21 17:29:50] X„a d˜ li÷u qu∏i vÀt Hoµng kim trong database52301
[2023/09/21 17:29:50] X„a d˜ li÷u qu∏i vÀt Hoµng kim trong database51302
[2023/09/21 17:29:50] X„a d˜ li÷u qu∏i vÀt Hoµng kim trong database51102
[2023/09/21 17:29:50] X„a d˜ li÷u qu∏i vÀt Hoµng kim trong database135403
[2023/09/21 17:29:50] X„a d˜ li÷u qu∏i vÀt Hoµng kim trong database135604
[2023/09/21 17:29:50] X„a d˜ li÷u qu∏i vÀt Hoµng kim trong database135705
[2023/09/21 17:29:50] X„a d˜ li÷u qu∏i vÀt Hoµng kim trong database135206
[2023/09/21 17:29:50] X„a d˜ li÷u qu∏i vÀt Hoµng kim trong database135807
[2023/09/21 17:29:50] X„a d˜ li÷u qu∏i vÀt Hoµng kim trong database136008
[2023/09/21 17:29:50] X„a d˜ li÷u qu∏i vÀt Hoµng kim trong database135109
[2023/09/21 17:29:50] X„a d?li÷u qu∏i vÀt Hoµng kim trong database52301
[2023/09/21 17:29:50] X„a d?li÷u qu∏i vÀt Hoµng kim trong database51302
[2023/09/21 17:29:50] X„a d?li÷u qu∏i vÀt Hoµng kim trong database51102
[2023/09/21 17:29:50] X„a d?li÷u qu∏i vÀt Hoµng kim trong database135403
[2023/09/21 17:29:50] X„a d?li÷u qu∏i vÀt Hoµng kim trong database135604
[2023/09/21 17:29:50] X„a d?li÷u qu∏i vÀt Hoµng kim trong database135705
[2023/09/21 17:29:50] X„a d?li÷u qu∏i vÀt Hoµng kim trong database135206
[2023/09/21 17:29:50] X„a d?li÷u qu∏i vÀt Hoµng kim trong database135807
[2023/09/21 17:29:50] X„a d?li÷u qu∏i vÀt Hoµng kim trong database136008
[2023/09/21 17:29:50] X„a d?li÷u qu∏i vÀt Hoµng kim trong database135109
[2023/09/21 17:29:50] X„a d˜ li÷u qu∏i vÀt Hoµng kim trong database52301
[2023/09/21 17:29:50] X„a d˜ li÷u qu∏i vÀt Hoµng kim trong database51302
[2023/09/21 17:29:50] X„a d˜ li÷u qu∏i vÀt Hoµng kim trong database51102
[2023/09/21 17:29:50] X„a d˜ li÷u qu∏i vÀt Hoµng kim trong database135403
[2023/09/21 17:29:50] X„a d˜ li÷u qu∏i vÀt Hoµng kim trong database135604
[2023/09/21 17:29:50] X„a d˜ li÷u qu∏i vÀt Hoµng kim trong database135705
[2023/09/21 17:29:50] X„a d˜ li÷u qu∏i vÀt Hoµng kim trong database135206
[2023/09/21 17:29:50] X„a d˜ li÷u qu∏i vÀt Hoµng kim trong database135807
[2023/09/21 17:29:50] X„a d˜ li÷u qu∏i vÀt Hoµng kim trong database136008
[2023/09/21 17:29:50] X„a d˜ li÷u qu∏i vÀt Hoµng kim trong database135109
[2023/09/21 17:29:50] **************** TÊng Æi“u ÆÈng quËc chi’n tËng kim nhi÷m vÙ khÎi ÆÈng thµnh c´ng ****************
[2023/09/21 17:29:50] =================¥≥πÿªÓ∂Ø√ø»’≈≈––∞Ò==================
[2023/09/21 17:29:50] MAKE GOLDBOSS murongquan:  20:20
[2023/09/21 17:29:50] MAKE GOLDBOSS zhangxuan:  20:10
[2023/09/21 17:29:50] MAKE GOLDBOSS jinshiliang:  20:15
[2023/09/21 17:29:50] tianchimijing boss out
[2023/09/21 17:29:50] =================Phong l®ng ÆÈ==================
[2023/09/21 17:29:50] =================Phong l®ng ÆÈ==================
[2023/09/21 17:29:50] =================Phong l®ng ÆÈ==================
[2023/09/21 17:29:50] =================Phong l®ng ÆÈ==================
[2023/09/21 17:29:50] =================Phong l®ng ÆÈ==================
[2023/09/21 17:29:50] =================Phong l®ng ÆÈ==================
[2023/09/21 17:29:50] =================Phong l®ng ÆÈ==================
[2023/09/21 17:29:50] =================Phong l®ng ÆÈ==================
[2023/09/21 17:29:50] =================Phong l®ng ÆÈ==================
[2023/09/21 17:29:50] =================Phong l®ng ÆÈ==================
[2023/09/21 17:29:50] =================Phong l®ng ÆÈ==================
[2023/09/21 17:29:50] =================Phong l®ng ÆÈ==================
[2023/09/21 17:29:50] Nhiem vu khieu chien thoi gian (Vuot ai) - vao cac gio le trong ngay
[2023/09/21 17:29:50] Nhiem vu khieu chien thoi gian (Vuot ai) - vao cac gio le trong ngay
[2023/09/21 17:29:50] Nhiem vu khieu chien thoi gian (Vuot ai) - vao cac gio le trong ngay
[2023/09/21 17:29:50] Nhiem vu khieu chien thoi gian (Vuot ai) - vao cac gio le trong ngay
[2023/09/21 17:29:50] Nhiem vu khieu chien thoi gian (Vuot ai) - vao cac gio le trong ngay
[2023/09/21 17:29:50] Nhiem vu khieu chien thoi gian (Vuot ai) - vao cac gio le trong ngay
[2023/09/21 17:29:50] Nhiem vu khieu chien thoi gian (Vuot ai) - vao cac gio le trong ngay
[2023/09/21 17:29:50] Nhiem vu khieu chien thoi gian (Vuot ai) - vao cac gio le trong ngay
[2023/09/21 17:29:50] Nhiem vu khieu chien thoi gian (Vuot ai) - vao cac gio le trong ngay
[2023/09/21 17:29:50] Nhiem vu khieu chien thoi gian (Vuot ai) - vao cac gio le trong ngay
[2023/09/21 17:29:50] Nhiem vu khieu chien thoi gian (Vuot ai) - vao cac gio le trong ngay
[2023/09/21 17:29:50] Nhiem vu khieu chien thoi gian (Vuot ai) - vao cac gio le trong ngay
[2023/09/21 17:29:50] Failed to init statdatamanager!
[2023/09/21 17:29:50] [SGN]Failed to initialize.
[2023/09/21 17:29:50] S3Relay-∆Ù∂ØÕÍ±œ£° S3Relay- Khoi dong hoan tat! 
[2023/09/21 17:29:50] 
*
***** S3Relay Start (@ 161490336/00/43200 00:-1178088:135874861.136293495) >>>>>
*


[2023/09/21 17:29:50] SockThread start success
[2023/09/21 17:29:50] Game Module Is Started. -->Hoπt ÆÈng xu©n 2006
[2023/09/21 17:29:50] Game Module Is Started. -->OpenShop
[2023/09/21 17:29:50] Game Module Is Started. -->Thi÷p th´ng b∏o chÛc mıng mµu
[2023/09/21 17:29:50] Game Module Is Started. -->Thi÷p cuÈn
[2023/09/21 17:29:50] Game Module Is Started. -->PhÛc duy™n ph∏o hoa
[2023/09/21 17:29:50] Game Module Is Started. -->Truy“n c´ng
[2023/09/21 17:29:50] Game Module Is Started. -->L‘ vÀt t◊nh nh©n
[2023/09/21 17:29:50] Game Module Is Started. -->YANDIBAOZANG
[2023/09/21 17:29:50] Game Module Is Started. -->YANDIBAOZANG_TALK
[2023/09/21 17:29:50] Game Module Is Started. -->SWITH_DAIYITOUSHI
[2023/09/21 17:29:50] Game Module Is Started. -->chunjie2009_dangboss
[2023/09/21 17:29:50] SDBLadder Loaded
[2023/09/21 17:30:11] ChatConnection create: 127.0.0.1
[2023/09/21 17:30:11] TongConnection create: 127.0.0.1
[2023/09/21 17:30:11] HostConnection create: 127.0.0.1
[2023/09/21 17:30:15] GameServerLogin: 127.0.0.1
[2023/09/21 17:30:15] TongDataSendFinish: 127.0.0.1
[2023/09/21 17:30:16] Assign Dynamic map(986,65536) for GS:0
[2023/09/21 17:30:16] GS:0 Total Dynamic map:1
[2023/09/21 17:30:16] GS:0 Total Static map:19
[2023/09/21 17:30:16] Assign Dynamic map(986,65537) for GS:0
[2023/09/21 17:30:16] GS:0 Total Dynamic map:2
[2023/09/21 17:30:16] GS:0 Total Static map:19
[2023/09/21 17:30:16] Assign Dynamic map(986,65538) for GS:0
[2023/09/21 17:30:16] GS:0 Total Dynamic map:3
[2023/09/21 17:30:16] GS:0 Total Static map:19
[2023/09/21 17:30:16] Assign Dynamic map(986,65539) for GS:0
[2023/09/21 17:30:16] GS:0 Total Dynamic map:4
[2023/09/21 17:30:16] GS:0 Total Static map:19
[2023/09/21 17:30:16] Assign Dynamic map(986,65540) for GS:0
[2023/09/21 17:30:16] GS:0 Total Dynamic map:5
[2023/09/21 17:30:16] GS:0 Total Static map:19
[2023/09/21 17:30:16] Assign Dynamic map(948,73951) for GS:0
[2023/09/21 17:30:16] GS:0 Total Dynamic map:6
[2023/09/21 17:30:16] GS:0 Total Static map:19
[2023/09/21 17:30:16] Assign Dynamic map(948,73952) for GS:0
[2023/09/21 17:30:16] GS:0 Total Dynamic map:7
[2023/09/21 17:30:16] GS:0 Total Static map:19
[2023/09/21 17:30:16] Assign Dynamic map(948,73953) for GS:0
[2023/09/21 17:30:16] GS:0 Total Dynamic map:8
[2023/09/21 17:30:16] GS:0 Total Static map:19
[2023/09/21 17:30:16] Assign Dynamic map(948,73954) for GS:0
[2023/09/21 17:30:16] GS:0 Total Dynamic map:9
[2023/09/21 17:30:16] GS:0 Total Static map:19
[2023/09/21 17:30:16] Assign Dynamic map(948,73955) for GS:0
[2023/09/21 17:30:16] GS:0 Total Dynamic map:10
[2023/09/21 17:30:16] GS:0 Total Static map:19
[2023/09/21 17:30:16] Assign Dynamic map(976,65541) for GS:0
[2023/09/21 17:30:16] GS:0 Total Dynamic map:11
[2023/09/21 17:30:16] GS:0 Total Static map:19
[2023/09/21 17:30:16] Assign Dynamic map(976,65542) for GS:0
[2023/09/21 17:30:16] GS:0 Total Dynamic map:12
[2023/09/21 17:30:16] GS:0 Total Static map:19
[2023/09/21 17:30:16] Assign Dynamic map(976,65543) for GS:0
[2023/09/21 17:30:16] GS:0 Total Dynamic map:13
[2023/09/21 17:30:16] GS:0 Total Static map:19
[2023/09/21 17:30:16] Assign Dynamic map(976,65544) for GS:0
[2023/09/21 17:30:16] GS:0 Total Dynamic map:14
[2023/09/21 17:30:16] GS:0 Total Static map:19
[2023/09/21 17:30:16] Assign Dynamic map(976,65545) for GS:0
[2023/09/21 17:30:16] GS:0 Total Dynamic map:15
[2023/09/21 17:30:16] GS:0 Total Static map:19
[2023/09/21 17:30:16] Assign Dynamic map(958,73956) for GS:0
[2023/09/21 17:30:16] GS:0 Total Dynamic map:16
[2023/09/21 17:30:16] GS:0 Total Static map:19
[2023/09/21 17:30:16] Assign Dynamic map(958,73957) for GS:0
[2023/09/21 17:30:16] GS:0 Total Dynamic map:17
[2023/09/21 17:30:16] GS:0 Total Static map:19
[2023/09/21 17:30:16] Assign Dynamic map(958,73958) for GS:0
[2023/09/21 17:30:16] GS:0 Total Dynamic map:18
[2023/09/21 17:30:16] GS:0 Total Static map:19
[2023/09/21 17:30:16] Assign Dynamic map(958,73959) for GS:0
[2023/09/21 17:30:16] GS:0 Total Dynamic map:19
[2023/09/21 17:30:16] GS:0 Total Static map:19
[2023/09/21 17:30:16] Assign Dynamic map(958,73960) for GS:0
[2023/09/21 17:30:16] GS:0 Total Dynamic map:20
[2023/09/21 17:30:16] GS:0 Total Static map:19
[2023/09/21 17:30:16] Assign Dynamic map(988,65546) for GS:0
[2023/09/21 17:30:16] GS:0 Total Dynamic map:21
[2023/09/21 17:30:16] GS:0 Total Static map:19
[2023/09/21 17:30:16] Assign Dynamic map(988,65547) for GS:0
[2023/09/21 17:30:16] GS:0 Total Dynamic map:22
[2023/09/21 17:30:16] GS:0 Total Static map:19
[2023/09/21 17:30:16] Assign Dynamic map(988,65548) for GS:0
[2023/09/21 17:30:16] GS:0 Total Dynamic map:23
[2023/09/21 17:30:16] GS:0 Total Static map:19
[2023/09/21 17:30:16] Assign Dynamic map(988,65549) for GS:0
[2023/09/21 17:30:16] GS:0 Total Dynamic map:24
[2023/09/21 17:30:16] GS:0 Total Static map:19
[2023/09/21 17:30:16] Assign Dynamic map(988,65550) for GS:0
[2023/09/21 17:30:16] GS:0 Total Dynamic map:25
[2023/09/21 17:30:16] GS:0 Total Static map:19
[2023/09/21 17:30:16] Assign Dynamic map(975,65551) for GS:0
[2023/09/21 17:30:16] GS:0 Total Dynamic map:26
[2023/09/21 17:30:16] GS:0 Total Static map:19
[2023/09/21 17:30:16] Assign Dynamic map(975,65552) for GS:0
[2023/09/21 17:30:16] GS:0 Total Dynamic map:27
[2023/09/21 17:30:16] GS:0 Total Static map:19
[2023/09/21 17:30:16] Assign Dynamic map(975,65553) for GS:0
[2023/09/21 17:30:16] GS:0 Total Dynamic map:28
[2023/09/21 17:30:16] GS:0 Total Static map:19
[2023/09/21 17:30:16] Assign Dynamic map(975,65554) for GS:0
[2023/09/21 17:30:16] GS:0 Total Dynamic map:29
[2023/09/21 17:30:16] GS:0 Total Static map:19
[2023/09/21 17:30:16] Assign Dynamic map(975,65555) for GS:0
[2023/09/21 17:30:16] GS:0 Total Dynamic map:30
[2023/09/21 17:30:16] GS:0 Total Static map:19
[2023/09/21 18:00:50] =Hoπt ÆÈng Boss Ti”u xu t hi÷n=
[2023/09/21 18:10:50] =Hoπt ÆÈng Boss Ti”u xu t hi÷n=
[2023/09/21 18:20:50] =Hoπt ÆÈng Boss Ti”u xu t hi÷n=
[2023/09/21 18:30:50] =Hoπt ÆÈng Boss Ti”u xu t hi÷n=
[2023/09/21 18:40:50] =Hoπt ÆÈng Boss Ti”u xu t hi÷n=
[2023/09/21 18:50:50] -----------------------------------------------------------------------------------------------------------------------------------------------------------------------------------
[2023/09/21 18:50:50] [2023-09-21 18:50:50]  NEW BATTLE START
[2023/09/21 18:50:50] BattleID: 1   BattleLevel: 1   Issue: 13   20th.Round
[2023/09/21 18:50:50] RoundID: 1   MapPattern: 9   BattleMapID:  9   WorldMapID: 378   MapName: NgÚ Ph≠¨ng Nguy™n Chi’n   RuleID: 6
[2023/09/21 18:50:50] -----------------------------------------------------------------------------------------------------------------------------------------------------------------------------------
[2023/09/21 18:50:50] -----------------------------------------------------------------------------------------------------------------------------------------------------------------------------------
[2023/09/21 18:50:50] [2023-09-21 18:50:50]  NEW BATTLE START
[2023/09/21 18:50:50] BattleID: 1   BattleLevel: 2   Issue: 13   20th.Round
[2023/09/21 18:50:50] RoundID: 1   MapPattern: 9   BattleMapID:  9   WorldMapID: 379   MapName: Li‘u Nguy™n Chi’n   RuleID: 6
[2023/09/21 18:50:50] -----------------------------------------------------------------------------------------------------------------------------------------------------------------------------------
[2023/09/21 18:50:50] -----------------------------------------------------------------------------------------------------------------------------------------------------------------------------------
[2023/09/21 18:50:50] [2023-09-21 18:50:50]  NEW BATTLE START
[2023/09/21 18:50:50] BattleID: 1   BattleLevel: 3   Issue: 13   20th.Round
[2023/09/21 18:50:50] RoundID: 1   MapPattern: 9   BattleMapID:  9   WorldMapID: 380   MapName: Hoµng Sa L©m Ngao Chi’n   RuleID: 6
[2023/09/21 18:50:50] -----------------------------------------------------------------------------------------------------------------------------------------------------------------------------------
[2023/09/21 18:50:50] =Hoπt ÆÈng Boss Ti”u xu t hi÷n=
[2023/09/21 19:00:50] =Hoπt ÆÈng Boss Ti”u xu t hi÷n=
[2023/09/21 19:00:50] Æang bao danh thi Æ u 'Th∏ch th¯c thÍi gian'
[2023/09/21 20:00:50] #NAME?
[2023/09/21 20:00:50] tianchimijing boss out
[2023/09/21 20:05:50] #NAME?
[2023/09/21 20:10:50] #NAME?
[2023/09/21 20:15:50] #NAME?
[2023/09/21 20:20:50] #NAME?
[2023/09/21 20:25:50] #NAME?
[2023/09/21 20:50:50] -----------------------------------------------------------------------------------------------------------------------------------------------------------------------------------
[2023/09/21 20:50:50] [2023-09-21 20:50:50]  NEW BATTLE START
[2023/09/21 20:50:50] BattleID: 1   BattleLevel: 1   Issue: 13   21th.Round
[2023/09/21 20:50:50] RoundID: 3   MapPattern: 12   BattleMapID:  14   WorldMapID: 378   MapName: Hoµng Sa L©m Ngao Chi’n   RuleID: 6
[2023/09/21 20:50:50] -----------------------------------------------------------------------------------------------------------------------------------------------------------------------------------
[2023/09/21 20:50:50] -----------------------------------------------------------------------------------------------------------------------------------------------------------------------------------
[2023/09/21 20:50:50] [2023-09-21 20:50:50]  NEW BATTLE START
[2023/09/21 20:50:50] BattleID: 1   BattleLevel: 2   Issue: 13   21th.Round
[2023/09/21 20:50:50] RoundID: 3   MapPattern: 12   BattleMapID:  14   WorldMapID: 379   MapName: Hoµng Sa L©m Ngao Chi’n   RuleID: 6
[2023/09/21 20:50:50] -----------------------------------------------------------------------------------------------------------------------------------------------------------------------------------
[2023/09/21 20:50:50] -----------------------------------------------------------------------------------------------------------------------------------------------------------------------------------
[2023/09/21 20:50:50] [2023-09-21 20:50:50]  NEW BATTLE START
[2023/09/21 20:50:50] BattleID: 1   BattleLevel: 3   Issue: 13   21th.Round
[2023/09/21 20:50:50] RoundID: 3   MapPattern: 12   BattleMapID:  14   WorldMapID: 380   MapName: Bπch M´n Nguy™n Chi’n   RuleID: 6
[2023/09/21 20:50:50] -----------------------------------------------------------------------------------------------------------------------------------------------------------------------------------
[2023/09/21 21:00:50] =Hoπt ÆÈng Boss Ti”u xu t hi÷n=
[2023/09/21 21:00:50] Æang bao danh thi Æ u 'Th∏ch th¯c thÍi gian'
[2023/09/21 21:10:50] =Hoπt ÆÈng Boss Ti”u xu t hi÷n=
[2023/09/21 21:20:50] =Hoπt ÆÈng Boss Ti”u xu t hi÷n=
[2023/09/21 21:30:50] =Hoπt ÆÈng Boss Ti”u xu t hi÷n=
[2023/09/21 21:40:50] =Hoπt ÆÈng Boss Ti”u xu t hi÷n=
[2023/09/21 21:45:25] HostConnection close: 127.0.0.1
[2023/09/21 21:45:25] ChatConnection close: 127.0.0.1
[2023/09/21 21:45:25] TongConnection close: 127.0.0.1
[2023/09/21 21:45:43] ChatConnection create: 127.0.0.1
[2023/09/21 21:45:43] TongConnection create: 127.0.0.1
[2023/09/21 21:45:43] HostConnection create: 127.0.0.1
[2023/09/21 21:45:48] GameServerLogin: 127.0.0.1
[2023/09/21 21:45:48] TongDataSendFinish: 127.0.0.1
[2023/09/21 21:45:49] Assign Dynamic map(986,65556) for GS:0
[2023/09/21 21:45:49] GS:0 Total Dynamic map:31
[2023/09/21 21:45:49] GS:0 Total Static map:19
[2023/09/21 21:45:49] Assign Dynamic map(986,65557) for GS:0
[2023/09/21 21:45:49] GS:0 Total Dynamic map:32
[2023/09/21 21:45:49] GS:0 Total Static map:19
[2023/09/21 21:45:49] Assign Dynamic map(986,65558) for GS:0
[2023/09/21 21:45:49] GS:0 Total Dynamic map:33
[2023/09/21 21:45:49] GS:0 Total Static map:19
[2023/09/21 21:45:49] Assign Dynamic map(986,65559) for GS:0
[2023/09/21 21:45:49] GS:0 Total Dynamic map:34
[2023/09/21 21:45:49] GS:0 Total Static map:19
[2023/09/21 21:45:49] Assign Dynamic map(986,65560) for GS:0
[2023/09/21 21:45:49] GS:0 Total Dynamic map:35
[2023/09/21 21:45:49] GS:0 Total Static map:19
[2023/09/21 21:45:49] Assign Dynamic map(976,65561) for GS:0
[2023/09/21 21:45:49] GS:0 Total Dynamic map:36
[2023/09/21 21:45:49] GS:0 Total Static map:19
[2023/09/21 21:45:49] Assign Dynamic map(976,65562) for GS:0
[2023/09/21 21:45:49] GS:0 Total Dynamic map:37
[2023/09/21 21:45:49] GS:0 Total Static map:19
[2023/09/21 21:45:49] Assign Dynamic map(976,65563) for GS:0
[2023/09/21 21:45:49] GS:0 Total Dynamic map:38
[2023/09/21 21:45:49] GS:0 Total Static map:19
[2023/09/21 21:45:49] Assign Dynamic map(976,65564) for GS:0
[2023/09/21 21:45:49] GS:0 Total Dynamic map:39
[2023/09/21 21:45:49] GS:0 Total Static map:19
[2023/09/21 21:45:49] Assign Dynamic map(976,65565) for GS:0
[2023/09/21 21:45:49] GS:0 Total Dynamic map:40
[2023/09/21 21:45:49] GS:0 Total Static map:19
[2023/09/21 21:45:49] Assign Dynamic map(988,65566) for GS:0
[2023/09/21 21:45:49] GS:0 Total Dynamic map:41
[2023/09/21 21:45:49] GS:0 Total Static map:19
[2023/09/21 21:45:49] Assign Dynamic map(988,65567) for GS:0
[2023/09/21 21:45:49] GS:0 Total Dynamic map:42
[2023/09/21 21:45:49] GS:0 Total Static map:19
[2023/09/21 21:45:49] Assign Dynamic map(988,65568) for GS:0
[2023/09/21 21:45:49] GS:0 Total Dynamic map:43
[2023/09/21 21:45:49] GS:0 Total Static map:19
[2023/09/21 21:45:49] Assign Dynamic map(988,65569) for GS:0
[2023/09/21 21:45:49] GS:0 Total Dynamic map:44
[2023/09/21 21:45:49] GS:0 Total Static map:19
[2023/09/21 21:45:49] Assign Dynamic map(988,65570) for GS:0
[2023/09/21 21:45:49] GS:0 Total Dynamic map:45
[2023/09/21 21:45:49] GS:0 Total Static map:19
[2023/09/21 21:45:49] Assign Dynamic map(975,65571) for GS:0
[2023/09/21 21:45:49] GS:0 Total Dynamic map:46
[2023/09/21 21:45:49] GS:0 Total Static map:19
[2023/09/21 21:45:49] Assign Dynamic map(975,65572) for GS:0
[2023/09/21 21:45:49] GS:0 Total Dynamic map:47
[2023/09/21 21:45:49] GS:0 Total Static map:19
[2023/09/21 21:45:49] Assign Dynamic map(975,65573) for GS:0
[2023/09/21 21:45:49] GS:0 Total Dynamic map:48
[2023/09/21 21:45:49] GS:0 Total Static map:19
[2023/09/21 21:45:49] Assign Dynamic map(975,65574) for GS:0
[2023/09/21 21:45:49] GS:0 Total Dynamic map:49
[2023/09/21 21:45:49] GS:0 Total Static map:19
[2023/09/21 21:45:49] Assign Dynamic map(975,65575) for GS:0
[2023/09/21 21:45:49] GS:0 Total Dynamic map:50
[2023/09/21 21:45:49] GS:0 Total Static map:19
[2023/09/21 21:50:50] =Hoπt ÆÈng Boss Ti”u xu t hi÷n=
[2023/09/21 22:00:50] Create Boss CÊ B∏ch,566,95,202,1647,3100,0----202309212200
[2023/09/21 22:00:50] Create Boss Huy“n Gi∏c ßπi S≠,740,95,10,1667,3055,0----202309212200
[2023/09/21 22:00:50] Create Boss ß≠Íng Phi Y’n,1366,95,75,1843,3169,1----202309212200
[2023/09/21 22:00:50] Create Boss Lam Y Y,582,95,199,1696,3034,1----202309212200
[2023/09/21 22:00:50] Create Boss Hµ Linh Phi™u,568,95,203,1471,2992,2----202309212200
[2023/09/21 22:00:50] Create Boss Y™n Hi”u Tr∏i,744,95,80,1538,3041,2----202309212200
[2023/09/21 22:00:50] Create Boss Mπnh Th≠¨ng L≠¨ng,583,95,226,1708,3346,3----202309212200
[2023/09/21 22:00:50] Create Boss Gia LuÀt Tﬁ Ly,563,95,205,1275,3059,3----202309212200
[2023/09/21 22:00:50] Create Boss ßπo Thanh Ch©n Nh©n,562,95,321,1007,2626,4----202309212200
[2023/09/21 22:00:50] Create Boss Tuy“n C¨ Tˆ,747,95,342,1516,2802,4----202309212200
[2023/09/21 22:00:50] =Hoπt ÆÈng Boss Ti”u xu t hi÷n=
[2023/09/21 22:15:50] GOLD BOSS COUNT :  0
[2023/09/21 22:15:50] Create Boss ßÈc C´ Thi™n Phong,1509,95,162,1336,3205,4----202309212215
[2023/09/21 22:50:50] -----------------------------------------------------------------------------------------------------------------------------------------------------------------------------------
[2023/09/21 22:50:50] [2023-09-21 22:50:50]  NEW BATTLE START
[2023/09/21 22:50:50] BattleID: 1   BattleLevel: 1   Issue: 13   22th.Round
[2023/09/21 22:50:50] RoundID: 7   MapPattern: 12   BattleMapID:  14   WorldMapID: 378   MapName: Hoµng Sa L©m Ngao Chi’n   RuleID: 6
[2023/09/21 22:50:50] -----------------------------------------------------------------------------------------------------------------------------------------------------------------------------------
[2023/09/21 22:50:50] -----------------------------------------------------------------------------------------------------------------------------------------------------------------------------------
[2023/09/21 22:50:50] [2023-09-21 22:50:50]  NEW BATTLE START
[2023/09/21 22:50:50] BattleID: 1   BattleLevel: 2   Issue: 13   22th.Round
[2023/09/21 22:50:50] RoundID: 7   MapPattern: 12   BattleMapID:  14   WorldMapID: 379   MapName: Li‘u Nguy™n Chi’n   RuleID: 6
[2023/09/21 22:50:50] -----------------------------------------------------------------------------------------------------------------------------------------------------------------------------------
[2023/09/21 22:50:50] -----------------------------------------------------------------------------------------------------------------------------------------------------------------------------------
[2023/09/21 22:50:50] [2023-09-21 22:50:50]  NEW BATTLE START
[2023/09/21 22:50:50] BattleID: 1   BattleLevel: 3   Issue: 13   22th.Round
[2023/09/21 22:50:50] RoundID: 7   MapPattern: 12   BattleMapID:  14   WorldMapID: 380   MapName: Hoµng Sa L©m Ngao Chi’n   RuleID: 6
[2023/09/21 22:50:50] -----------------------------------------------------------------------------------------------------------------------------------------------------------------------------------
[2023/09/21 23:00:50] Create Boss V≠¨ng T∏,739,95,202,1618,2950,0----202309212300
[2023/09/21 23:00:50] Create Boss Huy“n Nan ßπi S≠,1365,95,80,1934,2861,0----202309212300
[2023/09/21 23:00:50] Create Boss ß≠Íng B t Nhi‘m,741,95,10,1750,3193,1----202309212300
[2023/09/21 23:00:50] Create Boss Bπch Doanh Doanh,742,95,1,1436,2953,1----202309212300
[2023/09/21 23:00:50] Create Boss Thanh Tuy÷t S≠ Th∏i,743,95,205,1495,3110,2----202309212300
[2023/09/21 23:00:50] Create Boss Chung Linh TÛ,567,95,204,1403,3407,2----202309212300
[2023/09/21 23:00:50] Create Boss Hµ Nh©n Ng∑,745,95,11,2966,4807,3----202309212300
[2023/09/21 23:00:50] Create Boss ßoan MÈc Du÷,565,95,11,3252,5349,3----202309212300
[2023/09/21 23:00:50] Create Boss Tı ßπi Nhπc,1367,95,37,1535,2902,4----202309212300
[2023/09/21 23:00:50] Create Boss Thanh Li™n Tˆ,1368,95,80,1538,3041,4----202309212300
[2023/09/21 23:00:50] Æang bao danh thi Æ u 'Th∏ch th¯c thÍi gian'
[2023/09/22 00:00:50] KhÎi ÆÈng b∂o tr◊ bang hÈi.......................
[2023/09/22 00:00:50] ßang ti’n hµnh b∂o tr◊ bang:  Test
[2023/09/22 00:47:01] TongConnection close: 127.0.0.1
[2023/09/22 00:47:01] HostConnection close: 127.0.0.1
[2023/09/22 00:47:01] ChatConnection close: 127.0.0.1
[2023/09/22 00:47:05] SockThread stop success
[2023/09/22 00:47:05] S3Relay-ø™ ºπÿ±’£° S3Relay- bat dau dong lai! 
[2023/09/22 00:47:05] 
*
***** S3Relay Stop (@ 0000/00/00 00:-1178056:134778110.161490336) <<<<<
*


[2023/09/22 00:47:05] chat server shutdown
[2023/09/22 00:47:05] tong server shutdown
[2023/09/22 00:47:05] host server shutdown
[2023/09/22 00:47:05] stop autotimer for Ping: 192.168.1.200
