[2023/10/01 07:32:46] Delete event data: ShareKey(EVENT_cailuhongbao), Param1(-1), Param2(-1), Timeout(2010-3-30)
[2023/10/01 07:32:46] Delete event data: ShareKey(EVENT_MIDAUT_2010), Param1(-1), Param2(-1), Timeout(2010-10-19)
[2023/10/01 07:32:46] Delete event data: ShareKey(EVENT_dayanqunxia), Param1(-1), Param2(-1), Timeout(2011-3-20)
[2023/10/01 07:32:46] Delete event data: ShareKey(FUNC_RANK_EQUIPVALUE), Param1(-1), Param2(-1), Timeout()
[2023/10/01 07:32:46] Delete event data: ShareKey(EVENT_April_zhushuai), Param1(-1), Param2(-1), Timeout(2012-6-4)
[2023/10/01 07:32:46] Delete event data: ShareKey(EVENT_2012ChristmasDay), Param1(-1), Param2(-1), Timeout(2013-1-30)
[2023/10/01 07:32:46] Loading All Scripts....................
[2023/10/01 07:32:46] Load Rank FUNC_RANK_EQUIPVALUE
[2023/10/01 07:32:46] Load Stable Rank count 0
[2023/10/01 07:32:46] Load Dynamic Rank count 0
[2023/10/01 07:32:46] Load Rank FUNC_RANK_EQUIPVALUE end
[2023/10/01 07:32:46] 
All Scripts Have Been Loaded! Count = 88
[2023/10/01 07:32:46] root client[:0] create
[2023/10/01 07:32:48] start autotimer for Ping: 
[2023/10/01 07:32:48] TRIP_MODE: None
[2023/10/01 07:32:48] Loading World Setting...
[2023/10/01 07:32:48] Reset map ph„ b∂n thµnh c´ng
[2023/10/01 07:32:48] gateway client create: 127.0.0.1
[2023/10/01 07:32:48] 1 tong(s) loaded from tongex DB.
[2023/10/01 07:32:48] Load LeagueData: LeagueType: 4, Leagues: 7, Roles: 7
[2023/10/01 07:32:48] Load LeagueData: LeagueType: 500, Leagues: 2, Roles: 2
[2023/10/01 07:32:48] Load LeagueData: LeagueType: 502, Leagues: 11, Roles: 11
[2023/10/01 07:32:48] Load LeagueData: LeagueType: 535, Leagues: 2, Roles: 0
[2023/10/01 07:32:48] Load LeagueData: LeagueType: 538, Leagues: 1, Roles: 1
[2023/10/01 07:32:48] Load LeagueData: LeagueType: 10000, Leagues: 1, Roles: 7
[2023/10/01 07:32:48] KhÎi ÆÈng h÷ thËng Æ„ng mÎ c∏c ch¯c n®ng trong trﬂ ch¨i...
[2023/10/01 07:32:48] topten server sort list
[2023/10/01 07:32:48] topten server sort list
[2023/10/01 07:32:48] topten server sort list
[2023/10/01 07:32:48] =================GLOBALEXCUTECHAT=================
[2023/10/01 07:32:48] BATTLE[XiangYang] 9:30 startup...
[2023/10/01 07:32:48] BATTLE[XiangYang] 11:00 startup...
[2023/10/01 07:32:48] BATTLE[XiangYang] 13:00 startup...
[2023/10/01 07:32:48] BATTLE[XiangYang] 15:00 startup...
[2023/10/01 07:32:48] BATTLE[XiangYang] 17:00 startup...
[2023/10/01 07:32:48] BATTLE[XiangYang] 19:00 startup...
[2023/10/01 07:32:48] BATTLE[XiangYang] 20:00 startup...
[2023/10/01 07:32:48] BATTLE[XiangYang] 21:00 startup...
[2023/10/01 07:32:48] BATTLE[XiangYang] 22:00 startup...
[2023/10/01 07:32:48] BATTLE[XiangYang] 23:00 startup...
[2023/10/01 07:32:48] MAKE GOLDBOSS AT CITY OR OUTTER  :  22:00
[2023/10/01 07:32:48] MAKE BIG BOSS AT :  22:15
[2023/10/01 07:32:48] GOLD BOSS COUNT :  0
[2023/10/01 07:32:48] MAKE GOLDBOSS AT CITY OR OUTTER  :  23:00
[2023/10/01 07:32:48] MAKE BIG BOSS AT :  23:15
[2023/10/01 07:32:48] GOLD BOSS COUNT :  0
[2023/10/01 07:32:48] #NAME?
[2023/10/01 07:32:48] KhÎi ÆÈng h‰at ÆÈng Hoa Æ®ng0732
[2023/10/01 07:32:48] =====birthday0905 liehaozhu ## 8:0 ### 30 #? ?###=======
[2023/10/01 07:32:48] X„a d˜ li÷u qu∏i vÀt Hoµng kim trong database52301
[2023/10/01 07:32:48] X„a d˜ li÷u qu∏i vÀt Hoµng kim trong database51302
[2023/10/01 07:32:48] X„a d˜ li÷u qu∏i vÀt Hoµng kim trong database51102
[2023/10/01 07:32:48] X„a d˜ li÷u qu∏i vÀt Hoµng kim trong database135403
[2023/10/01 07:32:48] X„a d˜ li÷u qu∏i vÀt Hoµng kim trong database135604
[2023/10/01 07:32:48] X„a d˜ li÷u qu∏i vÀt Hoµng kim trong database135705
[2023/10/01 07:32:48] X„a d˜ li÷u qu∏i vÀt Hoµng kim trong database135206
[2023/10/01 07:32:48] X„a d˜ li÷u qu∏i vÀt Hoµng kim trong database135807
[2023/10/01 07:32:48] X„a d˜ li÷u qu∏i vÀt Hoµng kim trong database136008
[2023/10/01 07:32:48] X„a d˜ li÷u qu∏i vÀt Hoµng kim trong database135109
[2023/10/01 07:32:48] X„a d?li÷u qu∏i vÀt Hoµng kim trong database52301
[2023/10/01 07:32:48] X„a d?li÷u qu∏i vÀt Hoµng kim trong database51302
[2023/10/01 07:32:48] X„a d?li÷u qu∏i vÀt Hoµng kim trong database51102
[2023/10/01 07:32:48] X„a d?li÷u qu∏i vÀt Hoµng kim trong database135403
[2023/10/01 07:32:48] X„a d?li÷u qu∏i vÀt Hoµng kim trong database135604
[2023/10/01 07:32:48] X„a d?li÷u qu∏i vÀt Hoµng kim trong database135705
[2023/10/01 07:32:48] X„a d?li÷u qu∏i vÀt Hoµng kim trong database135206
[2023/10/01 07:32:48] X„a d?li÷u qu∏i vÀt Hoµng kim trong database135807
[2023/10/01 07:32:48] X„a d?li÷u qu∏i vÀt Hoµng kim trong database136008
[2023/10/01 07:32:48] X„a d?li÷u qu∏i vÀt Hoµng kim trong database135109
[2023/10/01 07:32:48] X„a d˜ li÷u qu∏i vÀt Hoµng kim trong database52301
[2023/10/01 07:32:48] X„a d˜ li÷u qu∏i vÀt Hoµng kim trong database51302
[2023/10/01 07:32:48] X„a d˜ li÷u qu∏i vÀt Hoµng kim trong database51102
[2023/10/01 07:32:48] X„a d˜ li÷u qu∏i vÀt Hoµng kim trong database135403
[2023/10/01 07:32:48] X„a d˜ li÷u qu∏i vÀt Hoµng kim trong database135604
[2023/10/01 07:32:48] X„a d˜ li÷u qu∏i vÀt Hoµng kim trong database135705
[2023/10/01 07:32:48] X„a d˜ li÷u qu∏i vÀt Hoµng kim trong database135206
[2023/10/01 07:32:48] X„a d˜ li÷u qu∏i vÀt Hoµng kim trong database135807
[2023/10/01 07:32:48] X„a d˜ li÷u qu∏i vÀt Hoµng kim trong database136008
[2023/10/01 07:32:48] X„a d˜ li÷u qu∏i vÀt Hoµng kim trong database135109
[2023/10/01 07:32:48] **************** TÊng Æi“u ÆÈng quËc chi’n tËng kim nhi÷m vÙ khÎi ÆÈng thµnh c´ng ****************
[2023/10/01 07:32:48] =================¥≥πÿªÓ∂Ø√ø»’≈≈––∞Ò==================
[2023/10/01 07:32:48] MAKE GOLDBOSS murongquan:  20:20
[2023/10/01 07:32:48] MAKE GOLDBOSS zhangxuan:  20:10
[2023/10/01 07:32:48] MAKE GOLDBOSS jinshiliang:  20:15
[2023/10/01 07:32:48] tianchimijing boss out
[2023/10/01 07:32:48] =================Phong l®ng ÆÈ==================
[2023/10/01 07:32:48] =================Phong l®ng ÆÈ==================
[2023/10/01 07:32:48] =================Phong l®ng ÆÈ==================
[2023/10/01 07:32:48] =================Phong l®ng ÆÈ==================
[2023/10/01 07:32:48] =================Phong l®ng ÆÈ==================
[2023/10/01 07:32:48] =================Phong l®ng ÆÈ==================
[2023/10/01 07:32:48] =================Phong l®ng ÆÈ==================
[2023/10/01 07:32:48] =================Phong l®ng ÆÈ==================
[2023/10/01 07:32:48] =================Phong l®ng ÆÈ==================
[2023/10/01 07:32:48] =================Phong l®ng ÆÈ==================
[2023/10/01 07:32:48] =================Phong l®ng ÆÈ==================
[2023/10/01 07:32:48] =================Phong l®ng ÆÈ==================
[2023/10/01 07:32:48] Nhiem vu khieu chien thoi gian (Vuot ai) - vao cac gio le trong ngay
[2023/10/01 07:32:48] Nhiem vu khieu chien thoi gian (Vuot ai) - vao cac gio le trong ngay
[2023/10/01 07:32:48] Nhiem vu khieu chien thoi gian (Vuot ai) - vao cac gio le trong ngay
[2023/10/01 07:32:48] Nhiem vu khieu chien thoi gian (Vuot ai) - vao cac gio le trong ngay
[2023/10/01 07:32:48] Nhiem vu khieu chien thoi gian (Vuot ai) - vao cac gio le trong ngay
[2023/10/01 07:32:48] Nhiem vu khieu chien thoi gian (Vuot ai) - vao cac gio le trong ngay
[2023/10/01 07:32:48] Nhiem vu khieu chien thoi gian (Vuot ai) - vao cac gio le trong ngay
[2023/10/01 07:32:48] Nhiem vu khieu chien thoi gian (Vuot ai) - vao cac gio le trong ngay
[2023/10/01 07:32:48] Nhiem vu khieu chien thoi gian (Vuot ai) - vao cac gio le trong ngay
[2023/10/01 07:32:48] Nhiem vu khieu chien thoi gian (Vuot ai) - vao cac gio le trong ngay
[2023/10/01 07:32:48] Nhiem vu khieu chien thoi gian (Vuot ai) - vao cac gio le trong ngay
[2023/10/01 07:32:48] Nhiem vu khieu chien thoi gian (Vuot ai) - vao cac gio le trong ngay
[2023/10/01 07:32:48] Failed to init statdatamanager!
[2023/10/01 07:32:48] [SGN]Failed to initialize.
[2023/10/01 07:32:48] S3Relay-∆Ù∂ØÕÍ±œ£° S3Relay- Khoi dong hoan tat! 
[2023/10/01 07:32:48] 
*
***** S3Relay Start (@ 170329504/00/43200 00:-7749976:135874861.136293495) >>>>>
*


[2023/10/01 07:32:48] SockThread start success
[2023/10/01 07:32:48] Game Module Is Started. -->Hoπt ÆÈng xu©n 2006
[2023/10/01 07:32:48] Game Module Is Started. -->OpenShop
[2023/10/01 07:32:48] Game Module Is Started. -->Thi÷p th´ng b∏o chÛc mıng mµu
[2023/10/01 07:32:48] Game Module Is Started. -->Thi÷p cuÈn
[2023/10/01 07:32:48] Game Module Is Started. -->PhÛc duy™n ph∏o hoa
[2023/10/01 07:32:48] Game Module Is Started. -->Truy“n c´ng
[2023/10/01 07:32:48] Game Module Is Started. -->L‘ vÀt t◊nh nh©n
[2023/10/01 07:32:48] Game Module Is Started. -->YANDIBAOZANG
[2023/10/01 07:32:48] Game Module Is Started. -->YANDIBAOZANG_TALK
[2023/10/01 07:32:48] Game Module Is Started. -->SWITH_DAIYITOUSHI
[2023/10/01 07:32:48] Game Module Is Started. -->chunjie2009_dangboss
[2023/10/01 07:33:08] ChatConnection create: 127.0.0.1
[2023/10/01 07:33:08] TongConnection create: 127.0.0.1
[2023/10/01 07:33:08] HostConnection create: 127.0.0.1
[2023/10/01 07:33:14] GameServerLogin: 127.0.0.1
[2023/10/01 07:33:14] TongDataSendFinish: 127.0.0.1
[2023/10/01 07:33:16] Assign Dynamic map(986,65536) for GS:0
[2023/10/01 07:33:16] GS:0 Total Dynamic map:1
[2023/10/01 07:33:16] GS:0 Total Static map:84
[2023/10/01 07:33:16] Assign Dynamic map(986,65537) for GS:0
[2023/10/01 07:33:16] GS:0 Total Dynamic map:2
[2023/10/01 07:33:16] GS:0 Total Static map:84
[2023/10/01 07:33:16] Assign Dynamic map(986,65538) for GS:0
[2023/10/01 07:33:16] GS:0 Total Dynamic map:3
[2023/10/01 07:33:16] GS:0 Total Static map:84
[2023/10/01 07:33:16] Assign Dynamic map(986,65539) for GS:0
[2023/10/01 07:33:16] GS:0 Total Dynamic map:4
[2023/10/01 07:33:16] GS:0 Total Static map:84
[2023/10/01 07:33:16] Assign Dynamic map(986,65540) for GS:0
[2023/10/01 07:33:16] GS:0 Total Dynamic map:5
[2023/10/01 07:33:16] GS:0 Total Static map:84
[2023/10/01 07:33:16] Assign Dynamic map(948,74488) for GS:0
[2023/10/01 07:33:16] GS:0 Total Dynamic map:6
[2023/10/01 07:33:16] GS:0 Total Static map:84
[2023/10/01 07:33:16] Assign Dynamic map(948,74489) for GS:0
[2023/10/01 07:33:16] GS:0 Total Dynamic map:7
[2023/10/01 07:33:16] GS:0 Total Static map:84
[2023/10/01 07:33:16] Assign Dynamic map(948,74490) for GS:0
[2023/10/01 07:33:16] GS:0 Total Dynamic map:8
[2023/10/01 07:33:16] GS:0 Total Static map:84
[2023/10/01 07:33:16] Assign Dynamic map(948,74491) for GS:0
[2023/10/01 07:33:16] GS:0 Total Dynamic map:9
[2023/10/01 07:33:16] GS:0 Total Static map:84
[2023/10/01 07:33:16] Assign Dynamic map(948,74492) for GS:0
[2023/10/01 07:33:16] GS:0 Total Dynamic map:10
[2023/10/01 07:33:16] GS:0 Total Static map:84
[2023/10/01 07:33:16] Assign Dynamic map(976,65541) for GS:0
[2023/10/01 07:33:16] GS:0 Total Dynamic map:11
[2023/10/01 07:33:16] GS:0 Total Static map:84
[2023/10/01 07:33:16] Assign Dynamic map(976,65542) for GS:0
[2023/10/01 07:33:16] GS:0 Total Dynamic map:12
[2023/10/01 07:33:16] GS:0 Total Static map:84
[2023/10/01 07:33:16] Assign Dynamic map(976,65543) for GS:0
[2023/10/01 07:33:16] GS:0 Total Dynamic map:13
[2023/10/01 07:33:16] GS:0 Total Static map:84
[2023/10/01 07:33:16] Assign Dynamic map(976,65544) for GS:0
[2023/10/01 07:33:16] GS:0 Total Dynamic map:14
[2023/10/01 07:33:16] GS:0 Total Static map:84
[2023/10/01 07:33:16] Assign Dynamic map(976,65545) for GS:0
[2023/10/01 07:33:16] GS:0 Total Dynamic map:15
[2023/10/01 07:33:16] GS:0 Total Static map:84
[2023/10/01 07:33:16] Assign Dynamic map(958,74493) for GS:0
[2023/10/01 07:33:16] GS:0 Total Dynamic map:16
[2023/10/01 07:33:16] GS:0 Total Static map:84
[2023/10/01 07:33:16] Assign Dynamic map(958,74494) for GS:0
[2023/10/01 07:33:16] GS:0 Total Dynamic map:17
[2023/10/01 07:33:16] GS:0 Total Static map:84
[2023/10/01 07:33:16] Assign Dynamic map(958,74495) for GS:0
[2023/10/01 07:33:16] GS:0 Total Dynamic map:18
[2023/10/01 07:33:16] GS:0 Total Static map:84
[2023/10/01 07:33:16] Assign Dynamic map(958,74496) for GS:0
[2023/10/01 07:33:16] GS:0 Total Dynamic map:19
[2023/10/01 07:33:16] GS:0 Total Static map:84
[2023/10/01 07:33:16] Assign Dynamic map(958,74497) for GS:0
[2023/10/01 07:33:16] GS:0 Total Dynamic map:20
[2023/10/01 07:33:16] GS:0 Total Static map:84
[2023/10/01 07:33:16] Assign Dynamic map(988,65546) for GS:0
[2023/10/01 07:33:16] GS:0 Total Dynamic map:21
[2023/10/01 07:33:16] GS:0 Total Static map:84
[2023/10/01 07:33:16] Assign Dynamic map(988,65547) for GS:0
[2023/10/01 07:33:16] GS:0 Total Dynamic map:22
[2023/10/01 07:33:16] GS:0 Total Static map:84
[2023/10/01 07:33:16] Assign Dynamic map(988,65548) for GS:0
[2023/10/01 07:33:16] GS:0 Total Dynamic map:23
[2023/10/01 07:33:16] GS:0 Total Static map:84
[2023/10/01 07:33:16] Assign Dynamic map(988,65549) for GS:0
[2023/10/01 07:33:16] GS:0 Total Dynamic map:24
[2023/10/01 07:33:16] GS:0 Total Static map:84
[2023/10/01 07:33:16] Assign Dynamic map(988,65550) for GS:0
[2023/10/01 07:33:16] GS:0 Total Dynamic map:25
[2023/10/01 07:33:16] GS:0 Total Static map:84
[2023/10/01 07:33:16] Assign Dynamic map(975,65551) for GS:0
[2023/10/01 07:33:16] GS:0 Total Dynamic map:26
[2023/10/01 07:33:16] GS:0 Total Static map:84
[2023/10/01 07:33:16] Assign Dynamic map(975,65552) for GS:0
[2023/10/01 07:33:16] GS:0 Total Dynamic map:27
[2023/10/01 07:33:16] GS:0 Total Static map:84
[2023/10/01 07:33:16] Assign Dynamic map(975,65553) for GS:0
[2023/10/01 07:33:16] GS:0 Total Dynamic map:28
[2023/10/01 07:33:16] GS:0 Total Static map:84
[2023/10/01 07:33:16] Assign Dynamic map(975,65554) for GS:0
[2023/10/01 07:33:16] GS:0 Total Dynamic map:29
[2023/10/01 07:33:16] GS:0 Total Static map:84
[2023/10/01 07:33:16] Assign Dynamic map(975,65555) for GS:0
[2023/10/01 07:33:16] GS:0 Total Dynamic map:30
[2023/10/01 07:33:16] GS:0 Total Static map:84
[2023/10/01 08:00:48] =Hoπt ÆÈng Boss Ti”u xu t hi÷n=
[2023/10/01 08:10:48] =Hoπt ÆÈng Boss Ti”u xu t hi÷n=
[2023/10/01 08:20:48] =Hoπt ÆÈng Boss Ti”u xu t hi÷n=
[2023/10/01 08:30:48] =Hoπt ÆÈng Boss Ti”u xu t hi÷n=
[2023/10/01 08:40:48] =Hoπt ÆÈng Boss Ti”u xu t hi÷n=
[2023/10/01 08:50:48] -----------------------------------------------------------------------------------------------------------------------------------------------------------------------------------
[2023/10/01 08:50:48] [2023-10-01 08:50:48]  NEW BATTLE START
[2023/10/01 08:50:48] BattleID: 1   BattleLevel: 1   Issue: 13   77th.Round
[2023/10/01 08:50:48] RoundID: 4   MapPattern: 11   BattleMapID:  12   WorldMapID: 378   MapName: NgÚ Ph≠¨ng Nguy™n Chi’n   RuleID: 6
[2023/10/01 08:50:48] -----------------------------------------------------------------------------------------------------------------------------------------------------------------------------------
[2023/10/01 08:50:48] -----------------------------------------------------------------------------------------------------------------------------------------------------------------------------------
[2023/10/01 08:50:48] [2023-10-01 08:50:48]  NEW BATTLE START
[2023/10/01 08:50:48] BattleID: 1   BattleLevel: 2   Issue: 13   77th.Round
[2023/10/01 08:50:48] RoundID: 4   MapPattern: 11   BattleMapID:  12   WorldMapID: 379   MapName: Li‘u Nguy™n Chi’n   RuleID: 6
[2023/10/01 08:50:48] -----------------------------------------------------------------------------------------------------------------------------------------------------------------------------------
[2023/10/01 08:50:48] -----------------------------------------------------------------------------------------------------------------------------------------------------------------------------------
[2023/10/01 08:50:48] [2023-10-01 08:50:48]  NEW BATTLE START
[2023/10/01 08:50:48] BattleID: 1   BattleLevel: 3   Issue: 13   77th.Round
[2023/10/01 08:50:48] RoundID: 5   MapPattern: 9   BattleMapID:  9   WorldMapID: 380   MapName: Hoµng Sa L©m Ngao Chi’n   RuleID: 6
[2023/10/01 08:50:48] -----------------------------------------------------------------------------------------------------------------------------------------------------------------------------------
[2023/10/01 08:50:48] =Hoπt ÆÈng Boss Ti”u xu t hi÷n=
[2023/10/01 09:00:48] =Hoπt ÆÈng Boss Ti”u xu t hi÷n=
[2023/10/01 09:00:48] Æang bao danh thi Æ u 'Th∏ch th¯c thÍi gian'
[2023/10/01 09:05:23] HostConnection close: 127.0.0.1
[2023/10/01 09:05:23] TongConnection close: 127.0.0.1
[2023/10/01 09:05:23] ChatConnection close: 127.0.0.1
[2023/10/01 09:05:26] SockThread stop success
[2023/10/01 09:05:26] S3Relay-ø™ ºπÿ±’£° S3Relay- bat dau dong lai! 
[2023/10/01 09:05:26] 
*
***** S3Relay Stop (@ 0000/00/00 00:-7749944:134778110.170329504) <<<<<
*


[2023/10/01 09:05:26] chat server shutdown
[2023/10/01 09:05:26] tong server shutdown
[2023/10/01 09:05:26] host server shutdown
[2023/10/01 09:05:26] stop autotimer for Ping: 192.168.1.200
[2023/10/01 09:05:26] S3Relay: ”ÎRelayRootµƒ¡¥Ω”∂œø™¡À -  cung voi RelayRoot lien tiep bi ngat quang - 192.168.1.200
