[2023/09/24 08:21:25] Delete event data: ShareKey(EVENT_cailuhongbao), Param1(-1), Param2(-1), Timeout(2010-3-30)
[2023/09/24 08:21:25] Delete event data: ShareKey(EVENT_MIDAUT_2010), Param1(-1), Param2(-1), Timeout(2010-10-19)
[2023/09/24 08:21:25] Delete event data: ShareKey(EVENT_dayanqunxia), Param1(-1), Param2(-1), Timeout(2011-3-20)
[2023/09/24 08:21:25] Delete event data: ShareKey(FUNC_RANK_EQUIPVALUE), Param1(-1), Param2(-1), Timeout()
[2023/09/24 08:21:25] Delete event data: ShareKey(EVENT_April_zhushuai), Param1(-1), Param2(-1), Timeout(2012-6-4)
[2023/09/24 08:21:25] Delete event data: ShareKey(EVENT_2012ChristmasDay), Param1(-1), Param2(-1), Timeout(2013-1-30)
[2023/09/24 08:21:25] Loading All Scripts....................
[2023/09/24 08:21:25] Load Rank FUNC_RANK_EQUIPVALUE
[2023/09/24 08:21:25] Load Stable Rank count 0
[2023/09/24 08:21:25] Load Dynamic Rank count 0
[2023/09/24 08:21:25] Load Rank FUNC_RANK_EQUIPVALUE end
[2023/09/24 08:21:25] 
All Scripts Have Been Loaded! Count = 88
[2023/09/24 08:21:25] root client[:0] create
[2023/09/24 08:21:27] start autotimer for Ping: 
[2023/09/24 08:21:27] gateway client create: 127.0.0.1
[2023/09/24 08:21:27] TRIP_MODE: None
[2023/09/24 08:21:27] Loading World Setting...
[2023/09/24 08:21:27] Reset map ph„ b∂n thµnh c´ng
[2023/09/24 08:21:27] 1 tong(s) loaded from tongex DB.
[2023/09/24 08:21:27] Load LeagueData: LeagueType: 4, Leagues: 7, Roles: 7
[2023/09/24 08:21:27] Load LeagueData: LeagueType: 500, Leagues: 2, Roles: 2
[2023/09/24 08:21:27] Load LeagueData: LeagueType: 502, Leagues: 11, Roles: 11
[2023/09/24 08:21:27] Load LeagueData: LeagueType: 538, Leagues: 1, Roles: 1
[2023/09/24 08:21:27] Load LeagueData: LeagueType: 10000, Leagues: 1, Roles: 7
[2023/09/24 08:21:27] KhÎi ÆÈng h÷ thËng Æ„ng mÎ c∏c ch¯c n®ng trong trﬂ ch¨i...
[2023/09/24 08:21:27] topten server sort list
[2023/09/24 08:21:27] topten server sort list
[2023/09/24 08:21:27] topten server sort list
[2023/09/24 08:21:27] =================GLOBALEXCUTECHAT=================
[2023/09/24 08:21:27] BATTLE[XiangYang] 9:30 startup...
[2023/09/24 08:21:27] BATTLE[XiangYang] 11:00 startup...
[2023/09/24 08:21:27] BATTLE[XiangYang] 13:00 startup...
[2023/09/24 08:21:27] BATTLE[XiangYang] 15:00 startup...
[2023/09/24 08:21:27] BATTLE[XiangYang] 17:00 startup...
[2023/09/24 08:21:27] BATTLE[XiangYang] 19:00 startup...
[2023/09/24 08:21:27] BATTLE[XiangYang] 21:00 startup...
[2023/09/24 08:21:27] BATTLE[XiangYang] 23:00 startup...
[2023/09/24 08:21:27] Ladder startup...
[2023/09/24 08:21:27] MAKE GOLDBOSS AT CITY OR OUTTER  :  22:00
[2023/09/24 08:21:27] MAKE BIG BOSS AT :  22:15
[2023/09/24 08:21:27] GOLD BOSS COUNT :  0
[2023/09/24 08:21:27] MAKE GOLDBOSS AT CITY OR OUTTER  :  23:00
[2023/09/24 08:21:27] º”‘ÿΩ≈±æŒƒº˛ake_new_big_boss_2315.lua ±≥ˆ¥Ì£¨«ÎºÏ≤È”Ô∑®. Gia tai file Van ban goc [] gio bi sai, xin kiem tra ngu phap. 
[2023/09/24 08:21:27] #NAME?
[2023/09/24 08:21:27] KhÎi ÆÈng h‰at ÆÈng Hoa Æ®ng0821
[2023/09/24 08:21:27] =====birthday0905 liehaozhu ## 8:30 ### 30 #? ?###=======
[2023/09/24 08:21:27] X„a d˜ li÷u qu∏i vÀt Hoµng kim trong database52301
[2023/09/24 08:21:27] X„a d˜ li÷u qu∏i vÀt Hoµng kim trong database51302
[2023/09/24 08:21:27] X„a d˜ li÷u qu∏i vÀt Hoµng kim trong database51102
[2023/09/24 08:21:27] X„a d˜ li÷u qu∏i vÀt Hoµng kim trong database135403
[2023/09/24 08:21:27] X„a d˜ li÷u qu∏i vÀt Hoµng kim trong database135604
[2023/09/24 08:21:27] X„a d˜ li÷u qu∏i vÀt Hoµng kim trong database135705
[2023/09/24 08:21:27] X„a d˜ li÷u qu∏i vÀt Hoµng kim trong database135206
[2023/09/24 08:21:27] X„a d˜ li÷u qu∏i vÀt Hoµng kim trong database135807
[2023/09/24 08:21:27] X„a d˜ li÷u qu∏i vÀt Hoµng kim trong database136008
[2023/09/24 08:21:27] X„a d˜ li÷u qu∏i vÀt Hoµng kim trong database135109
[2023/09/24 08:21:27] X„a d?li÷u qu∏i vÀt Hoµng kim trong database52301
[2023/09/24 08:21:27] X„a d?li÷u qu∏i vÀt Hoµng kim trong database51302
[2023/09/24 08:21:27] X„a d?li÷u qu∏i vÀt Hoµng kim trong database51102
[2023/09/24 08:21:27] X„a d?li÷u qu∏i vÀt Hoµng kim trong database135403
[2023/09/24 08:21:27] X„a d?li÷u qu∏i vÀt Hoµng kim trong database135604
[2023/09/24 08:21:27] X„a d?li÷u qu∏i vÀt Hoµng kim trong database135705
[2023/09/24 08:21:27] X„a d?li÷u qu∏i vÀt Hoµng kim trong database135206
[2023/09/24 08:21:27] X„a d?li÷u qu∏i vÀt Hoµng kim trong database135807
[2023/09/24 08:21:27] X„a d?li÷u qu∏i vÀt Hoµng kim trong database136008
[2023/09/24 08:21:27] X„a d?li÷u qu∏i vÀt Hoµng kim trong database135109
[2023/09/24 08:21:27] X„a d˜ li÷u qu∏i vÀt Hoµng kim trong database52301
[2023/09/24 08:21:27] X„a d˜ li÷u qu∏i vÀt Hoµng kim trong database51302
[2023/09/24 08:21:27] X„a d˜ li÷u qu∏i vÀt Hoµng kim trong database51102
[2023/09/24 08:21:27] X„a d˜ li÷u qu∏i vÀt Hoµng kim trong database135403
[2023/09/24 08:21:27] X„a d˜ li÷u qu∏i vÀt Hoµng kim trong database135604
[2023/09/24 08:21:27] X„a d˜ li÷u qu∏i vÀt Hoµng kim trong database135705
[2023/09/24 08:21:27] X„a d˜ li÷u qu∏i vÀt Hoµng kim trong database135206
[2023/09/24 08:21:27] X„a d˜ li÷u qu∏i vÀt Hoµng kim trong database135807
[2023/09/24 08:21:27] X„a d˜ li÷u qu∏i vÀt Hoµng kim trong database136008
[2023/09/24 08:21:27] X„a d˜ li÷u qu∏i vÀt Hoµng kim trong database135109
[2023/09/24 08:21:27] **************** TÊng Æi“u ÆÈng quËc chi’n tËng kim nhi÷m vÙ khÎi ÆÈng thµnh c´ng ****************
[2023/09/24 08:21:27] =================¥≥πÿªÓ∂Ø√ø»’≈≈––∞Ò==================
[2023/09/24 08:21:27] MAKE GOLDBOSS murongquan:  20:20
[2023/09/24 08:21:27] MAKE GOLDBOSS zhangxuan:  20:10
[2023/09/24 08:21:27] MAKE GOLDBOSS jinshiliang:  20:15
[2023/09/24 08:21:27] tianchimijing boss out
[2023/09/24 08:21:27] =================Phong l®ng ÆÈ==================
[2023/09/24 08:21:27] =================Phong l®ng ÆÈ==================
[2023/09/24 08:21:27] =================Phong l®ng ÆÈ==================
[2023/09/24 08:21:27] =================Phong l®ng ÆÈ==================
[2023/09/24 08:21:27] =================Phong l®ng ÆÈ==================
[2023/09/24 08:21:27] =================Phong l®ng ÆÈ==================
[2023/09/24 08:21:27] =================Phong l®ng ÆÈ==================
[2023/09/24 08:21:27] =================Phong l®ng ÆÈ==================
[2023/09/24 08:21:27] =================Phong l®ng ÆÈ==================
[2023/09/24 08:21:27] =================Phong l®ng ÆÈ==================
[2023/09/24 08:21:27] =================Phong l®ng ÆÈ==================
[2023/09/24 08:21:27] =================Phong l®ng ÆÈ==================
[2023/09/24 08:21:27] Nhiem vu khieu chien thoi gian (Vuot ai) - vao cac gio le trong ngay
[2023/09/24 08:21:27] Nhiem vu khieu chien thoi gian (Vuot ai) - vao cac gio le trong ngay
[2023/09/24 08:21:27] Nhiem vu khieu chien thoi gian (Vuot ai) - vao cac gio le trong ngay
[2023/09/24 08:21:27] Nhiem vu khieu chien thoi gian (Vuot ai) - vao cac gio le trong ngay
[2023/09/24 08:21:27] Nhiem vu khieu chien thoi gian (Vuot ai) - vao cac gio le trong ngay
[2023/09/24 08:21:27] Nhiem vu khieu chien thoi gian (Vuot ai) - vao cac gio le trong ngay
[2023/09/24 08:21:27] Nhiem vu khieu chien thoi gian (Vuot ai) - vao cac gio le trong ngay
[2023/09/24 08:21:27] Nhiem vu khieu chien thoi gian (Vuot ai) - vao cac gio le trong ngay
[2023/09/24 08:21:27] Nhiem vu khieu chien thoi gian (Vuot ai) - vao cac gio le trong ngay
[2023/09/24 08:21:27] Nhiem vu khieu chien thoi gian (Vuot ai) - vao cac gio le trong ngay
[2023/09/24 08:21:27] Nhiem vu khieu chien thoi gian (Vuot ai) - vao cac gio le trong ngay
[2023/09/24 08:21:27] Nhiem vu khieu chien thoi gian (Vuot ai) - vao cac gio le trong ngay
[2023/09/24 08:21:27] Failed to init statdatamanager!
[2023/09/24 08:21:27] [SGN]Failed to initialize.
[2023/09/24 08:21:27] S3Relay-∆Ù∂ØÕÍ±œ£° S3Relay- Khoi dong hoan tat! 
[2023/09/24 08:21:27] 
*
***** S3Relay Start (@ 170755488/00/43200 00:-7833528:135874861.136293495) >>>>>
*


[2023/09/24 08:21:27] SockThread start success
[2023/09/24 08:21:27] Game Module Is Started. -->Hoπt ÆÈng xu©n 2006
[2023/09/24 08:21:27] Game Module Is Started. -->OpenShop
[2023/09/24 08:21:27] Game Module Is Started. -->Thi÷p th´ng b∏o chÛc mıng mµu
[2023/09/24 08:21:27] Game Module Is Started. -->Thi÷p cuÈn
[2023/09/24 08:21:27] Game Module Is Started. -->PhÛc duy™n ph∏o hoa
[2023/09/24 08:21:27] Game Module Is Started. -->Truy“n c´ng
[2023/09/24 08:21:27] Game Module Is Started. -->L‘ vÀt t◊nh nh©n
[2023/09/24 08:21:27] Game Module Is Started. -->YANDIBAOZANG
[2023/09/24 08:21:27] Game Module Is Started. -->YANDIBAOZANG_TALK
[2023/09/24 08:21:27] Game Module Is Started. -->SWITH_DAIYITOUSHI
[2023/09/24 08:21:27] Game Module Is Started. -->chunjie2009_dangboss
[2023/09/24 08:21:27] SDBLadder Loaded
[2023/09/24 08:21:46] TongConnection create: 127.0.0.1
[2023/09/24 08:21:46] ChatConnection create: 127.0.0.1
[2023/09/24 08:21:46] HostConnection create: 127.0.0.1
[2023/09/24 08:21:49] GameServerLogin: 127.0.0.1
[2023/09/24 08:21:49] TongDataSendFinish: 127.0.0.1
[2023/09/24 08:21:50] Assign Dynamic map(986,65536) for GS:0
[2023/09/24 08:21:50] GS:0 Total Dynamic map:1
[2023/09/24 08:21:50] GS:0 Total Static map:19
[2023/09/24 08:21:50] Assign Dynamic map(986,65537) for GS:0
[2023/09/24 08:21:50] GS:0 Total Dynamic map:2
[2023/09/24 08:21:50] GS:0 Total Static map:19
[2023/09/24 08:21:50] Assign Dynamic map(986,65538) for GS:0
[2023/09/24 08:21:50] GS:0 Total Dynamic map:3
[2023/09/24 08:21:50] GS:0 Total Static map:19
[2023/09/24 08:21:50] Assign Dynamic map(986,65539) for GS:0
[2023/09/24 08:21:50] GS:0 Total Dynamic map:4
[2023/09/24 08:21:50] GS:0 Total Static map:19
[2023/09/24 08:21:50] Assign Dynamic map(986,65540) for GS:0
[2023/09/24 08:21:50] GS:0 Total Dynamic map:5
[2023/09/24 08:21:50] GS:0 Total Static map:19
[2023/09/24 08:21:50] Assign Dynamic map(948,74038) for GS:0
[2023/09/24 08:21:50] GS:0 Total Dynamic map:6
[2023/09/24 08:21:50] GS:0 Total Static map:19
[2023/09/24 08:21:50] Assign Dynamic map(948,74039) for GS:0
[2023/09/24 08:21:50] GS:0 Total Dynamic map:7
[2023/09/24 08:21:50] GS:0 Total Static map:19
[2023/09/24 08:21:50] Assign Dynamic map(948,74040) for GS:0
[2023/09/24 08:21:50] GS:0 Total Dynamic map:8
[2023/09/24 08:21:50] GS:0 Total Static map:19
[2023/09/24 08:21:50] Assign Dynamic map(948,74041) for GS:0
[2023/09/24 08:21:50] GS:0 Total Dynamic map:9
[2023/09/24 08:21:50] GS:0 Total Static map:19
[2023/09/24 08:21:50] Assign Dynamic map(948,74042) for GS:0
[2023/09/24 08:21:50] GS:0 Total Dynamic map:10
[2023/09/24 08:21:50] GS:0 Total Static map:19
[2023/09/24 08:21:50] Assign Dynamic map(976,65541) for GS:0
[2023/09/24 08:21:50] GS:0 Total Dynamic map:11
[2023/09/24 08:21:50] GS:0 Total Static map:19
[2023/09/24 08:21:50] Assign Dynamic map(976,65542) for GS:0
[2023/09/24 08:21:50] GS:0 Total Dynamic map:12
[2023/09/24 08:21:50] GS:0 Total Static map:19
[2023/09/24 08:21:50] Assign Dynamic map(976,65543) for GS:0
[2023/09/24 08:21:50] GS:0 Total Dynamic map:13
[2023/09/24 08:21:50] GS:0 Total Static map:19
[2023/09/24 08:21:50] Assign Dynamic map(976,65544) for GS:0
[2023/09/24 08:21:50] GS:0 Total Dynamic map:14
[2023/09/24 08:21:50] GS:0 Total Static map:19
[2023/09/24 08:21:50] Assign Dynamic map(976,65545) for GS:0
[2023/09/24 08:21:50] GS:0 Total Dynamic map:15
[2023/09/24 08:21:50] GS:0 Total Static map:19
[2023/09/24 08:21:50] Assign Dynamic map(958,74043) for GS:0
[2023/09/24 08:21:50] GS:0 Total Dynamic map:16
[2023/09/24 08:21:50] GS:0 Total Static map:19
[2023/09/24 08:21:50] Assign Dynamic map(958,74044) for GS:0
[2023/09/24 08:21:50] GS:0 Total Dynamic map:17
[2023/09/24 08:21:50] GS:0 Total Static map:19
[2023/09/24 08:21:50] Assign Dynamic map(958,74045) for GS:0
[2023/09/24 08:21:50] GS:0 Total Dynamic map:18
[2023/09/24 08:21:50] GS:0 Total Static map:19
[2023/09/24 08:21:50] Assign Dynamic map(958,74046) for GS:0
[2023/09/24 08:21:50] GS:0 Total Dynamic map:19
[2023/09/24 08:21:50] GS:0 Total Static map:19
[2023/09/24 08:21:50] Assign Dynamic map(958,74047) for GS:0
[2023/09/24 08:21:50] GS:0 Total Dynamic map:20
[2023/09/24 08:21:50] GS:0 Total Static map:19
[2023/09/24 08:21:50] Assign Dynamic map(988,65546) for GS:0
[2023/09/24 08:21:50] GS:0 Total Dynamic map:21
[2023/09/24 08:21:50] GS:0 Total Static map:19
[2023/09/24 08:21:50] Assign Dynamic map(988,65547) for GS:0
[2023/09/24 08:21:50] GS:0 Total Dynamic map:22
[2023/09/24 08:21:50] GS:0 Total Static map:19
[2023/09/24 08:21:50] Assign Dynamic map(988,65548) for GS:0
[2023/09/24 08:21:50] GS:0 Total Dynamic map:23
[2023/09/24 08:21:50] GS:0 Total Static map:19
[2023/09/24 08:21:50] Assign Dynamic map(988,65549) for GS:0
[2023/09/24 08:21:50] GS:0 Total Dynamic map:24
[2023/09/24 08:21:50] GS:0 Total Static map:19
[2023/09/24 08:21:50] Assign Dynamic map(988,65550) for GS:0
[2023/09/24 08:21:50] GS:0 Total Dynamic map:25
[2023/09/24 08:21:50] GS:0 Total Static map:19
[2023/09/24 08:21:50] Assign Dynamic map(975,65551) for GS:0
[2023/09/24 08:21:50] GS:0 Total Dynamic map:26
[2023/09/24 08:21:50] GS:0 Total Static map:19
[2023/09/24 08:21:50] Assign Dynamic map(975,65552) for GS:0
[2023/09/24 08:21:50] GS:0 Total Dynamic map:27
[2023/09/24 08:21:50] GS:0 Total Static map:19
[2023/09/24 08:21:50] Assign Dynamic map(975,65553) for GS:0
[2023/09/24 08:21:50] GS:0 Total Dynamic map:28
[2023/09/24 08:21:50] GS:0 Total Static map:19
[2023/09/24 08:21:50] Assign Dynamic map(975,65554) for GS:0
[2023/09/24 08:21:50] GS:0 Total Dynamic map:29
[2023/09/24 08:21:50] GS:0 Total Static map:19
[2023/09/24 08:21:50] Assign Dynamic map(975,65555) for GS:0
[2023/09/24 08:21:50] GS:0 Total Dynamic map:30
[2023/09/24 08:21:50] GS:0 Total Static map:19
[2023/09/24 08:30:27] =Hoπt ÆÈng Boss Ti”u xu t hi÷n=
[2023/09/24 08:40:27] =Hoπt ÆÈng Boss Ti”u xu t hi÷n=
[2023/09/24 08:50:27] -----------------------------------------------------------------------------------------------------------------------------------------------------------------------------------
[2023/09/24 08:50:27] [2023-09-24 08:50:27]  NEW BATTLE START
[2023/09/24 08:50:27] BattleID: 1   BattleLevel: 1   Issue: 13   37th.Round
[2023/09/24 08:50:27] RoundID: 7   MapPattern: 12   BattleMapID:  14   WorldMapID: 378   MapName: NgÚ Ph≠¨ng Nguy™n Chi’n   RuleID: 6
[2023/09/24 08:50:27] -----------------------------------------------------------------------------------------------------------------------------------------------------------------------------------
[2023/09/24 08:50:27] -----------------------------------------------------------------------------------------------------------------------------------------------------------------------------------
[2023/09/24 08:50:27] [2023-09-24 08:50:27]  NEW BATTLE START
[2023/09/24 08:50:27] BattleID: 1   BattleLevel: 2   Issue: 13   37th.Round
[2023/09/24 08:50:27] RoundID: 7   MapPattern: 12   BattleMapID:  14   WorldMapID: 379   MapName: Li‘u Nguy™n Chi’n   RuleID: 6
[2023/09/24 08:50:27] -----------------------------------------------------------------------------------------------------------------------------------------------------------------------------------
[2023/09/24 08:50:27] -----------------------------------------------------------------------------------------------------------------------------------------------------------------------------------
[2023/09/24 08:50:27] [2023-09-24 08:50:27]  NEW BATTLE START
[2023/09/24 08:50:27] BattleID: 1   BattleLevel: 3   Issue: 13   37th.Round
[2023/09/24 08:50:27] RoundID: 7   MapPattern: 12   BattleMapID:  14   WorldMapID: 380   MapName: Hoµng Sa L©m Ngao Chi’n   RuleID: 6
[2023/09/24 08:50:27] -----------------------------------------------------------------------------------------------------------------------------------------------------------------------------------
[2023/09/24 08:50:27] =Hoπt ÆÈng Boss Ti”u xu t hi÷n=
[2023/09/24 08:59:09] HostConnection close: 127.0.0.1
[2023/09/24 08:59:09] TongConnection close: 127.0.0.1
[2023/09/24 08:59:09] ChatConnection close: 127.0.0.1
[2023/09/24 08:59:28] ChatConnection create: 127.0.0.1
[2023/09/24 08:59:28] TongConnection create: 127.0.0.1
[2023/09/24 08:59:28] HostConnection create: 127.0.0.1
[2023/09/24 08:59:32] GameServerLogin: 127.0.0.1
[2023/09/24 08:59:32] TongDataSendFinish: 127.0.0.1
[2023/09/24 08:59:34] Assign Dynamic map(986,65556) for GS:0
[2023/09/24 08:59:34] GS:0 Total Dynamic map:31
[2023/09/24 08:59:34] GS:0 Total Static map:19
[2023/09/24 08:59:34] Assign Dynamic map(986,65557) for GS:0
[2023/09/24 08:59:34] GS:0 Total Dynamic map:32
[2023/09/24 08:59:34] GS:0 Total Static map:19
[2023/09/24 08:59:34] Assign Dynamic map(986,65558) for GS:0
[2023/09/24 08:59:34] GS:0 Total Dynamic map:33
[2023/09/24 08:59:34] GS:0 Total Static map:19
[2023/09/24 08:59:34] Assign Dynamic map(986,65559) for GS:0
[2023/09/24 08:59:34] GS:0 Total Dynamic map:34
[2023/09/24 08:59:34] GS:0 Total Static map:19
[2023/09/24 08:59:34] Assign Dynamic map(986,65560) for GS:0
[2023/09/24 08:59:34] GS:0 Total Dynamic map:35
[2023/09/24 08:59:34] GS:0 Total Static map:19
[2023/09/24 08:59:34] Assign Dynamic map(976,65561) for GS:0
[2023/09/24 08:59:34] GS:0 Total Dynamic map:36
[2023/09/24 08:59:34] GS:0 Total Static map:19
[2023/09/24 08:59:34] Assign Dynamic map(976,65562) for GS:0
[2023/09/24 08:59:34] GS:0 Total Dynamic map:37
[2023/09/24 08:59:34] GS:0 Total Static map:19
[2023/09/24 08:59:34] Assign Dynamic map(976,65563) for GS:0
[2023/09/24 08:59:34] GS:0 Total Dynamic map:38
[2023/09/24 08:59:34] GS:0 Total Static map:19
[2023/09/24 08:59:34] Assign Dynamic map(976,65564) for GS:0
[2023/09/24 08:59:34] GS:0 Total Dynamic map:39
[2023/09/24 08:59:34] GS:0 Total Static map:19
[2023/09/24 08:59:34] Assign Dynamic map(976,65565) for GS:0
[2023/09/24 08:59:34] GS:0 Total Dynamic map:40
[2023/09/24 08:59:34] GS:0 Total Static map:19
[2023/09/24 08:59:34] Assign Dynamic map(988,65566) for GS:0
[2023/09/24 08:59:34] GS:0 Total Dynamic map:41
[2023/09/24 08:59:34] GS:0 Total Static map:19
[2023/09/24 08:59:34] Assign Dynamic map(988,65567) for GS:0
[2023/09/24 08:59:34] GS:0 Total Dynamic map:42
[2023/09/24 08:59:34] GS:0 Total Static map:19
[2023/09/24 08:59:34] Assign Dynamic map(988,65568) for GS:0
[2023/09/24 08:59:34] GS:0 Total Dynamic map:43
[2023/09/24 08:59:34] GS:0 Total Static map:19
[2023/09/24 08:59:34] Assign Dynamic map(988,65569) for GS:0
[2023/09/24 08:59:34] GS:0 Total Dynamic map:44
[2023/09/24 08:59:34] GS:0 Total Static map:19
[2023/09/24 08:59:34] Assign Dynamic map(988,65570) for GS:0
[2023/09/24 08:59:34] GS:0 Total Dynamic map:45
[2023/09/24 08:59:34] GS:0 Total Static map:19
[2023/09/24 08:59:34] Assign Dynamic map(975,65571) for GS:0
[2023/09/24 08:59:34] GS:0 Total Dynamic map:46
[2023/09/24 08:59:34] GS:0 Total Static map:19
[2023/09/24 08:59:34] Assign Dynamic map(975,65572) for GS:0
[2023/09/24 08:59:34] GS:0 Total Dynamic map:47
[2023/09/24 08:59:34] GS:0 Total Static map:19
[2023/09/24 08:59:34] Assign Dynamic map(975,65573) for GS:0
[2023/09/24 08:59:34] GS:0 Total Dynamic map:48
[2023/09/24 08:59:34] GS:0 Total Static map:19
[2023/09/24 08:59:34] Assign Dynamic map(975,65574) for GS:0
[2023/09/24 08:59:34] GS:0 Total Dynamic map:49
[2023/09/24 08:59:34] GS:0 Total Static map:19
[2023/09/24 08:59:34] Assign Dynamic map(975,65575) for GS:0
[2023/09/24 08:59:34] GS:0 Total Dynamic map:50
[2023/09/24 08:59:34] GS:0 Total Static map:19
[2023/09/24 09:00:27] =Hoπt ÆÈng Boss Ti”u xu t hi÷n=
