[2023/09/22 12:57:50] Delete event data: ShareKey(EVENT_cailuhongbao), Param1(-1), Param2(-1), Timeout(2010-3-30)
[2023/09/22 12:57:50] Delete event data: ShareKey(EVENT_MIDAUT_2010), Param1(-1), Param2(-1), Timeout(2010-10-19)
[2023/09/22 12:57:50] Delete event data: ShareKey(EVENT_dayanqunxia), Param1(-1), Param2(-1), Timeout(2011-3-20)
[2023/09/22 12:57:50] Delete event data: ShareKey(FUNC_RANK_EQUIPVALUE), Param1(-1), Param2(-1), Timeout()
[2023/09/22 12:57:50] Delete event data: ShareKey(EVENT_April_zhushuai), Param1(-1), Param2(-1), Timeout(2012-6-4)
[2023/09/22 12:57:50] Delete event data: ShareKey(EVENT_2012ChristmasDay), Param1(-1), Param2(-1), Timeout(2013-1-30)
[2023/09/22 12:57:50] Loading All Scripts....................
[2023/09/22 12:57:50] Load Rank FUNC_RANK_EQUIPVALUE
[2023/09/22 12:57:50] Load Stable Rank count 0
[2023/09/22 12:57:50] Load Dynamic Rank count 0
[2023/09/22 12:57:50] Load Rank FUNC_RANK_EQUIPVALUE end
[2023/09/22 12:57:50] 
All Scripts Have Been Loaded! Count = 88
[2023/09/22 12:57:50] root client[:0] create
[2023/09/22 12:57:52] start autotimer for Ping: 
[2023/09/22 12:57:52] TRIP_MODE: None
[2023/09/22 12:57:52] Loading World Setting...
[2023/09/22 12:57:52] Reset map ph„ b∂n thµnh c´ng
[2023/09/22 12:57:52] 1 tong(s) loaded from tongex DB.
[2023/09/22 12:57:52] gateway client create: 127.0.0.1
[2023/09/22 12:57:52] Load LeagueData: LeagueType: 4, Leagues: 7, Roles: 7
[2023/09/22 12:57:52] Load LeagueData: LeagueType: 500, Leagues: 2, Roles: 2
[2023/09/22 12:57:52] Load LeagueData: LeagueType: 502, Leagues: 11, Roles: 11
[2023/09/22 12:57:52] Load LeagueData: LeagueType: 538, Leagues: 1, Roles: 1
[2023/09/22 12:57:52] Load LeagueData: LeagueType: 10000, Leagues: 1, Roles: 7
[2023/09/22 12:57:52] KhÎi ÆÈng h÷ thËng Æ„ng mÎ c∏c ch¯c n®ng trong trﬂ ch¨i...
[2023/09/22 12:57:52] topten server sort list
[2023/09/22 12:57:52] topten server sort list
[2023/09/22 12:57:52] topten server sort list
[2023/09/22 12:57:52] =================GLOBALEXCUTECHAT=================
[2023/09/22 12:57:52] BATTLE[XiangYang] 9:30 startup...
[2023/09/22 12:57:52] BATTLE[XiangYang] 11:00 startup...
[2023/09/22 12:57:52] BATTLE[XiangYang] 13:00 startup...
[2023/09/22 12:57:52] BATTLE[XiangYang] 15:00 startup...
[2023/09/22 12:57:52] BATTLE[XiangYang] 17:00 startup...
[2023/09/22 12:57:52] BATTLE[XiangYang] 19:00 startup...
[2023/09/22 12:57:52] BATTLE[XiangYang] 21:00 startup...
[2023/09/22 12:57:52] BATTLE[XiangYang] 23:00 startup...
[2023/09/22 12:57:52] Ladder startup...
[2023/09/22 12:57:52] MAKE GOLDBOSS AT CITY OR OUTTER  :  22:00
[2023/09/22 12:57:52] MAKE BIG BOSS AT :  22:15
[2023/09/22 12:57:52] GOLD BOSS COUNT :  0
[2023/09/22 12:57:52] MAKE GOLDBOSS AT CITY OR OUTTER  :  23:00
[2023/09/22 12:57:52] º”‘ÿΩ≈±æŒƒº˛ake_new_big_boss_2315.lua ±≥ˆ¥Ì£¨«ÎºÏ≤È”Ô∑®. Gia tai file Van ban goc [] gio bi sai, xin kiem tra ngu phap. 
[2023/09/22 12:57:52] #NAME?
[2023/09/22 12:57:52] KhÎi ÆÈng h‰at ÆÈng Hoa Æ®ng1257
[2023/09/22 12:57:52] =====birthday0905 liehaozhu ## 13:0 ### 30 #? ?###=======
[2023/09/22 12:57:52] X„a d˜ li÷u qu∏i vÀt Hoµng kim trong database52301
[2023/09/22 12:57:52] X„a d˜ li÷u qu∏i vÀt Hoµng kim trong database51302
[2023/09/22 12:57:52] X„a d˜ li÷u qu∏i vÀt Hoµng kim trong database51102
[2023/09/22 12:57:52] X„a d˜ li÷u qu∏i vÀt Hoµng kim trong database135403
[2023/09/22 12:57:52] X„a d˜ li÷u qu∏i vÀt Hoµng kim trong database135604
[2023/09/22 12:57:52] X„a d˜ li÷u qu∏i vÀt Hoµng kim trong database135705
[2023/09/22 12:57:52] X„a d˜ li÷u qu∏i vÀt Hoµng kim trong database135206
[2023/09/22 12:57:52] X„a d˜ li÷u qu∏i vÀt Hoµng kim trong database135807
[2023/09/22 12:57:52] X„a d˜ li÷u qu∏i vÀt Hoµng kim trong database136008
[2023/09/22 12:57:52] X„a d˜ li÷u qu∏i vÀt Hoµng kim trong database135109
[2023/09/22 12:57:52] X„a d?li÷u qu∏i vÀt Hoµng kim trong database52301
[2023/09/22 12:57:52] X„a d?li÷u qu∏i vÀt Hoµng kim trong database51302
[2023/09/22 12:57:52] X„a d?li÷u qu∏i vÀt Hoµng kim trong database51102
[2023/09/22 12:57:52] X„a d?li÷u qu∏i vÀt Hoµng kim trong database135403
[2023/09/22 12:57:52] X„a d?li÷u qu∏i vÀt Hoµng kim trong database135604
[2023/09/22 12:57:52] X„a d?li÷u qu∏i vÀt Hoµng kim trong database135705
[2023/09/22 12:57:52] X„a d?li÷u qu∏i vÀt Hoµng kim trong database135206
[2023/09/22 12:57:52] X„a d?li÷u qu∏i vÀt Hoµng kim trong database135807
[2023/09/22 12:57:52] X„a d?li÷u qu∏i vÀt Hoµng kim trong database136008
[2023/09/22 12:57:52] X„a d?li÷u qu∏i vÀt Hoµng kim trong database135109
[2023/09/22 12:57:52] X„a d˜ li÷u qu∏i vÀt Hoµng kim trong database52301
[2023/09/22 12:57:52] X„a d˜ li÷u qu∏i vÀt Hoµng kim trong database51302
[2023/09/22 12:57:52] X„a d˜ li÷u qu∏i vÀt Hoµng kim trong database51102
[2023/09/22 12:57:52] X„a d˜ li÷u qu∏i vÀt Hoµng kim trong database135403
[2023/09/22 12:57:52] X„a d˜ li÷u qu∏i vÀt Hoµng kim trong database135604
[2023/09/22 12:57:52] X„a d˜ li÷u qu∏i vÀt Hoµng kim trong database135705
[2023/09/22 12:57:52] X„a d˜ li÷u qu∏i vÀt Hoµng kim trong database135206
[2023/09/22 12:57:52] X„a d˜ li÷u qu∏i vÀt Hoµng kim trong database135807
[2023/09/22 12:57:52] X„a d˜ li÷u qu∏i vÀt Hoµng kim trong database136008
[2023/09/22 12:57:52] X„a d˜ li÷u qu∏i vÀt Hoµng kim trong database135109
[2023/09/22 12:57:52] **************** TÊng Æi“u ÆÈng quËc chi’n tËng kim nhi÷m vÙ khÎi ÆÈng thµnh c´ng ****************
[2023/09/22 12:57:52] =================¥≥πÿªÓ∂Ø√ø»’≈≈––∞Ò==================
[2023/09/22 12:57:52] MAKE GOLDBOSS murongquan:  20:20
[2023/09/22 12:57:52] MAKE GOLDBOSS zhangxuan:  20:10
[2023/09/22 12:57:52] MAKE GOLDBOSS jinshiliang:  20:15
[2023/09/22 12:57:52] tianchimijing boss out
[2023/09/22 12:57:52] =================Phong l®ng ÆÈ==================
[2023/09/22 12:57:52] =================Phong l®ng ÆÈ==================
[2023/09/22 12:57:52] =================Phong l®ng ÆÈ==================
[2023/09/22 12:57:52] =================Phong l®ng ÆÈ==================
[2023/09/22 12:57:52] =================Phong l®ng ÆÈ==================
[2023/09/22 12:57:52] =================Phong l®ng ÆÈ==================
[2023/09/22 12:57:52] =================Phong l®ng ÆÈ==================
[2023/09/22 12:57:52] =================Phong l®ng ÆÈ==================
[2023/09/22 12:57:52] =================Phong l®ng ÆÈ==================
[2023/09/22 12:57:52] =================Phong l®ng ÆÈ==================
[2023/09/22 12:57:52] =================Phong l®ng ÆÈ==================
[2023/09/22 12:57:52] =================Phong l®ng ÆÈ==================
[2023/09/22 12:57:52] Nhiem vu khieu chien thoi gian (Vuot ai) - vao cac gio le trong ngay
[2023/09/22 12:57:52] Nhiem vu khieu chien thoi gian (Vuot ai) - vao cac gio le trong ngay
[2023/09/22 12:57:52] Nhiem vu khieu chien thoi gian (Vuot ai) - vao cac gio le trong ngay
[2023/09/22 12:57:52] Nhiem vu khieu chien thoi gian (Vuot ai) - vao cac gio le trong ngay
[2023/09/22 12:57:52] Nhiem vu khieu chien thoi gian (Vuot ai) - vao cac gio le trong ngay
[2023/09/22 12:57:52] Nhiem vu khieu chien thoi gian (Vuot ai) - vao cac gio le trong ngay
[2023/09/22 12:57:52] Nhiem vu khieu chien thoi gian (Vuot ai) - vao cac gio le trong ngay
[2023/09/22 12:57:52] Nhiem vu khieu chien thoi gian (Vuot ai) - vao cac gio le trong ngay
[2023/09/22 12:57:52] Nhiem vu khieu chien thoi gian (Vuot ai) - vao cac gio le trong ngay
[2023/09/22 12:57:52] Nhiem vu khieu chien thoi gian (Vuot ai) - vao cac gio le trong ngay
[2023/09/22 12:57:52] Nhiem vu khieu chien thoi gian (Vuot ai) - vao cac gio le trong ngay
[2023/09/22 12:57:52] Nhiem vu khieu chien thoi gian (Vuot ai) - vao cac gio le trong ngay
[2023/09/22 12:57:52] Failed to init statdatamanager!
[2023/09/22 12:57:52] [SGN]Failed to initialize.
[2023/09/22 12:57:52] S3Relay-∆Ù∂ØÕÍ±œ£° S3Relay- Khoi dong hoan tat! 
[2023/09/22 12:57:52] 
*
***** S3Relay Start (@ 152237472/00/43200 00:-4509784:135874861.136293495) >>>>>
*


[2023/09/22 12:57:52] SockThread start success
[2023/09/22 12:57:52] Game Module Is Started. -->Hoπt ÆÈng xu©n 2006
[2023/09/22 12:57:52] Game Module Is Started. -->OpenShop
[2023/09/22 12:57:52] Game Module Is Started. -->Thi÷p th´ng b∏o chÛc mıng mµu
[2023/09/22 12:57:52] Game Module Is Started. -->Thi÷p cuÈn
[2023/09/22 12:57:52] Game Module Is Started. -->PhÛc duy™n ph∏o hoa
[2023/09/22 12:57:52] Game Module Is Started. -->Truy“n c´ng
[2023/09/22 12:57:52] Game Module Is Started. -->L‘ vÀt t◊nh nh©n
[2023/09/22 12:57:52] Game Module Is Started. -->YANDIBAOZANG
[2023/09/22 12:57:52] Game Module Is Started. -->YANDIBAOZANG_TALK
[2023/09/22 12:57:52] Game Module Is Started. -->SWITH_DAIYITOUSHI
[2023/09/22 12:57:52] Game Module Is Started. -->chunjie2009_dangboss
[2023/09/22 12:57:52] SDBLadder Loaded
[2023/09/22 13:00:52] Æang bao danh thi Æ u 'Th∏ch th¯c thÍi gian'
[2023/09/22 13:01:10] ChatConnection create: 127.0.0.1
[2023/09/22 13:01:10] TongConnection create: 127.0.0.1
[2023/09/22 13:01:10] HostConnection create: 127.0.0.1
[2023/09/22 13:01:14] GameServerLogin: 127.0.0.1
[2023/09/22 13:01:14] TongDataSendFinish: 127.0.0.1
[2023/09/22 13:01:16] Assign Dynamic map(986,65536) for GS:0
[2023/09/22 13:01:16] GS:0 Total Dynamic map:1
[2023/09/22 13:01:16] GS:0 Total Static map:19
[2023/09/22 13:01:16] Assign Dynamic map(986,65537) for GS:0
[2023/09/22 13:01:16] GS:0 Total Dynamic map:2
[2023/09/22 13:01:16] GS:0 Total Static map:19
[2023/09/22 13:01:16] Assign Dynamic map(986,65538) for GS:0
[2023/09/22 13:01:16] GS:0 Total Dynamic map:3
[2023/09/22 13:01:16] GS:0 Total Static map:19
[2023/09/22 13:01:16] Assign Dynamic map(986,65539) for GS:0
[2023/09/22 13:01:16] GS:0 Total Dynamic map:4
[2023/09/22 13:01:16] GS:0 Total Static map:19
[2023/09/22 13:01:16] Assign Dynamic map(986,65540) for GS:0
[2023/09/22 13:01:16] GS:0 Total Dynamic map:5
[2023/09/22 13:01:16] GS:0 Total Static map:19
[2023/09/22 13:01:16] Assign Dynamic map(948,73984) for GS:0
[2023/09/22 13:01:16] GS:0 Total Dynamic map:6
[2023/09/22 13:01:16] GS:0 Total Static map:19
[2023/09/22 13:01:16] Assign Dynamic map(948,73985) for GS:0
[2023/09/22 13:01:16] GS:0 Total Dynamic map:7
[2023/09/22 13:01:16] GS:0 Total Static map:19
[2023/09/22 13:01:16] Assign Dynamic map(948,73986) for GS:0
[2023/09/22 13:01:16] GS:0 Total Dynamic map:8
[2023/09/22 13:01:16] GS:0 Total Static map:19
[2023/09/22 13:01:16] Assign Dynamic map(948,73987) for GS:0
[2023/09/22 13:01:16] GS:0 Total Dynamic map:9
[2023/09/22 13:01:16] GS:0 Total Static map:19
[2023/09/22 13:01:16] Assign Dynamic map(948,73988) for GS:0
[2023/09/22 13:01:16] GS:0 Total Dynamic map:10
[2023/09/22 13:01:16] GS:0 Total Static map:19
[2023/09/22 13:01:16] Assign Dynamic map(976,65541) for GS:0
[2023/09/22 13:01:16] GS:0 Total Dynamic map:11
[2023/09/22 13:01:16] GS:0 Total Static map:19
[2023/09/22 13:01:16] Assign Dynamic map(976,65542) for GS:0
[2023/09/22 13:01:16] GS:0 Total Dynamic map:12
[2023/09/22 13:01:16] GS:0 Total Static map:19
[2023/09/22 13:01:16] Assign Dynamic map(976,65543) for GS:0
[2023/09/22 13:01:16] GS:0 Total Dynamic map:13
[2023/09/22 13:01:16] GS:0 Total Static map:19
[2023/09/22 13:01:16] Assign Dynamic map(976,65544) for GS:0
[2023/09/22 13:01:16] GS:0 Total Dynamic map:14
[2023/09/22 13:01:16] GS:0 Total Static map:19
[2023/09/22 13:01:16] Assign Dynamic map(976,65545) for GS:0
[2023/09/22 13:01:16] GS:0 Total Dynamic map:15
[2023/09/22 13:01:16] GS:0 Total Static map:19
[2023/09/22 13:01:16] Assign Dynamic map(958,73989) for GS:0
[2023/09/22 13:01:16] GS:0 Total Dynamic map:16
[2023/09/22 13:01:16] GS:0 Total Static map:19
[2023/09/22 13:01:16] Assign Dynamic map(958,73990) for GS:0
[2023/09/22 13:01:16] GS:0 Total Dynamic map:17
[2023/09/22 13:01:16] GS:0 Total Static map:19
[2023/09/22 13:01:16] Assign Dynamic map(958,73991) for GS:0
[2023/09/22 13:01:16] GS:0 Total Dynamic map:18
[2023/09/22 13:01:16] GS:0 Total Static map:19
[2023/09/22 13:01:16] Assign Dynamic map(958,73992) for GS:0
[2023/09/22 13:01:16] GS:0 Total Dynamic map:19
[2023/09/22 13:01:16] GS:0 Total Static map:19
[2023/09/22 13:01:16] Assign Dynamic map(958,73993) for GS:0
[2023/09/22 13:01:16] GS:0 Total Dynamic map:20
[2023/09/22 13:01:16] GS:0 Total Static map:19
[2023/09/22 13:01:16] Assign Dynamic map(988,65546) for GS:0
[2023/09/22 13:01:16] GS:0 Total Dynamic map:21
[2023/09/22 13:01:16] GS:0 Total Static map:19
[2023/09/22 13:01:16] Assign Dynamic map(988,65547) for GS:0
[2023/09/22 13:01:16] GS:0 Total Dynamic map:22
[2023/09/22 13:01:16] GS:0 Total Static map:19
[2023/09/22 13:01:16] Assign Dynamic map(988,65548) for GS:0
[2023/09/22 13:01:16] GS:0 Total Dynamic map:23
[2023/09/22 13:01:16] GS:0 Total Static map:19
[2023/09/22 13:01:16] Assign Dynamic map(988,65549) for GS:0
[2023/09/22 13:01:16] GS:0 Total Dynamic map:24
[2023/09/22 13:01:16] GS:0 Total Static map:19
[2023/09/22 13:01:16] Assign Dynamic map(988,65550) for GS:0
[2023/09/22 13:01:16] GS:0 Total Dynamic map:25
[2023/09/22 13:01:16] GS:0 Total Static map:19
[2023/09/22 13:01:16] Assign Dynamic map(975,65551) for GS:0
[2023/09/22 13:01:16] GS:0 Total Dynamic map:26
[2023/09/22 13:01:16] GS:0 Total Static map:19
[2023/09/22 13:01:16] Assign Dynamic map(975,65552) for GS:0
[2023/09/22 13:01:16] GS:0 Total Dynamic map:27
[2023/09/22 13:01:16] GS:0 Total Static map:19
[2023/09/22 13:01:16] Assign Dynamic map(975,65553) for GS:0
[2023/09/22 13:01:16] GS:0 Total Dynamic map:28
[2023/09/22 13:01:16] GS:0 Total Static map:19
[2023/09/22 13:01:16] Assign Dynamic map(975,65554) for GS:0
[2023/09/22 13:01:16] GS:0 Total Dynamic map:29
[2023/09/22 13:01:16] GS:0 Total Static map:19
[2023/09/22 13:01:16] Assign Dynamic map(975,65555) for GS:0
[2023/09/22 13:01:16] GS:0 Total Dynamic map:30
[2023/09/22 13:01:16] GS:0 Total Static map:19
[2023/09/22 13:04:12] ChatConnection close: 127.0.0.1
[2023/09/22 13:04:12] HostConnection close: 127.0.0.1
[2023/09/22 13:04:12] TongConnection close: 127.0.0.1
[2023/09/22 13:04:31] ChatConnection create: 127.0.0.1
[2023/09/22 13:04:31] TongConnection create: 127.0.0.1
[2023/09/22 13:04:31] HostConnection create: 127.0.0.1
[2023/09/22 13:04:35] GameServerLogin: 127.0.0.1
[2023/09/22 13:04:35] TongDataSendFinish: 127.0.0.1
[2023/09/22 13:04:36] Assign Dynamic map(986,65556) for GS:0
[2023/09/22 13:04:36] GS:0 Total Dynamic map:31
[2023/09/22 13:04:36] GS:0 Total Static map:19
[2023/09/22 13:04:36] Assign Dynamic map(986,65557) for GS:0
[2023/09/22 13:04:36] GS:0 Total Dynamic map:32
[2023/09/22 13:04:36] GS:0 Total Static map:19
[2023/09/22 13:04:36] Assign Dynamic map(986,65558) for GS:0
[2023/09/22 13:04:36] GS:0 Total Dynamic map:33
[2023/09/22 13:04:36] GS:0 Total Static map:19
[2023/09/22 13:04:36] Assign Dynamic map(986,65559) for GS:0
[2023/09/22 13:04:36] GS:0 Total Dynamic map:34
[2023/09/22 13:04:36] GS:0 Total Static map:19
[2023/09/22 13:04:36] Assign Dynamic map(986,65560) for GS:0
[2023/09/22 13:04:36] GS:0 Total Dynamic map:35
[2023/09/22 13:04:36] GS:0 Total Static map:19
[2023/09/22 13:04:36] Assign Dynamic map(976,65561) for GS:0
[2023/09/22 13:04:36] GS:0 Total Dynamic map:36
[2023/09/22 13:04:36] GS:0 Total Static map:19
[2023/09/22 13:04:36] Assign Dynamic map(976,65562) for GS:0
[2023/09/22 13:04:36] GS:0 Total Dynamic map:37
[2023/09/22 13:04:36] GS:0 Total Static map:19
[2023/09/22 13:04:36] Assign Dynamic map(976,65563) for GS:0
[2023/09/22 13:04:36] GS:0 Total Dynamic map:38
[2023/09/22 13:04:36] GS:0 Total Static map:19
[2023/09/22 13:04:36] Assign Dynamic map(976,65564) for GS:0
[2023/09/22 13:04:36] GS:0 Total Dynamic map:39
[2023/09/22 13:04:36] GS:0 Total Static map:19
[2023/09/22 13:04:36] Assign Dynamic map(976,65565) for GS:0
[2023/09/22 13:04:36] GS:0 Total Dynamic map:40
[2023/09/22 13:04:36] GS:0 Total Static map:19
[2023/09/22 13:04:36] Assign Dynamic map(988,65566) for GS:0
[2023/09/22 13:04:36] GS:0 Total Dynamic map:41
[2023/09/22 13:04:36] GS:0 Total Static map:19
[2023/09/22 13:04:36] Assign Dynamic map(988,65567) for GS:0
[2023/09/22 13:04:36] GS:0 Total Dynamic map:42
[2023/09/22 13:04:36] GS:0 Total Static map:19
[2023/09/22 13:04:36] Assign Dynamic map(988,65568) for GS:0
[2023/09/22 13:04:36] GS:0 Total Dynamic map:43
[2023/09/22 13:04:36] GS:0 Total Static map:19
[2023/09/22 13:04:36] Assign Dynamic map(988,65569) for GS:0
[2023/09/22 13:04:36] GS:0 Total Dynamic map:44
[2023/09/22 13:04:36] GS:0 Total Static map:19
[2023/09/22 13:04:36] Assign Dynamic map(988,65570) for GS:0
[2023/09/22 13:04:36] GS:0 Total Dynamic map:45
[2023/09/22 13:04:36] GS:0 Total Static map:19
[2023/09/22 13:04:36] Assign Dynamic map(975,65571) for GS:0
[2023/09/22 13:04:36] GS:0 Total Dynamic map:46
[2023/09/22 13:04:36] GS:0 Total Static map:19
[2023/09/22 13:04:36] Assign Dynamic map(975,65572) for GS:0
[2023/09/22 13:04:36] GS:0 Total Dynamic map:47
[2023/09/22 13:04:36] GS:0 Total Static map:19
[2023/09/22 13:04:36] Assign Dynamic map(975,65573) for GS:0
[2023/09/22 13:04:36] GS:0 Total Dynamic map:48
[2023/09/22 13:04:36] GS:0 Total Static map:19
[2023/09/22 13:04:36] Assign Dynamic map(975,65574) for GS:0
[2023/09/22 13:04:36] GS:0 Total Dynamic map:49
[2023/09/22 13:04:36] GS:0 Total Static map:19
[2023/09/22 13:04:36] Assign Dynamic map(975,65575) for GS:0
[2023/09/22 13:04:36] GS:0 Total Dynamic map:50
[2023/09/22 13:04:36] GS:0 Total Static map:19
[2023/09/22 13:07:03] HostConnection close: 127.0.0.1
[2023/09/22 13:07:03] TongConnection close: 127.0.0.1
[2023/09/22 13:07:03] ChatConnection close: 127.0.0.1
[2023/09/22 13:07:22] ChatConnection create: 127.0.0.1
[2023/09/22 13:07:22] TongConnection create: 127.0.0.1
[2023/09/22 13:07:22] HostConnection create: 127.0.0.1
[2023/09/22 13:07:26] GameServerLogin: 127.0.0.1
[2023/09/22 13:07:26] TongDataSendFinish: 127.0.0.1
[2023/09/22 13:07:27] Assign Dynamic map(986,65576) for GS:0
[2023/09/22 13:07:27] GS:0 Total Dynamic map:51
[2023/09/22 13:07:27] GS:0 Total Static map:19
[2023/09/22 13:07:27] Assign Dynamic map(986,65577) for GS:0
[2023/09/22 13:07:27] GS:0 Total Dynamic map:52
[2023/09/22 13:07:27] GS:0 Total Static map:19
[2023/09/22 13:07:27] Assign Dynamic map(986,65578) for GS:0
[2023/09/22 13:07:27] GS:0 Total Dynamic map:53
[2023/09/22 13:07:27] GS:0 Total Static map:19
[2023/09/22 13:07:27] Assign Dynamic map(986,65579) for GS:0
[2023/09/22 13:07:27] GS:0 Total Dynamic map:54
[2023/09/22 13:07:27] GS:0 Total Static map:19
[2023/09/22 13:07:27] Assign Dynamic map(986,65580) for GS:0
[2023/09/22 13:07:27] GS:0 Total Dynamic map:55
[2023/09/22 13:07:27] GS:0 Total Static map:19
[2023/09/22 13:07:27] Assign Dynamic map(976,65581) for GS:0
[2023/09/22 13:07:27] GS:0 Total Dynamic map:56
[2023/09/22 13:07:27] GS:0 Total Static map:19
[2023/09/22 13:07:27] Assign Dynamic map(976,65582) for GS:0
[2023/09/22 13:07:27] GS:0 Total Dynamic map:57
[2023/09/22 13:07:27] GS:0 Total Static map:19
[2023/09/22 13:07:27] Assign Dynamic map(976,65583) for GS:0
[2023/09/22 13:07:27] GS:0 Total Dynamic map:58
[2023/09/22 13:07:27] GS:0 Total Static map:19
[2023/09/22 13:07:27] Assign Dynamic map(976,65584) for GS:0
[2023/09/22 13:07:27] GS:0 Total Dynamic map:59
[2023/09/22 13:07:27] GS:0 Total Static map:19
[2023/09/22 13:07:27] Assign Dynamic map(976,65585) for GS:0
[2023/09/22 13:07:27] GS:0 Total Dynamic map:60
[2023/09/22 13:07:27] GS:0 Total Static map:19
[2023/09/22 13:07:27] Assign Dynamic map(988,65586) for GS:0
[2023/09/22 13:07:27] GS:0 Total Dynamic map:61
[2023/09/22 13:07:27] GS:0 Total Static map:19
[2023/09/22 13:07:27] Assign Dynamic map(988,65587) for GS:0
[2023/09/22 13:07:27] GS:0 Total Dynamic map:62
[2023/09/22 13:07:27] GS:0 Total Static map:19
[2023/09/22 13:07:27] Assign Dynamic map(988,65588) for GS:0
[2023/09/22 13:07:27] GS:0 Total Dynamic map:63
[2023/09/22 13:07:27] GS:0 Total Static map:19
[2023/09/22 13:07:27] Assign Dynamic map(988,65589) for GS:0
[2023/09/22 13:07:27] GS:0 Total Dynamic map:64
[2023/09/22 13:07:27] GS:0 Total Static map:19
[2023/09/22 13:07:27] Assign Dynamic map(988,65590) for GS:0
[2023/09/22 13:07:27] GS:0 Total Dynamic map:65
[2023/09/22 13:07:27] GS:0 Total Static map:19
[2023/09/22 13:07:27] Assign Dynamic map(975,65591) for GS:0
[2023/09/22 13:07:27] GS:0 Total Dynamic map:66
[2023/09/22 13:07:27] GS:0 Total Static map:19
[2023/09/22 13:07:27] Assign Dynamic map(975,65592) for GS:0
[2023/09/22 13:07:27] GS:0 Total Dynamic map:67
[2023/09/22 13:07:27] GS:0 Total Static map:19
[2023/09/22 13:07:27] Assign Dynamic map(975,65593) for GS:0
[2023/09/22 13:07:27] GS:0 Total Dynamic map:68
[2023/09/22 13:07:27] GS:0 Total Static map:19
[2023/09/22 13:07:27] Assign Dynamic map(975,65594) for GS:0
[2023/09/22 13:07:27] GS:0 Total Dynamic map:69
[2023/09/22 13:07:27] GS:0 Total Static map:19
[2023/09/22 13:07:27] Assign Dynamic map(975,65595) for GS:0
[2023/09/22 13:07:27] GS:0 Total Dynamic map:70
[2023/09/22 13:07:27] GS:0 Total Static map:19
[2023/09/22 14:00:52] =Hoπt ÆÈng Boss Ti”u xu t hi÷n=
[2023/09/22 14:10:52] =Hoπt ÆÈng Boss Ti”u xu t hi÷n=
[2023/09/22 14:20:52] =Hoπt ÆÈng Boss Ti”u xu t hi÷n=
[2023/09/22 14:30:52] =Hoπt ÆÈng Boss Ti”u xu t hi÷n=
[2023/09/22 14:40:52] =Hoπt ÆÈng Boss Ti”u xu t hi÷n=
[2023/09/22 14:50:52] -----------------------------------------------------------------------------------------------------------------------------------------------------------------------------------
[2023/09/22 14:50:52] [2023-09-22 14:50:52]  NEW BATTLE START
[2023/09/22 14:50:52] BattleID: 1   BattleLevel: 1   Issue: 13   26th.Round
[2023/09/22 14:50:52] RoundID: 3   MapPattern: 12   BattleMapID:  14   WorldMapID: 378   MapName: NgÚ Ph≠¨ng Nguy™n Chi’n   RuleID: 6
[2023/09/22 14:50:52] -----------------------------------------------------------------------------------------------------------------------------------------------------------------------------------
[2023/09/22 14:50:52] -----------------------------------------------------------------------------------------------------------------------------------------------------------------------------------
[2023/09/22 14:50:52] [2023-09-22 14:50:52]  NEW BATTLE START
[2023/09/22 14:50:52] BattleID: 1   BattleLevel: 2   Issue: 13   26th.Round
[2023/09/22 14:50:52] RoundID: 3   MapPattern: 12   BattleMapID:  14   WorldMapID: 379   MapName: Li‘u Nguy™n Chi’n   RuleID: 6
[2023/09/22 14:50:52] -----------------------------------------------------------------------------------------------------------------------------------------------------------------------------------
[2023/09/22 14:50:52] -----------------------------------------------------------------------------------------------------------------------------------------------------------------------------------
[2023/09/22 14:50:52] [2023-09-22 14:50:52]  NEW BATTLE START
[2023/09/22 14:50:52] BattleID: 1   BattleLevel: 3   Issue: 13   26th.Round
[2023/09/22 14:50:52] RoundID: 3   MapPattern: 12   BattleMapID:  14   WorldMapID: 380   MapName: Hoµng Sa L©m Ngao Chi’n   RuleID: 6
[2023/09/22 14:50:52] -----------------------------------------------------------------------------------------------------------------------------------------------------------------------------------
[2023/09/22 14:50:52] =Hoπt ÆÈng Boss Ti”u xu t hi÷n=
[2023/09/22 15:00:52] =Hoπt ÆÈng Boss Ti”u xu t hi÷n=
[2023/09/22 15:00:52] Æang bao danh thi Æ u 'Th∏ch th¯c thÍi gian'
[2023/09/22 16:00:22] ChatConnection close: 127.0.0.1
[2023/09/22 16:00:22] TongConnection close: 127.0.0.1
[2023/09/22 16:00:22] HostConnection close: 127.0.0.1
[2023/09/22 16:00:40] ChatConnection create: 127.0.0.1
[2023/09/22 16:00:40] TongConnection create: 127.0.0.1
[2023/09/22 16:00:40] HostConnection create: 127.0.0.1
[2023/09/22 16:00:44] GameServerLogin: 127.0.0.1
[2023/09/22 16:00:44] TongDataSendFinish: 127.0.0.1
[2023/09/22 16:00:45] Assign Dynamic map(986,65596) for GS:0
[2023/09/22 16:00:45] GS:0 Total Dynamic map:71
[2023/09/22 16:00:45] GS:0 Total Static map:19
[2023/09/22 16:00:45] Assign Dynamic map(986,65597) for GS:0
[2023/09/22 16:00:45] GS:0 Total Dynamic map:72
[2023/09/22 16:00:45] GS:0 Total Static map:19
[2023/09/22 16:00:45] Assign Dynamic map(986,65598) for GS:0
[2023/09/22 16:00:45] GS:0 Total Dynamic map:73
[2023/09/22 16:00:45] GS:0 Total Static map:19
[2023/09/22 16:00:45] Assign Dynamic map(986,65599) for GS:0
[2023/09/22 16:00:45] GS:0 Total Dynamic map:74
[2023/09/22 16:00:45] GS:0 Total Static map:19
[2023/09/22 16:00:45] Assign Dynamic map(986,65600) for GS:0
[2023/09/22 16:00:45] GS:0 Total Dynamic map:75
[2023/09/22 16:00:45] GS:0 Total Static map:19
[2023/09/22 16:00:45] Assign Dynamic map(976,65601) for GS:0
[2023/09/22 16:00:45] GS:0 Total Dynamic map:76
[2023/09/22 16:00:45] GS:0 Total Static map:19
[2023/09/22 16:00:45] Assign Dynamic map(976,65602) for GS:0
[2023/09/22 16:00:45] GS:0 Total Dynamic map:77
[2023/09/22 16:00:45] GS:0 Total Static map:19
[2023/09/22 16:00:45] Assign Dynamic map(976,65603) for GS:0
[2023/09/22 16:00:45] GS:0 Total Dynamic map:78
[2023/09/22 16:00:45] GS:0 Total Static map:19
[2023/09/22 16:00:45] Assign Dynamic map(976,65604) for GS:0
[2023/09/22 16:00:45] GS:0 Total Dynamic map:79
[2023/09/22 16:00:45] GS:0 Total Static map:19
[2023/09/22 16:00:45] Assign Dynamic map(976,65605) for GS:0
[2023/09/22 16:00:45] GS:0 Total Dynamic map:80
[2023/09/22 16:00:45] GS:0 Total Static map:19
[2023/09/22 16:00:45] Assign Dynamic map(988,65606) for GS:0
[2023/09/22 16:00:45] GS:0 Total Dynamic map:81
[2023/09/22 16:00:45] GS:0 Total Static map:19
[2023/09/22 16:00:45] Assign Dynamic map(988,65607) for GS:0
[2023/09/22 16:00:45] GS:0 Total Dynamic map:82
[2023/09/22 16:00:45] GS:0 Total Static map:19
[2023/09/22 16:00:45] Assign Dynamic map(988,65608) for GS:0
[2023/09/22 16:00:45] GS:0 Total Dynamic map:83
[2023/09/22 16:00:45] GS:0 Total Static map:19
[2023/09/22 16:00:45] Assign Dynamic map(988,65609) for GS:0
[2023/09/22 16:00:45] GS:0 Total Dynamic map:84
[2023/09/22 16:00:45] GS:0 Total Static map:19
[2023/09/22 16:00:45] Assign Dynamic map(988,65610) for GS:0
[2023/09/22 16:00:45] GS:0 Total Dynamic map:85
[2023/09/22 16:00:45] GS:0 Total Static map:19
[2023/09/22 16:00:45] Assign Dynamic map(975,65611) for GS:0
[2023/09/22 16:00:45] GS:0 Total Dynamic map:86
[2023/09/22 16:00:45] GS:0 Total Static map:19
[2023/09/22 16:00:45] Assign Dynamic map(975,65612) for GS:0
[2023/09/22 16:00:45] GS:0 Total Dynamic map:87
[2023/09/22 16:00:45] GS:0 Total Static map:19
[2023/09/22 16:00:45] Assign Dynamic map(975,65613) for GS:0
[2023/09/22 16:00:45] GS:0 Total Dynamic map:88
[2023/09/22 16:00:45] GS:0 Total Static map:19
[2023/09/22 16:00:45] Assign Dynamic map(975,65614) for GS:0
[2023/09/22 16:00:45] GS:0 Total Dynamic map:89
[2023/09/22 16:00:45] GS:0 Total Static map:19
[2023/09/22 16:00:45] Assign Dynamic map(975,65615) for GS:0
[2023/09/22 16:00:45] GS:0 Total Dynamic map:90
[2023/09/22 16:00:45] GS:0 Total Static map:19
[2023/09/22 16:50:52] -----------------------------------------------------------------------------------------------------------------------------------------------------------------------------------
[2023/09/22 16:50:52] [2023-09-22 16:50:52]  NEW BATTLE START
[2023/09/22 16:50:52] BattleID: 1   BattleLevel: 1   Issue: 13   27th.Round
[2023/09/22 16:50:52] RoundID: 7   MapPattern: 12   BattleMapID:  14   WorldMapID: 378   MapName: NgÚ Ph≠¨ng Nguy™n Chi’n   RuleID: 6
[2023/09/22 16:50:52] -----------------------------------------------------------------------------------------------------------------------------------------------------------------------------------
[2023/09/22 16:50:52] -----------------------------------------------------------------------------------------------------------------------------------------------------------------------------------
[2023/09/22 16:50:52] [2023-09-22 16:50:52]  NEW BATTLE START
[2023/09/22 16:50:52] BattleID: 1   BattleLevel: 2   Issue: 13   27th.Round
[2023/09/22 16:50:52] RoundID: 7   MapPattern: 12   BattleMapID:  14   WorldMapID: 379   MapName: Bπch M´n Nguy™n Chi’n   RuleID: 6
[2023/09/22 16:50:52] -----------------------------------------------------------------------------------------------------------------------------------------------------------------------------------
[2023/09/22 16:50:52] -----------------------------------------------------------------------------------------------------------------------------------------------------------------------------------
[2023/09/22 16:50:52] [2023-09-22 16:50:52]  NEW BATTLE START
[2023/09/22 16:50:52] BattleID: 1   BattleLevel: 3   Issue: 13   27th.Round
[2023/09/22 16:50:52] RoundID: 7   MapPattern: 12   BattleMapID:  14   WorldMapID: 380   MapName: Hoµng Sa L©m Ngao Chi’n   RuleID: 6
[2023/09/22 16:50:52] -----------------------------------------------------------------------------------------------------------------------------------------------------------------------------------
[2023/09/22 16:56:01] HostConnection close: 127.0.0.1
[2023/09/22 16:56:01] ChatConnection close: 127.0.0.1
[2023/09/22 16:56:01] TongConnection close: 127.0.0.1
[2023/09/22 16:56:19] ChatConnection create: 127.0.0.1
[2023/09/22 16:56:19] TongConnection create: 127.0.0.1
[2023/09/22 16:56:19] HostConnection create: 127.0.0.1
[2023/09/22 16:56:23] GameServerLogin: 127.0.0.1
[2023/09/22 16:56:23] TongDataSendFinish: 127.0.0.1
[2023/09/22 16:56:24] Assign Dynamic map(986,65616) for GS:0
[2023/09/22 16:56:24] GS:0 Total Dynamic map:91
[2023/09/22 16:56:24] GS:0 Total Static map:19
[2023/09/22 16:56:24] Assign Dynamic map(986,65617) for GS:0
[2023/09/22 16:56:24] GS:0 Total Dynamic map:92
[2023/09/22 16:56:24] GS:0 Total Static map:19
[2023/09/22 16:56:24] Assign Dynamic map(986,65618) for GS:0
[2023/09/22 16:56:24] GS:0 Total Dynamic map:93
[2023/09/22 16:56:24] GS:0 Total Static map:19
[2023/09/22 16:56:24] Assign Dynamic map(986,65619) for GS:0
[2023/09/22 16:56:24] GS:0 Total Dynamic map:94
[2023/09/22 16:56:24] GS:0 Total Static map:19
[2023/09/22 16:56:24] Assign Dynamic map(986,65620) for GS:0
[2023/09/22 16:56:24] GS:0 Total Dynamic map:95
[2023/09/22 16:56:24] GS:0 Total Static map:19
[2023/09/22 16:56:24] Assign Dynamic map(976,65621) for GS:0
[2023/09/22 16:56:24] GS:0 Total Dynamic map:96
[2023/09/22 16:56:24] GS:0 Total Static map:19
[2023/09/22 16:56:24] Assign Dynamic map(976,65622) for GS:0
[2023/09/22 16:56:24] GS:0 Total Dynamic map:97
[2023/09/22 16:56:24] GS:0 Total Static map:19
[2023/09/22 16:56:24] Assign Dynamic map(976,65623) for GS:0
[2023/09/22 16:56:24] GS:0 Total Dynamic map:98
[2023/09/22 16:56:24] GS:0 Total Static map:19
[2023/09/22 16:56:24] Assign Dynamic map(976,65624) for GS:0
[2023/09/22 16:56:24] GS:0 Total Dynamic map:99
[2023/09/22 16:56:24] GS:0 Total Static map:19
[2023/09/22 16:56:24] Assign Dynamic map(976,65625) for GS:0
[2023/09/22 16:56:24] GS:0 Total Dynamic map:100
[2023/09/22 16:56:24] GS:0 Total Static map:19
[2023/09/22 16:56:24] Assign Dynamic map(988,65626) for GS:0
[2023/09/22 16:56:24] GS:0 Total Dynamic map:101
[2023/09/22 16:56:24] GS:0 Total Static map:19
[2023/09/22 16:56:24] Assign Dynamic map(988,65627) for GS:0
[2023/09/22 16:56:24] GS:0 Total Dynamic map:102
[2023/09/22 16:56:24] GS:0 Total Static map:19
[2023/09/22 16:56:24] Assign Dynamic map(988,65628) for GS:0
[2023/09/22 16:56:24] GS:0 Total Dynamic map:103
[2023/09/22 16:56:24] GS:0 Total Static map:19
[2023/09/22 16:56:24] Assign Dynamic map(988,65629) for GS:0
[2023/09/22 16:56:24] GS:0 Total Dynamic map:104
[2023/09/22 16:56:24] GS:0 Total Static map:19
[2023/09/22 16:56:24] Assign Dynamic map(988,65630) for GS:0
[2023/09/22 16:56:24] GS:0 Total Dynamic map:105
[2023/09/22 16:56:24] GS:0 Total Static map:19
[2023/09/22 16:56:24] Assign Dynamic map(975,65631) for GS:0
[2023/09/22 16:56:24] GS:0 Total Dynamic map:106
[2023/09/22 16:56:24] GS:0 Total Static map:19
[2023/09/22 16:56:24] Assign Dynamic map(975,65632) for GS:0
[2023/09/22 16:56:24] GS:0 Total Dynamic map:107
[2023/09/22 16:56:24] GS:0 Total Static map:19
[2023/09/22 16:56:24] Assign Dynamic map(975,65633) for GS:0
[2023/09/22 16:56:24] GS:0 Total Dynamic map:108
[2023/09/22 16:56:24] GS:0 Total Static map:19
[2023/09/22 16:56:24] Assign Dynamic map(975,65634) for GS:0
[2023/09/22 16:56:24] GS:0 Total Dynamic map:109
[2023/09/22 16:56:24] GS:0 Total Static map:19
[2023/09/22 16:56:24] Assign Dynamic map(975,65635) for GS:0
[2023/09/22 16:56:24] GS:0 Total Dynamic map:110
[2023/09/22 16:56:24] GS:0 Total Static map:19
[2023/09/22 17:00:52] Æang bao danh thi Æ u 'Th∏ch th¯c thÍi gian'
[2023/09/22 17:13:12] ChatConnection close: 127.0.0.1
[2023/09/22 17:13:12] HostConnection close: 127.0.0.1
[2023/09/22 17:13:12] TongConnection close: 127.0.0.1
[2023/09/22 17:13:32] ChatConnection create: 127.0.0.1
[2023/09/22 17:13:32] TongConnection create: 127.0.0.1
[2023/09/22 17:13:32] HostConnection create: 127.0.0.1
[2023/09/22 17:13:36] GameServerLogin: 127.0.0.1
[2023/09/22 17:13:36] TongDataSendFinish: 127.0.0.1
[2023/09/22 17:13:37] Assign Dynamic map(986,65636) for GS:0
[2023/09/22 17:13:37] GS:0 Total Dynamic map:111
[2023/09/22 17:13:37] GS:0 Total Static map:19
[2023/09/22 17:13:37] Assign Dynamic map(986,65637) for GS:0
[2023/09/22 17:13:37] GS:0 Total Dynamic map:112
[2023/09/22 17:13:37] GS:0 Total Static map:19
[2023/09/22 17:13:37] Assign Dynamic map(986,65638) for GS:0
[2023/09/22 17:13:37] GS:0 Total Dynamic map:113
[2023/09/22 17:13:37] GS:0 Total Static map:19
[2023/09/22 17:13:37] Assign Dynamic map(986,65639) for GS:0
[2023/09/22 17:13:37] GS:0 Total Dynamic map:114
[2023/09/22 17:13:37] GS:0 Total Static map:19
[2023/09/22 17:13:37] Assign Dynamic map(986,65640) for GS:0
[2023/09/22 17:13:37] GS:0 Total Dynamic map:115
[2023/09/22 17:13:37] GS:0 Total Static map:19
[2023/09/22 17:13:37] Assign Dynamic map(948,73994) for GS:0
[2023/09/22 17:13:37] GS:0 Total Dynamic map:116
[2023/09/22 17:13:37] GS:0 Total Static map:19
[2023/09/22 17:13:37] Assign Dynamic map(948,73995) for GS:0
[2023/09/22 17:13:37] GS:0 Total Dynamic map:117
[2023/09/22 17:13:37] GS:0 Total Static map:19
[2023/09/22 17:13:37] Assign Dynamic map(948,73996) for GS:0
[2023/09/22 17:13:37] GS:0 Total Dynamic map:118
[2023/09/22 17:13:37] GS:0 Total Static map:19
[2023/09/22 17:13:37] Assign Dynamic map(948,73997) for GS:0
[2023/09/22 17:13:37] GS:0 Total Dynamic map:119
[2023/09/22 17:13:37] GS:0 Total Static map:19
[2023/09/22 17:13:37] Assign Dynamic map(976,65641) for GS:0
[2023/09/22 17:13:37] GS:0 Total Dynamic map:120
[2023/09/22 17:13:37] GS:0 Total Static map:19
[2023/09/22 17:13:37] Assign Dynamic map(976,65642) for GS:0
[2023/09/22 17:13:37] GS:0 Total Dynamic map:121
[2023/09/22 17:13:37] GS:0 Total Static map:19
[2023/09/22 17:13:37] Assign Dynamic map(976,65643) for GS:0
[2023/09/22 17:13:37] GS:0 Total Dynamic map:122
[2023/09/22 17:13:37] GS:0 Total Static map:19
[2023/09/22 17:13:37] Assign Dynamic map(976,65644) for GS:0
[2023/09/22 17:13:37] GS:0 Total Dynamic map:123
[2023/09/22 17:13:37] GS:0 Total Static map:19
[2023/09/22 17:13:37] Assign Dynamic map(976,65645) for GS:0
[2023/09/22 17:13:37] GS:0 Total Dynamic map:124
[2023/09/22 17:13:37] GS:0 Total Static map:19
[2023/09/22 17:13:37] Assign Dynamic map(958,73998) for GS:0
[2023/09/22 17:13:37] GS:0 Total Dynamic map:125
[2023/09/22 17:13:37] GS:0 Total Static map:19
[2023/09/22 17:13:37] Assign Dynamic map(958,73999) for GS:0
[2023/09/22 17:13:37] GS:0 Total Dynamic map:126
[2023/09/22 17:13:37] GS:0 Total Static map:19
[2023/09/22 17:13:37] Assign Dynamic map(958,74000) for GS:0
[2023/09/22 17:13:37] GS:0 Total Dynamic map:127
[2023/09/22 17:13:37] GS:0 Total Static map:19
[2023/09/22 17:13:37] Assign Dynamic map(958,74001) for GS:0
[2023/09/22 17:13:37] GS:0 Total Dynamic map:128
[2023/09/22 17:13:37] GS:0 Total Static map:19
[2023/09/22 17:13:37] Assign Dynamic map(958,74002) for GS:0
[2023/09/22 17:13:37] GS:0 Total Dynamic map:129
[2023/09/22 17:13:37] GS:0 Total Static map:19
[2023/09/22 17:13:37] Assign Dynamic map(988,65646) for GS:0
[2023/09/22 17:13:37] GS:0 Total Dynamic map:130
[2023/09/22 17:13:37] GS:0 Total Static map:19
[2023/09/22 17:13:37] Assign Dynamic map(988,65647) for GS:0
[2023/09/22 17:13:37] GS:0 Total Dynamic map:131
[2023/09/22 17:13:37] GS:0 Total Static map:19
[2023/09/22 17:13:37] Assign Dynamic map(988,65648) for GS:0
[2023/09/22 17:13:37] GS:0 Total Dynamic map:132
[2023/09/22 17:13:37] GS:0 Total Static map:19
[2023/09/22 17:13:37] Assign Dynamic map(988,65649) for GS:0
[2023/09/22 17:13:37] GS:0 Total Dynamic map:133
[2023/09/22 17:13:37] GS:0 Total Static map:19
[2023/09/22 17:13:37] Assign Dynamic map(988,65650) for GS:0
[2023/09/22 17:13:37] GS:0 Total Dynamic map:134
[2023/09/22 17:13:37] GS:0 Total Static map:19
[2023/09/22 17:13:37] Assign Dynamic map(975,65651) for GS:0
[2023/09/22 17:13:37] GS:0 Total Dynamic map:135
[2023/09/22 17:13:37] GS:0 Total Static map:19
[2023/09/22 17:13:37] Assign Dynamic map(975,65652) for GS:0
[2023/09/22 17:13:37] GS:0 Total Dynamic map:136
[2023/09/22 17:13:37] GS:0 Total Static map:19
[2023/09/22 17:13:37] Assign Dynamic map(975,65653) for GS:0
[2023/09/22 17:13:37] GS:0 Total Dynamic map:137
[2023/09/22 17:13:37] GS:0 Total Static map:19
[2023/09/22 17:13:37] Assign Dynamic map(975,65654) for GS:0
[2023/09/22 17:13:37] GS:0 Total Dynamic map:138
[2023/09/22 17:13:37] GS:0 Total Static map:19
[2023/09/22 17:13:37] Assign Dynamic map(975,65655) for GS:0
[2023/09/22 17:13:37] GS:0 Total Dynamic map:139
[2023/09/22 17:13:37] GS:0 Total Static map:19
[2023/09/22 18:00:52] =Hoπt ÆÈng Boss Ti”u xu t hi÷n=
[2023/09/22 18:10:52] =Hoπt ÆÈng Boss Ti”u xu t hi÷n=
[2023/09/22 18:20:52] =Hoπt ÆÈng Boss Ti”u xu t hi÷n=
[2023/09/22 18:30:52] =Hoπt ÆÈng Boss Ti”u xu t hi÷n=
[2023/09/22 18:40:52] =Hoπt ÆÈng Boss Ti”u xu t hi÷n=
[2023/09/22 18:50:52] -----------------------------------------------------------------------------------------------------------------------------------------------------------------------------------
[2023/09/22 18:50:52] [2023-09-22 18:50:52]  NEW BATTLE START
[2023/09/22 18:50:52] BattleID: 1   BattleLevel: 1   Issue: 13   28th.Round
[2023/09/22 18:50:52] RoundID: 15   MapPattern: 12   BattleMapID:  14   WorldMapID: 378   MapName: Hoµng Sa L©m Ngao Chi’n   RuleID: 6
[2023/09/22 18:50:52] -----------------------------------------------------------------------------------------------------------------------------------------------------------------------------------
[2023/09/22 18:50:52] -----------------------------------------------------------------------------------------------------------------------------------------------------------------------------------
[2023/09/22 18:50:52] [2023-09-22 18:50:52]  NEW BATTLE START
[2023/09/22 18:50:52] BattleID: 1   BattleLevel: 2   Issue: 13   28th.Round
[2023/09/22 18:50:52] RoundID: 15   MapPattern: 12   BattleMapID:  14   WorldMapID: 379   MapName: Bπch M´n Nguy™n Chi’n   RuleID: 6
[2023/09/22 18:50:52] -----------------------------------------------------------------------------------------------------------------------------------------------------------------------------------
[2023/09/22 18:50:52] -----------------------------------------------------------------------------------------------------------------------------------------------------------------------------------
[2023/09/22 18:50:52] [2023-09-22 18:50:52]  NEW BATTLE START
[2023/09/22 18:50:52] BattleID: 1   BattleLevel: 3   Issue: 13   28th.Round
[2023/09/22 18:50:52] RoundID: 15   MapPattern: 12   BattleMapID:  14   WorldMapID: 380   MapName: NgÚ Ph≠¨ng Nguy™n Chi’n   RuleID: 6
[2023/09/22 18:50:52] -----------------------------------------------------------------------------------------------------------------------------------------------------------------------------------
[2023/09/22 18:50:52] =Hoπt ÆÈng Boss Ti”u xu t hi÷n=
[2023/09/22 19:00:52] =Hoπt ÆÈng Boss Ti”u xu t hi÷n=
[2023/09/22 19:00:52] Æang bao danh thi Æ u 'Th∏ch th¯c thÍi gian'
[2023/09/22 20:00:52] #NAME?
[2023/09/22 20:00:52] tianchimijing boss out
[2023/09/22 20:05:52] #NAME?
[2023/09/22 20:10:52] #NAME?
[2023/09/22 20:15:52] #NAME?
[2023/09/22 20:20:52] #NAME?
[2023/09/22 20:25:52] #NAME?
[2023/09/22 20:50:52] -----------------------------------------------------------------------------------------------------------------------------------------------------------------------------------
[2023/09/22 20:50:52] [2023-09-22 20:50:52]  NEW BATTLE START
[2023/09/22 20:50:52] BattleID: 1   BattleLevel: 1   Issue: 13   29th.Round
[2023/09/22 20:50:52] RoundID: 16   MapPattern: 10   BattleMapID:  11   WorldMapID: 378   MapName: Li‘u Nguy™n Chi’n   RuleID: 6
[2023/09/22 20:50:52] -----------------------------------------------------------------------------------------------------------------------------------------------------------------------------------
[2023/09/22 20:50:52] -----------------------------------------------------------------------------------------------------------------------------------------------------------------------------------
[2023/09/22 20:50:52] [2023-09-22 20:50:52]  NEW BATTLE START
[2023/09/22 20:50:52] BattleID: 1   BattleLevel: 2   Issue: 13   29th.Round
[2023/09/22 20:50:52] RoundID: 16   MapPattern: 10   BattleMapID:  11   WorldMapID: 379   MapName: Hoµng Sa L©m Ngao Chi’n   RuleID: 6
[2023/09/22 20:50:52] -----------------------------------------------------------------------------------------------------------------------------------------------------------------------------------
[2023/09/22 20:50:52] -----------------------------------------------------------------------------------------------------------------------------------------------------------------------------------
[2023/09/22 20:50:52] [2023-09-22 20:50:52]  NEW BATTLE START
[2023/09/22 20:50:52] BattleID: 1   BattleLevel: 3   Issue: 13   29th.Round
[2023/09/22 20:50:52] RoundID: 16   MapPattern: 10   BattleMapID:  11   WorldMapID: 380   MapName: Li‘u Nguy™n Chi’n   RuleID: 6
[2023/09/22 20:50:52] -----------------------------------------------------------------------------------------------------------------------------------------------------------------------------------
[2023/09/22 21:00:52] =Hoπt ÆÈng Boss Ti”u xu t hi÷n=
[2023/09/22 21:00:52] Æang bao danh thi Æ u 'Th∏ch th¯c thÍi gian'
[2023/09/22 21:10:52] =Hoπt ÆÈng Boss Ti”u xu t hi÷n=
[2023/09/22 21:20:52] =Hoπt ÆÈng Boss Ti”u xu t hi÷n=
[2023/09/22 21:30:52] =Hoπt ÆÈng Boss Ti”u xu t hi÷n=
[2023/09/22 21:40:52] =Hoπt ÆÈng Boss Ti”u xu t hi÷n=
[2023/09/22 21:50:52] =Hoπt ÆÈng Boss Ti”u xu t hi÷n=
[2023/09/22 22:00:52] Create Boss CÊ B∏ch,566,95,76,1767,3086,0----202309222200
[2023/09/22 22:00:52] Create Boss Huy“n Gi∏c ßπi S≠,740,95,198,1624,3072,0----202309222200
[2023/09/22 22:00:52] Create Boss ß≠Íng Phi Y’n,1366,95,336,1422,3113,1----202309222200
[2023/09/22 22:00:52] Create Boss Lam Y Y,582,95,199,1696,3034,1----202309222200
[2023/09/22 22:00:52] Create Boss Hµ Linh Phi™u,568,95,11,2966,4807,2----202309222200
[2023/09/22 22:00:52] Create Boss Y™n Hi”u Tr∏i,744,95,225,1289,3261,2----202309222200
[2023/09/22 22:00:52] Create Boss Mπnh Th≠¨ng L≠¨ng,583,95,224,1447,3040,3----202309222200
[2023/09/22 22:00:52] Create Boss Gia LuÀt Tﬁ Ly,563,95,1,1436,2953,3----202309222200
[2023/09/22 22:00:52] Create Boss ßπo Thanh Ch©n Nh©n,562,95,340,1288,3304,4----202309222200
[2023/09/22 22:00:52] Create Boss Tuy“n C¨ Tˆ,747,95,80,1934,2861,4----202309222200
[2023/09/22 22:00:52] =Hoπt ÆÈng Boss Ti”u xu t hi÷n=
[2023/09/22 22:15:52] GOLD BOSS COUNT :  0
[2023/09/22 22:15:52] Create Boss ßÈc C´ Thi™n Phong,1507,95,176,1754,2805,2----202309222215
[2023/09/22 22:50:52] -----------------------------------------------------------------------------------------------------------------------------------------------------------------------------------
[2023/09/22 22:50:52] [2023-09-22 22:50:52]  NEW BATTLE START
[2023/09/22 22:50:52] BattleID: 1   BattleLevel: 1   Issue: 13   30th.Round
[2023/09/22 22:50:52] RoundID: 1   MapPattern: 8   BattleMapID:  8   WorldMapID: 378   MapName: NgÚ Ph≠¨ng Nguy™n Chi’n   RuleID: 6
[2023/09/22 22:50:52] -----------------------------------------------------------------------------------------------------------------------------------------------------------------------------------
[2023/09/22 22:50:52] -----------------------------------------------------------------------------------------------------------------------------------------------------------------------------------
[2023/09/22 22:50:52] [2023-09-22 22:50:52]  NEW BATTLE START
[2023/09/22 22:50:52] BattleID: 1   BattleLevel: 2   Issue: 13   30th.Round
[2023/09/22 22:50:52] RoundID: 1   MapPattern: 8   BattleMapID:  8   WorldMapID: 379   MapName: NgÚ Ph≠¨ng Nguy™n Chi’n   RuleID: 6
[2023/09/22 22:50:52] -----------------------------------------------------------------------------------------------------------------------------------------------------------------------------------
[2023/09/22 22:50:52] -----------------------------------------------------------------------------------------------------------------------------------------------------------------------------------
[2023/09/22 22:50:52] [2023-09-22 22:50:52]  NEW BATTLE START
[2023/09/22 22:50:52] BattleID: 1   BattleLevel: 3   Issue: 13   30th.Round
[2023/09/22 22:50:52] RoundID: 1   MapPattern: 8   BattleMapID:  8   WorldMapID: 380   MapName: Hoµng Sa L©m Ngao Chi’n   RuleID: 6
[2023/09/22 22:50:52] -----------------------------------------------------------------------------------------------------------------------------------------------------------------------------------
[2023/09/22 23:00:52] Create Boss V≠¨ng T∏,739,95,11,2966,4807,0----202309222300
[2023/09/22 23:00:52] Create Boss Huy“n Nan ßπi S≠,1365,95,11,3252,5349,0----202309222300
[2023/09/22 23:00:52] Create Boss ß≠Íng B t Nhi‘m,741,95,37,1535,2902,1----202309222300
[2023/09/22 23:00:52] Create Boss Bπch Doanh Doanh,742,95,80,1538,3041,1----202309222300
[2023/09/22 23:00:52] Create Boss Thanh Tuy÷t S≠ Th∏i,743,95,205,1495,3110,2----202309222300
[2023/09/22 23:00:52] Create Boss Chung Linh TÛ,567,95,80,1934,2861,2----202309222300
[2023/09/22 23:00:52] Create Boss Hµ Nh©n Ng∑,745,95,176,1162,2781,3----202309222300
[2023/09/22 23:00:52] Create Boss ßoan MÈc Du÷,565,95,37,1520,3281,3----202309222300
[2023/09/22 23:00:52] Create Boss Tı ßπi Nhπc,1367,95,199,1852,3174,4----202309222300
[2023/09/22 23:00:52] Create Boss Thanh Li™n Tˆ,1368,95,322,1938,3957,4----202309222300
[2023/09/22 23:00:52] Æang bao danh thi Æ u 'Th∏ch th¯c thÍi gian'
[2023/09/22 23:53:27] ChatConnection close: 127.0.0.1
[2023/09/22 23:53:27] TongConnection close: 127.0.0.1
[2023/09/22 23:53:27] HostConnection close: 127.0.0.1
[2023/09/22 23:53:32] SockThread stop success
[2023/09/22 23:53:32] S3Relay-ø™ ºπÿ±’£° S3Relay- bat dau dong lai! 
[2023/09/22 23:53:32] 
*
***** S3Relay Stop (@ 0000/00/00 00:-4509752:134778110.152237472) <<<<<
*


[2023/09/22 23:53:32] chat server shutdown
[2023/09/22 23:53:32] tong server shutdown
[2023/09/22 23:53:32] host server shutdown
[2023/09/22 23:53:32] stop autotimer for Ping: 192.168.1.200
[2023/09/22 23:53:32] S3Relay: ”ÎRelayRootµƒ¡¥Ω”∂œø™¡À -  cung voi RelayRoot lien tiep bi ngat quang - 192.168.1.200
