[2023/09/29 16:11:04] Delete event data: ShareKey(EVENT_cailuhongbao), Param1(-1), Param2(-1), Timeout(2010-3-30)
[2023/09/29 16:11:04] Delete event data: ShareKey(EVENT_MIDAUT_2010), Param1(-1), Param2(-1), Timeout(2010-10-19)
[2023/09/29 16:11:04] Delete event data: ShareKey(EVENT_dayanqunxia), Param1(-1), Param2(-1), Timeout(2011-3-20)
[2023/09/29 16:11:04] Delete event data: ShareKey(FUNC_RANK_EQUIPVALUE), Param1(-1), Param2(-1), Timeout()
[2023/09/29 16:11:04] Delete event data: ShareKey(EVENT_April_zhushuai), Param1(-1), Param2(-1), Timeout(2012-6-4)
[2023/09/29 16:11:04] Delete event data: ShareKey(EVENT_2012ChristmasDay), Param1(-1), Param2(-1), Timeout(2013-1-30)
[2023/09/29 16:11:04] Loading All Scripts....................
[2023/09/29 16:11:04] Load Rank FUNC_RANK_EQUIPVALUE
[2023/09/29 16:11:04] Load Stable Rank count 0
[2023/09/29 16:11:04] Load Dynamic Rank count 0
[2023/09/29 16:11:04] Load Rank FUNC_RANK_EQUIPVALUE end
[2023/09/29 16:11:04] 
All Scripts Have Been Loaded! Count = 88
[2023/09/29 16:11:04] root client[:0] create
[2023/09/29 16:11:06] start autotimer for Ping: 
[2023/09/29 16:11:06] TRIP_MODE: None
[2023/09/29 16:11:06] Loading World Setting...
[2023/09/29 16:11:06] Reset map ph„ b∂n thµnh c´ng
[2023/09/29 16:11:06] 1 tong(s) loaded from tongex DB.
[2023/09/29 16:11:06] gateway client create: 127.0.0.1
[2023/09/29 16:11:06] Load LeagueData: LeagueType: 4, Leagues: 7, Roles: 7
[2023/09/29 16:11:06] Load LeagueData: LeagueType: 500, Leagues: 2, Roles: 2
[2023/09/29 16:11:06] Load LeagueData: LeagueType: 502, Leagues: 11, Roles: 11
[2023/09/29 16:11:06] Load LeagueData: LeagueType: 538, Leagues: 1, Roles: 1
[2023/09/29 16:11:06] Load LeagueData: LeagueType: 10000, Leagues: 1, Roles: 7
[2023/09/29 16:11:06] KhÎi ÆÈng h÷ thËng Æ„ng mÎ c∏c ch¯c n®ng trong trﬂ ch¨i...
[2023/09/29 16:11:06] topten server sort list
[2023/09/29 16:11:06] topten server sort list
[2023/09/29 16:11:06] topten server sort list
[2023/09/29 16:11:06] =================GLOBALEXCUTECHAT=================
[2023/09/29 16:11:06] BATTLE[XiangYang] 9:30 startup...
[2023/09/29 16:11:06] BATTLE[XiangYang] 11:00 startup...
[2023/09/29 16:11:06] BATTLE[XiangYang] 13:00 startup...
[2023/09/29 16:11:06] BATTLE[XiangYang] 15:00 startup...
[2023/09/29 16:11:06] BATTLE[XiangYang] 17:00 startup...
[2023/09/29 16:11:06] BATTLE[XiangYang] 19:00 startup...
[2023/09/29 16:11:06] BATTLE[XiangYang] 21:00 startup...
[2023/09/29 16:11:06] BATTLE[XiangYang] 23:00 startup...
[2023/09/29 16:11:06] Ladder startup...
[2023/09/29 16:11:06] MAKE GOLDBOSS AT CITY OR OUTTER  :  22:00
[2023/09/29 16:11:06] MAKE BIG BOSS AT :  22:15
[2023/09/29 16:11:06] GOLD BOSS COUNT :  0
[2023/09/29 16:11:06] MAKE GOLDBOSS AT CITY OR OUTTER  :  23:00
[2023/09/29 16:11:06] º”‘ÿΩ≈±æŒƒº˛ake_new_big_boss_2315.lua ±≥ˆ¥Ì£¨«ÎºÏ≤È”Ô∑®. Gia tai file Van ban goc [] gio bi sai, xin kiem tra ngu phap. 
[2023/09/29 16:11:06] #NAME?
[2023/09/29 16:11:06] KhÎi ÆÈng h‰at ÆÈng Hoa Æ®ng1611
[2023/09/29 16:11:06] =====birthday0905 liehaozhu ## 16:30 ### 30 #? ?###=======
[2023/09/29 16:11:06] X„a d˜ li÷u qu∏i vÀt Hoµng kim trong database52301
[2023/09/29 16:11:06] X„a d˜ li÷u qu∏i vÀt Hoµng kim trong database51302
[2023/09/29 16:11:06] X„a d˜ li÷u qu∏i vÀt Hoµng kim trong database51102
[2023/09/29 16:11:06] X„a d˜ li÷u qu∏i vÀt Hoµng kim trong database135403
[2023/09/29 16:11:06] X„a d˜ li÷u qu∏i vÀt Hoµng kim trong database135604
[2023/09/29 16:11:06] X„a d˜ li÷u qu∏i vÀt Hoµng kim trong database135705
[2023/09/29 16:11:06] X„a d˜ li÷u qu∏i vÀt Hoµng kim trong database135206
[2023/09/29 16:11:06] X„a d˜ li÷u qu∏i vÀt Hoµng kim trong database135807
[2023/09/29 16:11:06] X„a d˜ li÷u qu∏i vÀt Hoµng kim trong database136008
[2023/09/29 16:11:06] X„a d˜ li÷u qu∏i vÀt Hoµng kim trong database135109
[2023/09/29 16:11:06] X„a d?li÷u qu∏i vÀt Hoµng kim trong database52301
[2023/09/29 16:11:06] X„a d?li÷u qu∏i vÀt Hoµng kim trong database51302
[2023/09/29 16:11:06] X„a d?li÷u qu∏i vÀt Hoµng kim trong database51102
[2023/09/29 16:11:06] X„a d?li÷u qu∏i vÀt Hoµng kim trong database135403
[2023/09/29 16:11:06] X„a d?li÷u qu∏i vÀt Hoµng kim trong database135604
[2023/09/29 16:11:06] X„a d?li÷u qu∏i vÀt Hoµng kim trong database135705
[2023/09/29 16:11:06] X„a d?li÷u qu∏i vÀt Hoµng kim trong database135206
[2023/09/29 16:11:06] X„a d?li÷u qu∏i vÀt Hoµng kim trong database135807
[2023/09/29 16:11:06] X„a d?li÷u qu∏i vÀt Hoµng kim trong database136008
[2023/09/29 16:11:06] X„a d?li÷u qu∏i vÀt Hoµng kim trong database135109
[2023/09/29 16:11:06] X„a d˜ li÷u qu∏i vÀt Hoµng kim trong database52301
[2023/09/29 16:11:06] X„a d˜ li÷u qu∏i vÀt Hoµng kim trong database51302
[2023/09/29 16:11:06] X„a d˜ li÷u qu∏i vÀt Hoµng kim trong database51102
[2023/09/29 16:11:06] X„a d˜ li÷u qu∏i vÀt Hoµng kim trong database135403
[2023/09/29 16:11:06] X„a d˜ li÷u qu∏i vÀt Hoµng kim trong database135604
[2023/09/29 16:11:06] X„a d˜ li÷u qu∏i vÀt Hoµng kim trong database135705
[2023/09/29 16:11:06] X„a d˜ li÷u qu∏i vÀt Hoµng kim trong database135206
[2023/09/29 16:11:06] X„a d˜ li÷u qu∏i vÀt Hoµng kim trong database135807
[2023/09/29 16:11:06] X„a d˜ li÷u qu∏i vÀt Hoµng kim trong database136008
[2023/09/29 16:11:06] X„a d˜ li÷u qu∏i vÀt Hoµng kim trong database135109
[2023/09/29 16:11:06] **************** TÊng Æi“u ÆÈng quËc chi’n tËng kim nhi÷m vÙ khÎi ÆÈng thµnh c´ng ****************
[2023/09/29 16:11:06] =================¥≥πÿªÓ∂Ø√ø»’≈≈––∞Ò==================
[2023/09/29 16:11:06] MAKE GOLDBOSS murongquan:  20:20
[2023/09/29 16:11:06] MAKE GOLDBOSS zhangxuan:  20:10
[2023/09/29 16:11:06] MAKE GOLDBOSS jinshiliang:  20:15
[2023/09/29 16:11:06] tianchimijing boss out
[2023/09/29 16:11:06] =================Phong l®ng ÆÈ==================
[2023/09/29 16:11:06] =================Phong l®ng ÆÈ==================
[2023/09/29 16:11:06] =================Phong l®ng ÆÈ==================
[2023/09/29 16:11:06] =================Phong l®ng ÆÈ==================
[2023/09/29 16:11:06] =================Phong l®ng ÆÈ==================
[2023/09/29 16:11:06] =================Phong l®ng ÆÈ==================
[2023/09/29 16:11:06] =================Phong l®ng ÆÈ==================
[2023/09/29 16:11:06] =================Phong l®ng ÆÈ==================
[2023/09/29 16:11:06] =================Phong l®ng ÆÈ==================
[2023/09/29 16:11:06] =================Phong l®ng ÆÈ==================
[2023/09/29 16:11:06] =================Phong l®ng ÆÈ==================
[2023/09/29 16:11:06] =================Phong l®ng ÆÈ==================
[2023/09/29 16:11:06] Nhiem vu khieu chien thoi gian (Vuot ai) - vao cac gio le trong ngay
[2023/09/29 16:11:06] Nhiem vu khieu chien thoi gian (Vuot ai) - vao cac gio le trong ngay
[2023/09/29 16:11:06] Nhiem vu khieu chien thoi gian (Vuot ai) - vao cac gio le trong ngay
[2023/09/29 16:11:06] Nhiem vu khieu chien thoi gian (Vuot ai) - vao cac gio le trong ngay
[2023/09/29 16:11:06] Nhiem vu khieu chien thoi gian (Vuot ai) - vao cac gio le trong ngay
[2023/09/29 16:11:06] Nhiem vu khieu chien thoi gian (Vuot ai) - vao cac gio le trong ngay
[2023/09/29 16:11:06] Nhiem vu khieu chien thoi gian (Vuot ai) - vao cac gio le trong ngay
[2023/09/29 16:11:06] Nhiem vu khieu chien thoi gian (Vuot ai) - vao cac gio le trong ngay
[2023/09/29 16:11:06] Nhiem vu khieu chien thoi gian (Vuot ai) - vao cac gio le trong ngay
[2023/09/29 16:11:06] Nhiem vu khieu chien thoi gian (Vuot ai) - vao cac gio le trong ngay
[2023/09/29 16:11:06] Nhiem vu khieu chien thoi gian (Vuot ai) - vao cac gio le trong ngay
[2023/09/29 16:11:06] Nhiem vu khieu chien thoi gian (Vuot ai) - vao cac gio le trong ngay
[2023/09/29 16:11:06] Failed to init statdatamanager!
[2023/09/29 16:11:06] [SGN]Failed to initialize.
[2023/09/29 16:11:06] S3Relay-∆Ù∂ØÕÍ±œ£° S3Relay- Khoi dong hoan tat! 
[2023/09/29 16:11:06] 
*
***** S3Relay Start (@ 153572768/00/43200 00:-3766648:135874861.136293495) >>>>>
*


[2023/09/29 16:11:06] SockThread start success
[2023/09/29 16:11:06] Game Module Is Started. -->Hoπt ÆÈng xu©n 2006
[2023/09/29 16:11:06] Game Module Is Started. -->OpenShop
[2023/09/29 16:11:06] Game Module Is Started. -->Thi÷p th´ng b∏o chÛc mıng mµu
[2023/09/29 16:11:06] Game Module Is Started. -->Thi÷p cuÈn
[2023/09/29 16:11:06] Game Module Is Started. -->PhÛc duy™n ph∏o hoa
[2023/09/29 16:11:06] Game Module Is Started. -->Truy“n c´ng
[2023/09/29 16:11:06] Game Module Is Started. -->L‘ vÀt t◊nh nh©n
[2023/09/29 16:11:06] Game Module Is Started. -->YANDIBAOZANG
[2023/09/29 16:11:06] Game Module Is Started. -->YANDIBAOZANG_TALK
[2023/09/29 16:11:06] Game Module Is Started. -->SWITH_DAIYITOUSHI
[2023/09/29 16:11:06] Game Module Is Started. -->chunjie2009_dangboss
[2023/09/29 16:11:06] SDBLadder Loaded
[2023/09/29 16:11:20] ChatConnection create: 127.0.0.1
[2023/09/29 16:11:20] HostConnection create: 127.0.0.1
[2023/09/29 16:11:20] TongConnection create: 127.0.0.1
[2023/09/29 16:11:24] GameServerLogin: 127.0.0.1
[2023/09/29 16:11:24] TongDataSendFinish: 127.0.0.1
[2023/09/29 16:11:25] Assign Dynamic map(986,65536) for GS:0
[2023/09/29 16:11:25] GS:0 Total Dynamic map:1
[2023/09/29 16:11:25] GS:0 Total Static map:19
[2023/09/29 16:11:25] Assign Dynamic map(986,65537) for GS:0
[2023/09/29 16:11:25] GS:0 Total Dynamic map:2
[2023/09/29 16:11:25] GS:0 Total Static map:19
[2023/09/29 16:11:25] Assign Dynamic map(986,65538) for GS:0
[2023/09/29 16:11:25] GS:0 Total Dynamic map:3
[2023/09/29 16:11:25] GS:0 Total Static map:19
[2023/09/29 16:11:25] Assign Dynamic map(986,65539) for GS:0
[2023/09/29 16:11:25] GS:0 Total Dynamic map:4
[2023/09/29 16:11:25] GS:0 Total Static map:19
[2023/09/29 16:11:25] Assign Dynamic map(986,65540) for GS:0
[2023/09/29 16:11:25] GS:0 Total Dynamic map:5
[2023/09/29 16:11:25] GS:0 Total Static map:19
[2023/09/29 16:11:25] Assign Dynamic map(948,74368) for GS:0
[2023/09/29 16:11:25] GS:0 Total Dynamic map:6
[2023/09/29 16:11:25] GS:0 Total Static map:19
[2023/09/29 16:11:25] Assign Dynamic map(948,74369) for GS:0
[2023/09/29 16:11:25] GS:0 Total Dynamic map:7
[2023/09/29 16:11:25] GS:0 Total Static map:19
[2023/09/29 16:11:25] Assign Dynamic map(948,74370) for GS:0
[2023/09/29 16:11:25] GS:0 Total Dynamic map:8
[2023/09/29 16:11:25] GS:0 Total Static map:19
[2023/09/29 16:11:25] Assign Dynamic map(948,74371) for GS:0
[2023/09/29 16:11:25] GS:0 Total Dynamic map:9
[2023/09/29 16:11:25] GS:0 Total Static map:19
[2023/09/29 16:11:25] Assign Dynamic map(948,74372) for GS:0
[2023/09/29 16:11:25] GS:0 Total Dynamic map:10
[2023/09/29 16:11:25] GS:0 Total Static map:19
[2023/09/29 16:11:25] Assign Dynamic map(976,65541) for GS:0
[2023/09/29 16:11:25] GS:0 Total Dynamic map:11
[2023/09/29 16:11:25] GS:0 Total Static map:19
[2023/09/29 16:11:25] Assign Dynamic map(976,65542) for GS:0
[2023/09/29 16:11:25] GS:0 Total Dynamic map:12
[2023/09/29 16:11:25] GS:0 Total Static map:19
[2023/09/29 16:11:25] Assign Dynamic map(976,65543) for GS:0
[2023/09/29 16:11:25] GS:0 Total Dynamic map:13
[2023/09/29 16:11:25] GS:0 Total Static map:19
[2023/09/29 16:11:25] Assign Dynamic map(976,65544) for GS:0
[2023/09/29 16:11:25] GS:0 Total Dynamic map:14
[2023/09/29 16:11:25] GS:0 Total Static map:19
[2023/09/29 16:11:25] Assign Dynamic map(976,65545) for GS:0
[2023/09/29 16:11:25] GS:0 Total Dynamic map:15
[2023/09/29 16:11:25] GS:0 Total Static map:19
[2023/09/29 16:11:25] Assign Dynamic map(958,74373) for GS:0
[2023/09/29 16:11:25] GS:0 Total Dynamic map:16
[2023/09/29 16:11:25] GS:0 Total Static map:19
[2023/09/29 16:11:25] Assign Dynamic map(958,74374) for GS:0
[2023/09/29 16:11:25] GS:0 Total Dynamic map:17
[2023/09/29 16:11:25] GS:0 Total Static map:19
[2023/09/29 16:11:25] Assign Dynamic map(958,74375) for GS:0
[2023/09/29 16:11:25] GS:0 Total Dynamic map:18
[2023/09/29 16:11:25] GS:0 Total Static map:19
[2023/09/29 16:11:25] Assign Dynamic map(958,74376) for GS:0
[2023/09/29 16:11:25] GS:0 Total Dynamic map:19
[2023/09/29 16:11:25] GS:0 Total Static map:19
[2023/09/29 16:11:25] Assign Dynamic map(958,74377) for GS:0
[2023/09/29 16:11:25] GS:0 Total Dynamic map:20
[2023/09/29 16:11:25] GS:0 Total Static map:19
[2023/09/29 16:11:25] Assign Dynamic map(988,65546) for GS:0
[2023/09/29 16:11:25] GS:0 Total Dynamic map:21
[2023/09/29 16:11:25] GS:0 Total Static map:19
[2023/09/29 16:11:25] Assign Dynamic map(988,65547) for GS:0
[2023/09/29 16:11:25] GS:0 Total Dynamic map:22
[2023/09/29 16:11:25] GS:0 Total Static map:19
[2023/09/29 16:11:25] Assign Dynamic map(988,65548) for GS:0
[2023/09/29 16:11:25] GS:0 Total Dynamic map:23
[2023/09/29 16:11:25] GS:0 Total Static map:19
[2023/09/29 16:11:25] Assign Dynamic map(988,65549) for GS:0
[2023/09/29 16:11:25] GS:0 Total Dynamic map:24
[2023/09/29 16:11:25] GS:0 Total Static map:19
[2023/09/29 16:11:25] Assign Dynamic map(988,65550) for GS:0
[2023/09/29 16:11:25] GS:0 Total Dynamic map:25
[2023/09/29 16:11:25] GS:0 Total Static map:19
[2023/09/29 16:11:25] Assign Dynamic map(975,65551) for GS:0
[2023/09/29 16:11:25] GS:0 Total Dynamic map:26
[2023/09/29 16:11:25] GS:0 Total Static map:19
[2023/09/29 16:11:25] Assign Dynamic map(975,65552) for GS:0
[2023/09/29 16:11:25] GS:0 Total Dynamic map:27
[2023/09/29 16:11:25] GS:0 Total Static map:19
[2023/09/29 16:11:25] Assign Dynamic map(975,65553) for GS:0
[2023/09/29 16:11:25] GS:0 Total Dynamic map:28
[2023/09/29 16:11:25] GS:0 Total Static map:19
[2023/09/29 16:11:25] Assign Dynamic map(975,65554) for GS:0
[2023/09/29 16:11:25] GS:0 Total Dynamic map:29
[2023/09/29 16:11:25] GS:0 Total Static map:19
[2023/09/29 16:11:25] Assign Dynamic map(975,65555) for GS:0
[2023/09/29 16:11:25] GS:0 Total Dynamic map:30
[2023/09/29 16:11:25] GS:0 Total Static map:19
[2023/09/29 16:50:06] -----------------------------------------------------------------------------------------------------------------------------------------------------------------------------------
[2023/09/29 16:50:06] [2023-09-29 16:50:06]  NEW BATTLE START
[2023/09/29 16:50:06] BattleID: 1   BattleLevel: 1   Issue: 13   69th.Round
[2023/09/29 16:50:06] RoundID: 16   MapPattern: 10   BattleMapID:  11   WorldMapID: 378   MapName: NgÚ Ph≠¨ng Nguy™n Chi’n   RuleID: 6
[2023/09/29 16:50:06] -----------------------------------------------------------------------------------------------------------------------------------------------------------------------------------
[2023/09/29 16:50:06] -----------------------------------------------------------------------------------------------------------------------------------------------------------------------------------
[2023/09/29 16:50:06] [2023-09-29 16:50:06]  NEW BATTLE START
[2023/09/29 16:50:06] BattleID: 1   BattleLevel: 2   Issue: 13   69th.Round
[2023/09/29 16:50:06] RoundID: 16   MapPattern: 10   BattleMapID:  11   WorldMapID: 379   MapName: Li‘u Nguy™n Chi’n   RuleID: 6
[2023/09/29 16:50:06] -----------------------------------------------------------------------------------------------------------------------------------------------------------------------------------
[2023/09/29 16:50:06] -----------------------------------------------------------------------------------------------------------------------------------------------------------------------------------
[2023/09/29 16:50:06] [2023-09-29 16:50:06]  NEW BATTLE START
[2023/09/29 16:50:06] BattleID: 1   BattleLevel: 3   Issue: 13   69th.Round
[2023/09/29 16:50:06] RoundID: 16   MapPattern: 10   BattleMapID:  11   WorldMapID: 380   MapName: Hoµng Sa L©m Ngao Chi’n   RuleID: 6
[2023/09/29 16:50:06] -----------------------------------------------------------------------------------------------------------------------------------------------------------------------------------
[2023/09/29 17:00:06] Æang bao danh thi Æ u 'Th∏ch th¯c thÍi gian'
[2023/09/29 18:00:06] =Hoπt ÆÈng Boss Ti”u xu t hi÷n=
[2023/09/29 18:10:06] =Hoπt ÆÈng Boss Ti”u xu t hi÷n=
[2023/09/29 18:20:06] =Hoπt ÆÈng Boss Ti”u xu t hi÷n=
[2023/09/29 18:30:06] =Hoπt ÆÈng Boss Ti”u xu t hi÷n=
[2023/09/29 18:40:06] =Hoπt ÆÈng Boss Ti”u xu t hi÷n=
[2023/09/29 18:50:06] -----------------------------------------------------------------------------------------------------------------------------------------------------------------------------------
[2023/09/29 18:50:06] [2023-09-29 18:50:06]  NEW BATTLE START
[2023/09/29 18:50:06] BattleID: 1   BattleLevel: 1   Issue: 13   70th.Round
[2023/09/29 18:50:06] RoundID: 1   MapPattern: 9   BattleMapID:  9   WorldMapID: 378   MapName: NgÚ Ph≠¨ng Nguy™n Chi’n   RuleID: 6
[2023/09/29 18:50:06] -----------------------------------------------------------------------------------------------------------------------------------------------------------------------------------
[2023/09/29 18:50:06] -----------------------------------------------------------------------------------------------------------------------------------------------------------------------------------
[2023/09/29 18:50:06] [2023-09-29 18:50:06]  NEW BATTLE START
[2023/09/29 18:50:06] BattleID: 1   BattleLevel: 2   Issue: 13   70th.Round
[2023/09/29 18:50:06] RoundID: 1   MapPattern: 11   BattleMapID:  12   WorldMapID: 379   MapName: Bπch M´n Nguy™n Chi’n   RuleID: 6
[2023/09/29 18:50:06] -----------------------------------------------------------------------------------------------------------------------------------------------------------------------------------
[2023/09/29 18:50:06] -----------------------------------------------------------------------------------------------------------------------------------------------------------------------------------
[2023/09/29 18:50:06] [2023-09-29 18:50:06]  NEW BATTLE START
[2023/09/29 18:50:06] BattleID: 1   BattleLevel: 3   Issue: 13   70th.Round
[2023/09/29 18:50:06] RoundID: 1   MapPattern: 9   BattleMapID:  9   WorldMapID: 380   MapName: Hoµng Sa L©m Ngao Chi’n   RuleID: 6
[2023/09/29 18:50:06] -----------------------------------------------------------------------------------------------------------------------------------------------------------------------------------
[2023/09/29 18:50:06] =Hoπt ÆÈng Boss Ti”u xu t hi÷n=
[2023/09/29 19:00:06] =Hoπt ÆÈng Boss Ti”u xu t hi÷n=
[2023/09/29 19:00:06] Æang bao danh thi Æ u 'Th∏ch th¯c thÍi gian'
[2023/09/29 19:54:26] TongConnection close: 127.0.0.1
[2023/09/29 19:54:26] HostConnection close: 127.0.0.1
[2023/09/29 19:54:26] ChatConnection close: 127.0.0.1
[2023/09/29 19:54:29] SockThread stop success
[2023/09/29 19:54:29] S3Relay-ø™ ºπÿ±’£° S3Relay- bat dau dong lai! 
[2023/09/29 19:54:29] 
*
***** S3Relay Stop (@ 0000/00/00 00:-3766616:134778110.153572768) <<<<<
*


[2023/09/29 19:54:29] chat server shutdown
[2023/09/29 19:54:29] tong server shutdown
[2023/09/29 19:54:29] host server shutdown
[2023/09/29 19:54:29] stop autotimer for Ping: 192.168.1.200
[2023/09/29 19:54:29] S3Relay: ”ÎRelayRootµƒ¡¥Ω”∂œø™¡À -  cung voi RelayRoot lien tiep bi ngat quang - 192.168.1.200
