[2023/09/20 21:06:57] Delete event data: ShareKey(EVENT_cailuhongbao), Param1(-1), Param2(-1), Timeout(2010-3-30)
[2023/09/20 21:06:57] Delete event data: ShareKey(EVENT_MIDAUT_2010), Param1(-1), Param2(-1), Timeout(2010-10-19)
[2023/09/20 21:06:57] Delete event data: ShareKey(EVENT_dayanqunxia), Param1(-1), Param2(-1), Timeout(2011-3-20)
[2023/09/20 21:06:57] Delete event data: ShareKey(FUNC_RANK_EQUIPVALUE), Param1(-1), Param2(-1), Timeout()
[2023/09/20 21:06:57] Delete event data: ShareKey(EVENT_April_zhushuai), Param1(-1), Param2(-1), Timeout(2012-6-4)
[2023/09/20 21:06:57] Delete event data: ShareKey(EVENT_2012ChristmasDay), Param1(-1), Param2(-1), Timeout(2013-1-30)
[2023/09/20 21:06:57] Loading All Scripts....................
[2023/09/20 21:06:57] Load Rank FUNC_RANK_EQUIPVALUE
[2023/09/20 21:06:57] Load Stable Rank count 0
[2023/09/20 21:06:57] Load Dynamic Rank count 0
[2023/09/20 21:06:57] Load Rank FUNC_RANK_EQUIPVALUE end
[2023/09/20 21:06:57] 
All Scripts Have Been Loaded! Count = 88
[2023/09/20 21:06:57] root client[:0] create
[2023/09/20 21:06:59] start autotimer for Ping: 
[2023/09/20 21:06:59] TRIP_MODE: None
[2023/09/20 21:06:59] Loading World Setting...
[2023/09/20 21:06:59] Reset map ph„ b∂n thµnh c´ng
[2023/09/20 21:06:59] 1 tong(s) loaded from tongex DB.
[2023/09/20 21:06:59] Load LeagueData: LeagueType: 4, Leagues: 7, Roles: 7
[2023/09/20 21:06:59] Load LeagueData: LeagueType: 500, Leagues: 2, Roles: 2
[2023/09/20 21:06:59] Load LeagueData: LeagueType: 502, Leagues: 11, Roles: 11
[2023/09/20 21:06:59] Load LeagueData: LeagueType: 538, Leagues: 1, Roles: 1
[2023/09/20 21:06:59] Load LeagueData: LeagueType: 10000, Leagues: 1, Roles: 7
[2023/09/20 21:06:59] gateway client create: 127.0.0.1
[2023/09/20 21:06:59] KhÎi ÆÈng h÷ thËng Æ„ng mÎ c∏c ch¯c n®ng trong trﬂ ch¨i...
[2023/09/20 21:06:59] topten server sort list
[2023/09/20 21:06:59] topten server sort list
[2023/09/20 21:06:59] topten server sort list
[2023/09/20 21:06:59] =================GLOBALEXCUTECHAT=================
[2023/09/20 21:06:59] BATTLE[XiangYang] 9:30 startup...
[2023/09/20 21:06:59] BATTLE[XiangYang] 11:00 startup...
[2023/09/20 21:06:59] BATTLE[XiangYang] 13:00 startup...
[2023/09/20 21:06:59] BATTLE[XiangYang] 15:00 startup...
[2023/09/20 21:06:59] BATTLE[XiangYang] 17:00 startup...
[2023/09/20 21:06:59] BATTLE[XiangYang] 19:00 startup...
[2023/09/20 21:06:59] BATTLE[XiangYang] 21:00 startup...
[2023/09/20 21:06:59] BATTLE[XiangYang] 23:00 startup...
[2023/09/20 21:06:59] Ladder startup...
[2023/09/20 21:06:59] MAKE GOLDBOSS AT CITY OR OUTTER  :  22:00
[2023/09/20 21:06:59] MAKE BIG BOSS AT :  22:15
[2023/09/20 21:06:59] GOLD BOSS COUNT :  0
[2023/09/20 21:06:59] MAKE GOLDBOSS AT CITY OR OUTTER  :  23:00
[2023/09/20 21:06:59] º”‘ÿΩ≈±æŒƒº˛ake_new_big_boss_2315.lua ±≥ˆ¥Ì£¨«ÎºÏ≤È”Ô∑®. Gia tai file Van ban goc [] gio bi sai, xin kiem tra ngu phap. 
[2023/09/20 21:06:59] #NAME?
[2023/09/20 21:06:59] KhÎi ÆÈng h‰at ÆÈng Hoa Æ®ng2106
[2023/09/20 21:06:59] =====birthday0905 liehaozhu ## 21:30 ### 30 #? ?###=======
[2023/09/20 21:06:59] X„a d˜ li÷u qu∏i vÀt Hoµng kim trong database52301
[2023/09/20 21:06:59] X„a d˜ li÷u qu∏i vÀt Hoµng kim trong database51302
[2023/09/20 21:06:59] X„a d˜ li÷u qu∏i vÀt Hoµng kim trong database51102
[2023/09/20 21:06:59] X„a d˜ li÷u qu∏i vÀt Hoµng kim trong database135403
[2023/09/20 21:06:59] X„a d˜ li÷u qu∏i vÀt Hoµng kim trong database135604
[2023/09/20 21:06:59] X„a d˜ li÷u qu∏i vÀt Hoµng kim trong database135705
[2023/09/20 21:06:59] X„a d˜ li÷u qu∏i vÀt Hoµng kim trong database135206
[2023/09/20 21:06:59] X„a d˜ li÷u qu∏i vÀt Hoµng kim trong database135807
[2023/09/20 21:06:59] X„a d˜ li÷u qu∏i vÀt Hoµng kim trong database136008
[2023/09/20 21:06:59] X„a d˜ li÷u qu∏i vÀt Hoµng kim trong database135109
[2023/09/20 21:06:59] X„a d?li÷u qu∏i vÀt Hoµng kim trong database52301
[2023/09/20 21:06:59] X„a d?li÷u qu∏i vÀt Hoµng kim trong database51302
[2023/09/20 21:06:59] X„a d?li÷u qu∏i vÀt Hoµng kim trong database51102
[2023/09/20 21:06:59] X„a d?li÷u qu∏i vÀt Hoµng kim trong database135403
[2023/09/20 21:06:59] X„a d?li÷u qu∏i vÀt Hoµng kim trong database135604
[2023/09/20 21:06:59] X„a d?li÷u qu∏i vÀt Hoµng kim trong database135705
[2023/09/20 21:06:59] X„a d?li÷u qu∏i vÀt Hoµng kim trong database135206
[2023/09/20 21:06:59] X„a d?li÷u qu∏i vÀt Hoµng kim trong database135807
[2023/09/20 21:06:59] X„a d?li÷u qu∏i vÀt Hoµng kim trong database136008
[2023/09/20 21:06:59] X„a d?li÷u qu∏i vÀt Hoµng kim trong database135109
[2023/09/20 21:06:59] X„a d˜ li÷u qu∏i vÀt Hoµng kim trong database52301
[2023/09/20 21:06:59] X„a d˜ li÷u qu∏i vÀt Hoµng kim trong database51302
[2023/09/20 21:06:59] X„a d˜ li÷u qu∏i vÀt Hoµng kim trong database51102
[2023/09/20 21:06:59] X„a d˜ li÷u qu∏i vÀt Hoµng kim trong database135403
[2023/09/20 21:06:59] X„a d˜ li÷u qu∏i vÀt Hoµng kim trong database135604
[2023/09/20 21:06:59] X„a d˜ li÷u qu∏i vÀt Hoµng kim trong database135705
[2023/09/20 21:06:59] X„a d˜ li÷u qu∏i vÀt Hoµng kim trong database135206
[2023/09/20 21:06:59] X„a d˜ li÷u qu∏i vÀt Hoµng kim trong database135807
[2023/09/20 21:06:59] X„a d˜ li÷u qu∏i vÀt Hoµng kim trong database136008
[2023/09/20 21:06:59] X„a d˜ li÷u qu∏i vÀt Hoµng kim trong database135109
[2023/09/20 21:06:59] **************** TÊng Æi“u ÆÈng quËc chi’n tËng kim nhi÷m vÙ khÎi ÆÈng thµnh c´ng ****************
[2023/09/20 21:06:59] =================¥≥πÿªÓ∂Ø√ø»’≈≈––∞Ò==================
[2023/09/20 21:06:59] MAKE GOLDBOSS murongquan:  20:20
[2023/09/20 21:06:59] MAKE GOLDBOSS zhangxuan:  20:10
[2023/09/20 21:06:59] MAKE GOLDBOSS jinshiliang:  20:15
[2023/09/20 21:06:59] tianchimijing boss out
[2023/09/20 21:06:59] =================Phong l®ng ÆÈ==================
[2023/09/20 21:06:59] =================Phong l®ng ÆÈ==================
[2023/09/20 21:06:59] =================Phong l®ng ÆÈ==================
[2023/09/20 21:06:59] =================Phong l®ng ÆÈ==================
[2023/09/20 21:06:59] =================Phong l®ng ÆÈ==================
[2023/09/20 21:06:59] =================Phong l®ng ÆÈ==================
[2023/09/20 21:06:59] =================Phong l®ng ÆÈ==================
[2023/09/20 21:06:59] =================Phong l®ng ÆÈ==================
[2023/09/20 21:06:59] =================Phong l®ng ÆÈ==================
[2023/09/20 21:06:59] =================Phong l®ng ÆÈ==================
[2023/09/20 21:06:59] =================Phong l®ng ÆÈ==================
[2023/09/20 21:06:59] =================Phong l®ng ÆÈ==================
[2023/09/20 21:06:59] Nhiem vu khieu chien thoi gian (Vuot ai) - vao cac gio le trong ngay
[2023/09/20 21:06:59] Nhiem vu khieu chien thoi gian (Vuot ai) - vao cac gio le trong ngay
[2023/09/20 21:06:59] Nhiem vu khieu chien thoi gian (Vuot ai) - vao cac gio le trong ngay
[2023/09/20 21:06:59] Nhiem vu khieu chien thoi gian (Vuot ai) - vao cac gio le trong ngay
[2023/09/20 21:06:59] Nhiem vu khieu chien thoi gian (Vuot ai) - vao cac gio le trong ngay
[2023/09/20 21:06:59] Nhiem vu khieu chien thoi gian (Vuot ai) - vao cac gio le trong ngay
[2023/09/20 21:06:59] Nhiem vu khieu chien thoi gian (Vuot ai) - vao cac gio le trong ngay
[2023/09/20 21:06:59] Nhiem vu khieu chien thoi gian (Vuot ai) - vao cac gio le trong ngay
[2023/09/20 21:06:59] Nhiem vu khieu chien thoi gian (Vuot ai) - vao cac gio le trong ngay
[2023/09/20 21:06:59] Nhiem vu khieu chien thoi gian (Vuot ai) - vao cac gio le trong ngay
[2023/09/20 21:06:59] Nhiem vu khieu chien thoi gian (Vuot ai) - vao cac gio le trong ngay
[2023/09/20 21:06:59] Nhiem vu khieu chien thoi gian (Vuot ai) - vao cac gio le trong ngay
[2023/09/20 21:06:59] Failed to init statdatamanager!
[2023/09/20 21:06:59] [SGN]Failed to initialize.
[2023/09/20 21:06:59] SockThread start success
[2023/09/20 21:06:59] S3Relay-∆Ù∂ØÕÍ±œ£° S3Relay- Khoi dong hoan tat! 
[2023/09/20 21:06:59] 
*
***** S3Relay Start (@ 165975456/00/43200 00:-7742136:135874861.136293495) >>>>>
*


[2023/09/20 21:06:59] Game Module Is Started. -->Hoπt ÆÈng xu©n 2006
[2023/09/20 21:06:59] Game Module Is Started. -->OpenShop
[2023/09/20 21:06:59] Game Module Is Started. -->Thi÷p th´ng b∏o chÛc mıng mµu
[2023/09/20 21:06:59] Game Module Is Started. -->Thi÷p cuÈn
[2023/09/20 21:06:59] Game Module Is Started. -->PhÛc duy™n ph∏o hoa
[2023/09/20 21:06:59] Game Module Is Started. -->Truy“n c´ng
[2023/09/20 21:06:59] Game Module Is Started. -->L‘ vÀt t◊nh nh©n
[2023/09/20 21:06:59] Game Module Is Started. -->YANDIBAOZANG
[2023/09/20 21:06:59] Game Module Is Started. -->YANDIBAOZANG_TALK
[2023/09/20 21:06:59] Game Module Is Started. -->SWITH_DAIYITOUSHI
[2023/09/20 21:06:59] Game Module Is Started. -->chunjie2009_dangboss
[2023/09/20 21:06:59] SDBLadder Loaded
[2023/09/20 21:07:20] ChatConnection create: 127.0.0.1
[2023/09/20 21:07:20] TongConnection create: 127.0.0.1
[2023/09/20 21:07:20] HostConnection create: 127.0.0.1
[2023/09/20 21:07:24] GameServerLogin: 127.0.0.1
[2023/09/20 21:07:24] TongDataSendFinish: 127.0.0.1
[2023/09/20 21:07:25] Assign Dynamic map(986,65536) for GS:0
[2023/09/20 21:07:25] GS:0 Total Dynamic map:1
[2023/09/20 21:07:25] GS:0 Total Static map:19
[2023/09/20 21:07:25] Assign Dynamic map(986,65537) for GS:0
[2023/09/20 21:07:25] GS:0 Total Dynamic map:2
[2023/09/20 21:07:25] GS:0 Total Static map:19
[2023/09/20 21:07:25] Assign Dynamic map(986,65538) for GS:0
[2023/09/20 21:07:25] GS:0 Total Dynamic map:3
[2023/09/20 21:07:25] GS:0 Total Static map:19
[2023/09/20 21:07:25] Assign Dynamic map(986,65539) for GS:0
[2023/09/20 21:07:25] GS:0 Total Dynamic map:4
[2023/09/20 21:07:25] GS:0 Total Static map:19
[2023/09/20 21:07:25] Assign Dynamic map(986,65540) for GS:0
[2023/09/20 21:07:25] GS:0 Total Dynamic map:5
[2023/09/20 21:07:25] GS:0 Total Static map:19
[2023/09/20 21:07:25] Assign Dynamic map(948,73911) for GS:0
[2023/09/20 21:07:25] GS:0 Total Dynamic map:6
[2023/09/20 21:07:25] GS:0 Total Static map:19
[2023/09/20 21:07:25] Assign Dynamic map(948,73912) for GS:0
[2023/09/20 21:07:25] GS:0 Total Dynamic map:7
[2023/09/20 21:07:25] GS:0 Total Static map:19
[2023/09/20 21:07:25] Assign Dynamic map(948,73913) for GS:0
[2023/09/20 21:07:25] GS:0 Total Dynamic map:8
[2023/09/20 21:07:25] GS:0 Total Static map:19
[2023/09/20 21:07:25] Assign Dynamic map(948,73914) for GS:0
[2023/09/20 21:07:25] GS:0 Total Dynamic map:9
[2023/09/20 21:07:25] GS:0 Total Static map:19
[2023/09/20 21:07:25] Assign Dynamic map(948,73915) for GS:0
[2023/09/20 21:07:25] GS:0 Total Dynamic map:10
[2023/09/20 21:07:25] GS:0 Total Static map:19
[2023/09/20 21:07:25] Assign Dynamic map(976,65541) for GS:0
[2023/09/20 21:07:25] GS:0 Total Dynamic map:11
[2023/09/20 21:07:25] GS:0 Total Static map:19
[2023/09/20 21:07:25] Assign Dynamic map(976,65542) for GS:0
[2023/09/20 21:07:25] GS:0 Total Dynamic map:12
[2023/09/20 21:07:25] GS:0 Total Static map:19
[2023/09/20 21:07:25] Assign Dynamic map(976,65543) for GS:0
[2023/09/20 21:07:25] GS:0 Total Dynamic map:13
[2023/09/20 21:07:25] GS:0 Total Static map:19
[2023/09/20 21:07:25] Assign Dynamic map(976,65544) for GS:0
[2023/09/20 21:07:25] GS:0 Total Dynamic map:14
[2023/09/20 21:07:25] GS:0 Total Static map:19
[2023/09/20 21:07:25] Assign Dynamic map(976,65545) for GS:0
[2023/09/20 21:07:25] GS:0 Total Dynamic map:15
[2023/09/20 21:07:25] GS:0 Total Static map:19
[2023/09/20 21:07:25] Assign Dynamic map(958,73916) for GS:0
[2023/09/20 21:07:25] GS:0 Total Dynamic map:16
[2023/09/20 21:07:25] GS:0 Total Static map:19
[2023/09/20 21:07:25] Assign Dynamic map(958,73917) for GS:0
[2023/09/20 21:07:25] GS:0 Total Dynamic map:17
[2023/09/20 21:07:25] GS:0 Total Static map:19
[2023/09/20 21:07:25] Assign Dynamic map(958,73918) for GS:0
[2023/09/20 21:07:25] GS:0 Total Dynamic map:18
[2023/09/20 21:07:25] GS:0 Total Static map:19
[2023/09/20 21:07:25] Assign Dynamic map(958,73919) for GS:0
[2023/09/20 21:07:25] GS:0 Total Dynamic map:19
[2023/09/20 21:07:25] GS:0 Total Static map:19
[2023/09/20 21:07:25] Assign Dynamic map(958,73920) for GS:0
[2023/09/20 21:07:25] GS:0 Total Dynamic map:20
[2023/09/20 21:07:25] GS:0 Total Static map:19
[2023/09/20 21:07:25] Assign Dynamic map(988,65546) for GS:0
[2023/09/20 21:07:25] GS:0 Total Dynamic map:21
[2023/09/20 21:07:25] GS:0 Total Static map:19
[2023/09/20 21:07:25] Assign Dynamic map(988,65547) for GS:0
[2023/09/20 21:07:25] GS:0 Total Dynamic map:22
[2023/09/20 21:07:25] GS:0 Total Static map:19
[2023/09/20 21:07:25] Assign Dynamic map(988,65548) for GS:0
[2023/09/20 21:07:25] GS:0 Total Dynamic map:23
[2023/09/20 21:07:25] GS:0 Total Static map:19
[2023/09/20 21:07:25] Assign Dynamic map(988,65549) for GS:0
[2023/09/20 21:07:25] GS:0 Total Dynamic map:24
[2023/09/20 21:07:25] GS:0 Total Static map:19
[2023/09/20 21:07:25] Assign Dynamic map(988,65550) for GS:0
[2023/09/20 21:07:25] GS:0 Total Dynamic map:25
[2023/09/20 21:07:25] GS:0 Total Static map:19
[2023/09/20 21:07:25] Assign Dynamic map(975,65551) for GS:0
[2023/09/20 21:07:25] GS:0 Total Dynamic map:26
[2023/09/20 21:07:25] GS:0 Total Static map:19
[2023/09/20 21:07:25] Assign Dynamic map(975,65552) for GS:0
[2023/09/20 21:07:25] GS:0 Total Dynamic map:27
[2023/09/20 21:07:25] GS:0 Total Static map:19
[2023/09/20 21:07:25] Assign Dynamic map(975,65553) for GS:0
[2023/09/20 21:07:25] GS:0 Total Dynamic map:28
[2023/09/20 21:07:25] GS:0 Total Static map:19
[2023/09/20 21:07:25] Assign Dynamic map(975,65554) for GS:0
[2023/09/20 21:07:25] GS:0 Total Dynamic map:29
[2023/09/20 21:07:25] GS:0 Total Static map:19
[2023/09/20 21:07:25] Assign Dynamic map(975,65555) for GS:0
[2023/09/20 21:07:25] GS:0 Total Dynamic map:30
[2023/09/20 21:07:25] GS:0 Total Static map:19
[2023/09/20 21:09:53] ChatConnection close: 127.0.0.1
[2023/09/20 21:09:53] TongConnection close: 127.0.0.1
[2023/09/20 21:09:53] HostConnection close: 127.0.0.1
[2023/09/20 21:10:10] ChatConnection create: 127.0.0.1
[2023/09/20 21:10:10] TongConnection create: 127.0.0.1
[2023/09/20 21:10:10] HostConnection create: 127.0.0.1
[2023/09/20 21:10:14] GameServerLogin: 127.0.0.1
[2023/09/20 21:10:14] TongDataSendFinish: 127.0.0.1
[2023/09/20 21:10:15] Assign Dynamic map(986,65556) for GS:0
[2023/09/20 21:10:15] GS:0 Total Dynamic map:31
[2023/09/20 21:10:15] GS:0 Total Static map:19
[2023/09/20 21:10:15] Assign Dynamic map(986,65557) for GS:0
[2023/09/20 21:10:15] GS:0 Total Dynamic map:32
[2023/09/20 21:10:15] GS:0 Total Static map:19
[2023/09/20 21:10:15] Assign Dynamic map(986,65558) for GS:0
[2023/09/20 21:10:15] GS:0 Total Dynamic map:33
[2023/09/20 21:10:15] GS:0 Total Static map:19
[2023/09/20 21:10:15] Assign Dynamic map(986,65559) for GS:0
[2023/09/20 21:10:15] GS:0 Total Dynamic map:34
[2023/09/20 21:10:15] GS:0 Total Static map:19
[2023/09/20 21:10:15] Assign Dynamic map(986,65560) for GS:0
[2023/09/20 21:10:15] GS:0 Total Dynamic map:35
[2023/09/20 21:10:15] GS:0 Total Static map:19
[2023/09/20 21:10:15] Assign Dynamic map(976,65561) for GS:0
[2023/09/20 21:10:15] GS:0 Total Dynamic map:36
[2023/09/20 21:10:15] GS:0 Total Static map:19
[2023/09/20 21:10:15] Assign Dynamic map(976,65562) for GS:0
[2023/09/20 21:10:15] GS:0 Total Dynamic map:37
[2023/09/20 21:10:15] GS:0 Total Static map:19
[2023/09/20 21:10:15] Assign Dynamic map(976,65563) for GS:0
[2023/09/20 21:10:15] GS:0 Total Dynamic map:38
[2023/09/20 21:10:15] GS:0 Total Static map:19
[2023/09/20 21:10:15] Assign Dynamic map(976,65564) for GS:0
[2023/09/20 21:10:15] GS:0 Total Dynamic map:39
[2023/09/20 21:10:15] GS:0 Total Static map:19
[2023/09/20 21:10:15] Assign Dynamic map(976,65565) for GS:0
[2023/09/20 21:10:15] GS:0 Total Dynamic map:40
[2023/09/20 21:10:15] GS:0 Total Static map:19
[2023/09/20 21:10:15] Assign Dynamic map(988,65566) for GS:0
[2023/09/20 21:10:15] GS:0 Total Dynamic map:41
[2023/09/20 21:10:15] GS:0 Total Static map:19
[2023/09/20 21:10:15] Assign Dynamic map(988,65567) for GS:0
[2023/09/20 21:10:15] GS:0 Total Dynamic map:42
[2023/09/20 21:10:15] GS:0 Total Static map:19
[2023/09/20 21:10:15] Assign Dynamic map(988,65568) for GS:0
[2023/09/20 21:10:15] GS:0 Total Dynamic map:43
[2023/09/20 21:10:15] GS:0 Total Static map:19
[2023/09/20 21:10:15] Assign Dynamic map(988,65569) for GS:0
[2023/09/20 21:10:15] GS:0 Total Dynamic map:44
[2023/09/20 21:10:15] GS:0 Total Static map:19
[2023/09/20 21:10:15] Assign Dynamic map(988,65570) for GS:0
[2023/09/20 21:10:15] GS:0 Total Dynamic map:45
[2023/09/20 21:10:15] GS:0 Total Static map:19
[2023/09/20 21:10:15] Assign Dynamic map(975,65571) for GS:0
[2023/09/20 21:10:15] GS:0 Total Dynamic map:46
[2023/09/20 21:10:15] GS:0 Total Static map:19
[2023/09/20 21:10:15] Assign Dynamic map(975,65572) for GS:0
[2023/09/20 21:10:15] GS:0 Total Dynamic map:47
[2023/09/20 21:10:15] GS:0 Total Static map:19
[2023/09/20 21:10:15] Assign Dynamic map(975,65573) for GS:0
[2023/09/20 21:10:15] GS:0 Total Dynamic map:48
[2023/09/20 21:10:15] GS:0 Total Static map:19
[2023/09/20 21:10:15] Assign Dynamic map(975,65574) for GS:0
[2023/09/20 21:10:15] GS:0 Total Dynamic map:49
[2023/09/20 21:10:15] GS:0 Total Static map:19
[2023/09/20 21:10:15] Assign Dynamic map(975,65575) for GS:0
[2023/09/20 21:10:15] GS:0 Total Dynamic map:50
[2023/09/20 21:10:15] GS:0 Total Static map:19
[2023/09/20 21:10:56] ChatConnection close: 127.0.0.1
[2023/09/20 21:10:56] HostConnection close: 127.0.0.1
[2023/09/20 21:10:56] TongConnection close: 127.0.0.1
[2023/09/20 21:10:59] =Hoπt ÆÈng Boss Ti”u xu t hi÷n=
[2023/09/20 21:11:13] ChatConnection create: 127.0.0.1
[2023/09/20 21:11:13] TongConnection create: 127.0.0.1
[2023/09/20 21:11:13] HostConnection create: 127.0.0.1
[2023/09/20 21:11:17] GameServerLogin: 127.0.0.1
[2023/09/20 21:11:17] TongDataSendFinish: 127.0.0.1
[2023/09/20 21:11:19] Assign Dynamic map(986,65576) for GS:0
[2023/09/20 21:11:19] GS:0 Total Dynamic map:51
[2023/09/20 21:11:19] GS:0 Total Static map:19
[2023/09/20 21:11:19] Assign Dynamic map(986,65577) for GS:0
[2023/09/20 21:11:19] GS:0 Total Dynamic map:52
[2023/09/20 21:11:19] GS:0 Total Static map:19
[2023/09/20 21:11:19] Assign Dynamic map(986,65578) for GS:0
[2023/09/20 21:11:19] GS:0 Total Dynamic map:53
[2023/09/20 21:11:19] GS:0 Total Static map:19
[2023/09/20 21:11:19] Assign Dynamic map(986,65579) for GS:0
[2023/09/20 21:11:19] GS:0 Total Dynamic map:54
[2023/09/20 21:11:19] GS:0 Total Static map:19
[2023/09/20 21:11:19] Assign Dynamic map(986,65580) for GS:0
[2023/09/20 21:11:19] GS:0 Total Dynamic map:55
[2023/09/20 21:11:19] GS:0 Total Static map:19
[2023/09/20 21:11:19] Assign Dynamic map(976,65581) for GS:0
[2023/09/20 21:11:19] GS:0 Total Dynamic map:56
[2023/09/20 21:11:19] GS:0 Total Static map:19
[2023/09/20 21:11:19] Assign Dynamic map(976,65582) for GS:0
[2023/09/20 21:11:19] GS:0 Total Dynamic map:57
[2023/09/20 21:11:19] GS:0 Total Static map:19
[2023/09/20 21:11:19] Assign Dynamic map(976,65583) for GS:0
[2023/09/20 21:11:19] GS:0 Total Dynamic map:58
[2023/09/20 21:11:19] GS:0 Total Static map:19
[2023/09/20 21:11:19] Assign Dynamic map(976,65584) for GS:0
[2023/09/20 21:11:19] GS:0 Total Dynamic map:59
[2023/09/20 21:11:19] GS:0 Total Static map:19
[2023/09/20 21:11:19] Assign Dynamic map(976,65585) for GS:0
[2023/09/20 21:11:19] GS:0 Total Dynamic map:60
[2023/09/20 21:11:19] GS:0 Total Static map:19
[2023/09/20 21:11:19] Assign Dynamic map(958,73921) for GS:0
[2023/09/20 21:11:19] GS:0 Total Dynamic map:61
[2023/09/20 21:11:19] GS:0 Total Static map:19
[2023/09/20 21:11:19] Assign Dynamic map(958,73922) for GS:0
[2023/09/20 21:11:19] GS:0 Total Dynamic map:62
[2023/09/20 21:11:19] GS:0 Total Static map:19
[2023/09/20 21:11:19] Assign Dynamic map(958,73923) for GS:0
[2023/09/20 21:11:19] GS:0 Total Dynamic map:63
[2023/09/20 21:11:19] GS:0 Total Static map:19
[2023/09/20 21:11:19] Assign Dynamic map(988,65586) for GS:0
[2023/09/20 21:11:19] GS:0 Total Dynamic map:64
[2023/09/20 21:11:19] GS:0 Total Static map:19
[2023/09/20 21:11:19] Assign Dynamic map(988,65587) for GS:0
[2023/09/20 21:11:19] GS:0 Total Dynamic map:65
[2023/09/20 21:11:19] GS:0 Total Static map:19
[2023/09/20 21:11:19] Assign Dynamic map(988,65588) for GS:0
[2023/09/20 21:11:19] GS:0 Total Dynamic map:66
[2023/09/20 21:11:19] GS:0 Total Static map:19
[2023/09/20 21:11:19] Assign Dynamic map(988,65589) for GS:0
[2023/09/20 21:11:19] GS:0 Total Dynamic map:67
[2023/09/20 21:11:19] GS:0 Total Static map:19
[2023/09/20 21:11:19] Assign Dynamic map(988,65590) for GS:0
[2023/09/20 21:11:19] GS:0 Total Dynamic map:68
[2023/09/20 21:11:19] GS:0 Total Static map:19
[2023/09/20 21:11:19] Assign Dynamic map(975,65591) for GS:0
[2023/09/20 21:11:19] GS:0 Total Dynamic map:69
[2023/09/20 21:11:19] GS:0 Total Static map:19
[2023/09/20 21:11:19] Assign Dynamic map(975,65592) for GS:0
[2023/09/20 21:11:19] GS:0 Total Dynamic map:70
[2023/09/20 21:11:19] GS:0 Total Static map:19
[2023/09/20 21:11:19] Assign Dynamic map(975,65593) for GS:0
[2023/09/20 21:11:19] GS:0 Total Dynamic map:71
[2023/09/20 21:11:19] GS:0 Total Static map:19
[2023/09/20 21:11:19] Assign Dynamic map(975,65594) for GS:0
[2023/09/20 21:11:19] GS:0 Total Dynamic map:72
[2023/09/20 21:11:19] GS:0 Total Static map:19
[2023/09/20 21:11:19] Assign Dynamic map(975,65595) for GS:0
[2023/09/20 21:11:19] GS:0 Total Dynamic map:73
[2023/09/20 21:11:19] GS:0 Total Static map:19
[2023/09/20 21:12:23] ChatConnection close: 127.0.0.1
[2023/09/20 21:12:23] HostConnection close: 127.0.0.1
[2023/09/20 21:12:23] TongConnection close: 127.0.0.1
[2023/09/20 21:12:42] ChatConnection create: 127.0.0.1
[2023/09/20 21:12:42] TongConnection create: 127.0.0.1
[2023/09/20 21:12:42] HostConnection create: 127.0.0.1
[2023/09/20 21:12:46] GameServerLogin: 127.0.0.1
[2023/09/20 21:12:46] TongDataSendFinish: 127.0.0.1
[2023/09/20 21:12:47] Assign Dynamic map(986,65596) for GS:0
[2023/09/20 21:12:47] GS:0 Total Dynamic map:74
[2023/09/20 21:12:47] GS:0 Total Static map:19
[2023/09/20 21:12:47] Assign Dynamic map(986,65597) for GS:0
[2023/09/20 21:12:47] GS:0 Total Dynamic map:75
[2023/09/20 21:12:47] GS:0 Total Static map:19
[2023/09/20 21:12:47] Assign Dynamic map(986,65598) for GS:0
[2023/09/20 21:12:47] GS:0 Total Dynamic map:76
[2023/09/20 21:12:47] GS:0 Total Static map:19
[2023/09/20 21:12:47] Assign Dynamic map(986,65599) for GS:0
[2023/09/20 21:12:47] GS:0 Total Dynamic map:77
[2023/09/20 21:12:47] GS:0 Total Static map:19
[2023/09/20 21:12:47] Assign Dynamic map(986,65600) for GS:0
[2023/09/20 21:12:47] GS:0 Total Dynamic map:78
[2023/09/20 21:12:47] GS:0 Total Static map:19
[2023/09/20 21:12:47] Assign Dynamic map(976,65601) for GS:0
[2023/09/20 21:12:47] GS:0 Total Dynamic map:79
[2023/09/20 21:12:47] GS:0 Total Static map:19
[2023/09/20 21:12:47] Assign Dynamic map(976,65602) for GS:0
[2023/09/20 21:12:47] GS:0 Total Dynamic map:80
[2023/09/20 21:12:47] GS:0 Total Static map:19
[2023/09/20 21:12:47] Assign Dynamic map(976,65603) for GS:0
[2023/09/20 21:12:47] GS:0 Total Dynamic map:81
[2023/09/20 21:12:47] GS:0 Total Static map:19
[2023/09/20 21:12:47] Assign Dynamic map(976,65604) for GS:0
[2023/09/20 21:12:47] GS:0 Total Dynamic map:82
[2023/09/20 21:12:47] GS:0 Total Static map:19
[2023/09/20 21:12:47] Assign Dynamic map(976,65605) for GS:0
[2023/09/20 21:12:47] GS:0 Total Dynamic map:83
[2023/09/20 21:12:47] GS:0 Total Static map:19
[2023/09/20 21:12:47] Assign Dynamic map(988,65606) for GS:0
[2023/09/20 21:12:47] GS:0 Total Dynamic map:84
[2023/09/20 21:12:47] GS:0 Total Static map:19
[2023/09/20 21:12:47] Assign Dynamic map(988,65607) for GS:0
[2023/09/20 21:12:47] GS:0 Total Dynamic map:85
[2023/09/20 21:12:47] GS:0 Total Static map:19
[2023/09/20 21:12:47] Assign Dynamic map(988,65608) for GS:0
[2023/09/20 21:12:47] GS:0 Total Dynamic map:86
[2023/09/20 21:12:47] GS:0 Total Static map:19
[2023/09/20 21:12:47] Assign Dynamic map(988,65609) for GS:0
[2023/09/20 21:12:47] GS:0 Total Dynamic map:87
[2023/09/20 21:12:47] GS:0 Total Static map:19
[2023/09/20 21:12:47] Assign Dynamic map(988,65610) for GS:0
[2023/09/20 21:12:47] GS:0 Total Dynamic map:88
[2023/09/20 21:12:47] GS:0 Total Static map:19
[2023/09/20 21:12:47] Assign Dynamic map(975,65611) for GS:0
[2023/09/20 21:12:47] GS:0 Total Dynamic map:89
[2023/09/20 21:12:47] GS:0 Total Static map:19
[2023/09/20 21:12:47] Assign Dynamic map(975,65612) for GS:0
[2023/09/20 21:12:47] GS:0 Total Dynamic map:90
[2023/09/20 21:12:47] GS:0 Total Static map:19
[2023/09/20 21:12:47] Assign Dynamic map(975,65613) for GS:0
[2023/09/20 21:12:47] GS:0 Total Dynamic map:91
[2023/09/20 21:12:47] GS:0 Total Static map:19
[2023/09/20 21:12:47] Assign Dynamic map(975,65614) for GS:0
[2023/09/20 21:12:47] GS:0 Total Dynamic map:92
[2023/09/20 21:12:47] GS:0 Total Static map:19
[2023/09/20 21:12:47] Assign Dynamic map(975,65615) for GS:0
[2023/09/20 21:12:47] GS:0 Total Dynamic map:93
[2023/09/20 21:12:47] GS:0 Total Static map:19
[2023/09/20 21:12:49] Release Dynamic map(73916) for GS:0
[2023/09/20 21:12:49] GS:0 Total Dynamic map:92
[2023/09/20 21:12:49] GS:0 Total Static map:19
[2023/09/20 21:12:49] Release Dynamic map(73917) for GS:0
[2023/09/20 21:12:49] GS:0 Total Dynamic map:91
[2023/09/20 21:12:49] GS:0 Total Static map:19
[2023/09/20 21:12:49] Release Dynamic map(73918) for GS:0
[2023/09/20 21:12:49] GS:0 Total Dynamic map:90
[2023/09/20 21:12:49] GS:0 Total Static map:19
[2023/09/20 21:14:28] ChatConnection close: 127.0.0.1
[2023/09/20 21:14:28] TongConnection close: 127.0.0.1
[2023/09/20 21:14:28] HostConnection close: 127.0.0.1
[2023/09/20 21:14:46] ChatConnection create: 127.0.0.1
[2023/09/20 21:14:46] TongConnection create: 127.0.0.1
[2023/09/20 21:14:46] HostConnection create: 127.0.0.1
[2023/09/20 21:14:50] GameServerLogin: 127.0.0.1
[2023/09/20 21:14:50] TongDataSendFinish: 127.0.0.1
[2023/09/20 21:14:51] Assign Dynamic map(986,65616) for GS:0
[2023/09/20 21:14:51] GS:0 Total Dynamic map:91
[2023/09/20 21:14:51] GS:0 Total Static map:19
[2023/09/20 21:14:51] Assign Dynamic map(986,65617) for GS:0
[2023/09/20 21:14:51] GS:0 Total Dynamic map:92
[2023/09/20 21:14:51] GS:0 Total Static map:19
[2023/09/20 21:14:51] Assign Dynamic map(986,65618) for GS:0
[2023/09/20 21:14:51] GS:0 Total Dynamic map:93
[2023/09/20 21:14:51] GS:0 Total Static map:19
[2023/09/20 21:14:51] Assign Dynamic map(986,65619) for GS:0
[2023/09/20 21:14:51] GS:0 Total Dynamic map:94
[2023/09/20 21:14:51] GS:0 Total Static map:19
[2023/09/20 21:14:51] Assign Dynamic map(986,65620) for GS:0
[2023/09/20 21:14:51] GS:0 Total Dynamic map:95
[2023/09/20 21:14:51] GS:0 Total Static map:19
[2023/09/20 21:14:51] Assign Dynamic map(976,65621) for GS:0
[2023/09/20 21:14:51] GS:0 Total Dynamic map:96
[2023/09/20 21:14:51] GS:0 Total Static map:19
[2023/09/20 21:14:51] Assign Dynamic map(976,65622) for GS:0
[2023/09/20 21:14:51] GS:0 Total Dynamic map:97
[2023/09/20 21:14:51] GS:0 Total Static map:19
[2023/09/20 21:14:51] Assign Dynamic map(976,65623) for GS:0
[2023/09/20 21:14:51] GS:0 Total Dynamic map:98
[2023/09/20 21:14:51] GS:0 Total Static map:19
[2023/09/20 21:14:51] Assign Dynamic map(976,65624) for GS:0
[2023/09/20 21:14:51] GS:0 Total Dynamic map:99
[2023/09/20 21:14:51] GS:0 Total Static map:19
[2023/09/20 21:14:51] Assign Dynamic map(976,65625) for GS:0
[2023/09/20 21:14:51] GS:0 Total Dynamic map:100
[2023/09/20 21:14:51] GS:0 Total Static map:19
[2023/09/20 21:14:51] Assign Dynamic map(988,65626) for GS:0
[2023/09/20 21:14:51] GS:0 Total Dynamic map:101
[2023/09/20 21:14:51] GS:0 Total Static map:19
[2023/09/20 21:14:51] Assign Dynamic map(988,65627) for GS:0
[2023/09/20 21:14:51] GS:0 Total Dynamic map:102
[2023/09/20 21:14:51] GS:0 Total Static map:19
[2023/09/20 21:14:51] Assign Dynamic map(988,65628) for GS:0
[2023/09/20 21:14:51] GS:0 Total Dynamic map:103
[2023/09/20 21:14:51] GS:0 Total Static map:19
[2023/09/20 21:14:51] Assign Dynamic map(988,65629) for GS:0
[2023/09/20 21:14:51] GS:0 Total Dynamic map:104
[2023/09/20 21:14:51] GS:0 Total Static map:19
[2023/09/20 21:14:51] Assign Dynamic map(988,65630) for GS:0
[2023/09/20 21:14:51] GS:0 Total Dynamic map:105
[2023/09/20 21:14:51] GS:0 Total Static map:19
[2023/09/20 21:14:51] Assign Dynamic map(975,65631) for GS:0
[2023/09/20 21:14:51] GS:0 Total Dynamic map:106
[2023/09/20 21:14:51] GS:0 Total Static map:19
[2023/09/20 21:14:51] Assign Dynamic map(975,65632) for GS:0
[2023/09/20 21:14:51] GS:0 Total Dynamic map:107
[2023/09/20 21:14:51] GS:0 Total Static map:19
[2023/09/20 21:14:51] Assign Dynamic map(975,65633) for GS:0
[2023/09/20 21:14:51] GS:0 Total Dynamic map:108
[2023/09/20 21:14:51] GS:0 Total Static map:19
[2023/09/20 21:14:51] Assign Dynamic map(975,65634) for GS:0
[2023/09/20 21:14:51] GS:0 Total Dynamic map:109
[2023/09/20 21:14:51] GS:0 Total Static map:19
[2023/09/20 21:14:51] Assign Dynamic map(975,65635) for GS:0
[2023/09/20 21:14:51] GS:0 Total Dynamic map:110
[2023/09/20 21:14:51] GS:0 Total Static map:19
[2023/09/20 21:15:29] HostConnection close: 127.0.0.1
[2023/09/20 21:15:29] TongConnection close: 127.0.0.1
[2023/09/20 21:15:29] ChatConnection close: 127.0.0.1
[2023/09/20 21:15:46] ChatConnection create: 127.0.0.1
[2023/09/20 21:15:46] TongConnection create: 127.0.0.1
[2023/09/20 21:15:46] HostConnection create: 127.0.0.1
[2023/09/20 21:15:50] GameServerLogin: 127.0.0.1
[2023/09/20 21:15:50] TongDataSendFinish: 127.0.0.1
[2023/09/20 21:15:51] Assign Dynamic map(986,65636) for GS:0
[2023/09/20 21:15:51] GS:0 Total Dynamic map:111
[2023/09/20 21:15:51] GS:0 Total Static map:19
[2023/09/20 21:15:51] Assign Dynamic map(986,65637) for GS:0
[2023/09/20 21:15:51] GS:0 Total Dynamic map:112
[2023/09/20 21:15:51] GS:0 Total Static map:19
[2023/09/20 21:15:51] Assign Dynamic map(986,65638) for GS:0
[2023/09/20 21:15:51] GS:0 Total Dynamic map:113
[2023/09/20 21:15:51] GS:0 Total Static map:19
[2023/09/20 21:15:51] Assign Dynamic map(986,65639) for GS:0
[2023/09/20 21:15:51] GS:0 Total Dynamic map:114
[2023/09/20 21:15:51] GS:0 Total Static map:19
[2023/09/20 21:15:51] Assign Dynamic map(986,65640) for GS:0
[2023/09/20 21:15:51] GS:0 Total Dynamic map:115
[2023/09/20 21:15:51] GS:0 Total Static map:19
[2023/09/20 21:15:51] Assign Dynamic map(976,65641) for GS:0
[2023/09/20 21:15:51] GS:0 Total Dynamic map:116
[2023/09/20 21:15:51] GS:0 Total Static map:19
[2023/09/20 21:15:51] Assign Dynamic map(976,65642) for GS:0
[2023/09/20 21:15:51] GS:0 Total Dynamic map:117
[2023/09/20 21:15:51] GS:0 Total Static map:19
[2023/09/20 21:15:51] Assign Dynamic map(976,65643) for GS:0
[2023/09/20 21:15:51] GS:0 Total Dynamic map:118
[2023/09/20 21:15:51] GS:0 Total Static map:19
[2023/09/20 21:15:51] Assign Dynamic map(976,65644) for GS:0
[2023/09/20 21:15:51] GS:0 Total Dynamic map:119
[2023/09/20 21:15:51] GS:0 Total Static map:19
[2023/09/20 21:15:51] Assign Dynamic map(976,65645) for GS:0
[2023/09/20 21:15:51] GS:0 Total Dynamic map:120
[2023/09/20 21:15:51] GS:0 Total Static map:19
[2023/09/20 21:15:51] Assign Dynamic map(988,65646) for GS:0
[2023/09/20 21:15:51] GS:0 Total Dynamic map:121
[2023/09/20 21:15:51] GS:0 Total Static map:19
[2023/09/20 21:15:51] Assign Dynamic map(988,65647) for GS:0
[2023/09/20 21:15:51] GS:0 Total Dynamic map:122
[2023/09/20 21:15:51] GS:0 Total Static map:19
[2023/09/20 21:15:51] Assign Dynamic map(988,65648) for GS:0
[2023/09/20 21:15:51] GS:0 Total Dynamic map:123
[2023/09/20 21:15:51] GS:0 Total Static map:19
[2023/09/20 21:15:51] Assign Dynamic map(988,65649) for GS:0
[2023/09/20 21:15:51] GS:0 Total Dynamic map:124
[2023/09/20 21:15:51] GS:0 Total Static map:19
[2023/09/20 21:15:51] Assign Dynamic map(988,65650) for GS:0
[2023/09/20 21:15:51] GS:0 Total Dynamic map:125
[2023/09/20 21:15:51] GS:0 Total Static map:19
[2023/09/20 21:15:51] Assign Dynamic map(975,65651) for GS:0
[2023/09/20 21:15:51] GS:0 Total Dynamic map:126
[2023/09/20 21:15:51] GS:0 Total Static map:19
[2023/09/20 21:15:51] Assign Dynamic map(975,65652) for GS:0
[2023/09/20 21:15:51] GS:0 Total Dynamic map:127
[2023/09/20 21:15:51] GS:0 Total Static map:19
[2023/09/20 21:15:51] Assign Dynamic map(975,65653) for GS:0
[2023/09/20 21:15:51] GS:0 Total Dynamic map:128
[2023/09/20 21:15:51] GS:0 Total Static map:19
[2023/09/20 21:15:51] Assign Dynamic map(975,65654) for GS:0
[2023/09/20 21:15:51] GS:0 Total Dynamic map:129
[2023/09/20 21:15:51] GS:0 Total Static map:19
[2023/09/20 21:15:51] Assign Dynamic map(975,65655) for GS:0
[2023/09/20 21:15:51] GS:0 Total Dynamic map:130
[2023/09/20 21:15:51] GS:0 Total Static map:19
[2023/09/20 21:19:44] ChatConnection close: 127.0.0.1
[2023/09/20 21:19:44] TongConnection close: 127.0.0.1
[2023/09/20 21:19:44] HostConnection close: 127.0.0.1
[2023/09/20 21:20:03] HostConnection create: 127.0.0.1
[2023/09/20 21:20:03] TongConnection create: 127.0.0.1
[2023/09/20 21:20:03] ChatConnection create: 127.0.0.1
[2023/09/20 21:20:07] GameServerLogin: 127.0.0.1
[2023/09/20 21:20:07] TongDataSendFinish: 127.0.0.1
[2023/09/20 21:20:09] Assign Dynamic map(986,65656) for GS:0
[2023/09/20 21:20:09] GS:0 Total Dynamic map:131
[2023/09/20 21:20:09] GS:0 Total Static map:19
[2023/09/20 21:20:09] Assign Dynamic map(986,65657) for GS:0
[2023/09/20 21:20:09] GS:0 Total Dynamic map:132
[2023/09/20 21:20:09] GS:0 Total Static map:19
[2023/09/20 21:20:09] Assign Dynamic map(986,65658) for GS:0
[2023/09/20 21:20:09] GS:0 Total Dynamic map:133
[2023/09/20 21:20:09] GS:0 Total Static map:19
[2023/09/20 21:20:09] Assign Dynamic map(986,65659) for GS:0
[2023/09/20 21:20:09] GS:0 Total Dynamic map:134
[2023/09/20 21:20:09] GS:0 Total Static map:19
[2023/09/20 21:20:09] Assign Dynamic map(986,65660) for GS:0
[2023/09/20 21:20:09] GS:0 Total Dynamic map:135
[2023/09/20 21:20:09] GS:0 Total Static map:19
[2023/09/20 21:20:09] Assign Dynamic map(948,73924) for GS:0
[2023/09/20 21:20:09] GS:0 Total Dynamic map:136
[2023/09/20 21:20:09] GS:0 Total Static map:19
[2023/09/20 21:20:09] Assign Dynamic map(948,73925) for GS:0
[2023/09/20 21:20:09] GS:0 Total Dynamic map:137
[2023/09/20 21:20:09] GS:0 Total Static map:19
[2023/09/20 21:20:09] Assign Dynamic map(948,73926) for GS:0
[2023/09/20 21:20:09] GS:0 Total Dynamic map:138
[2023/09/20 21:20:09] GS:0 Total Static map:19
[2023/09/20 21:20:09] Assign Dynamic map(976,65661) for GS:0
[2023/09/20 21:20:09] GS:0 Total Dynamic map:139
[2023/09/20 21:20:09] GS:0 Total Static map:19
[2023/09/20 21:20:09] Assign Dynamic map(976,65662) for GS:0
[2023/09/20 21:20:09] GS:0 Total Dynamic map:140
[2023/09/20 21:20:09] GS:0 Total Static map:19
[2023/09/20 21:20:09] Assign Dynamic map(976,65663) for GS:0
[2023/09/20 21:20:09] GS:0 Total Dynamic map:141
[2023/09/20 21:20:09] GS:0 Total Static map:19
[2023/09/20 21:20:09] Assign Dynamic map(976,65664) for GS:0
[2023/09/20 21:20:09] GS:0 Total Dynamic map:142
[2023/09/20 21:20:09] GS:0 Total Static map:19
[2023/09/20 21:20:09] Assign Dynamic map(976,65665) for GS:0
[2023/09/20 21:20:09] GS:0 Total Dynamic map:143
[2023/09/20 21:20:09] GS:0 Total Static map:19
[2023/09/20 21:20:09] Assign Dynamic map(958,73927) for GS:0
[2023/09/20 21:20:09] GS:0 Total Dynamic map:144
[2023/09/20 21:20:09] GS:0 Total Static map:19
[2023/09/20 21:20:09] Assign Dynamic map(958,73928) for GS:0
[2023/09/20 21:20:09] GS:0 Total Dynamic map:145
[2023/09/20 21:20:09] GS:0 Total Static map:19
[2023/09/20 21:20:09] Assign Dynamic map(958,73929) for GS:0
[2023/09/20 21:20:09] GS:0 Total Dynamic map:146
[2023/09/20 21:20:09] GS:0 Total Static map:19
[2023/09/20 21:20:09] Assign Dynamic map(958,73930) for GS:0
[2023/09/20 21:20:09] GS:0 Total Dynamic map:147
[2023/09/20 21:20:09] GS:0 Total Static map:19
[2023/09/20 21:20:09] Assign Dynamic map(958,73931) for GS:0
[2023/09/20 21:20:09] GS:0 Total Dynamic map:148
[2023/09/20 21:20:09] GS:0 Total Static map:19
[2023/09/20 21:20:09] Assign Dynamic map(988,65666) for GS:0
[2023/09/20 21:20:09] GS:0 Total Dynamic map:149
[2023/09/20 21:20:09] GS:0 Total Static map:19
[2023/09/20 21:20:09] Assign Dynamic map(988,65667) for GS:0
[2023/09/20 21:20:09] GS:0 Total Dynamic map:150
[2023/09/20 21:20:09] GS:0 Total Static map:19
[2023/09/20 21:20:09] Assign Dynamic map(988,65668) for GS:0
[2023/09/20 21:20:09] GS:0 Total Dynamic map:151
[2023/09/20 21:20:09] GS:0 Total Static map:19
[2023/09/20 21:20:09] Assign Dynamic map(988,65669) for GS:0
[2023/09/20 21:20:09] GS:0 Total Dynamic map:152
[2023/09/20 21:20:09] GS:0 Total Static map:19
[2023/09/20 21:20:09] Assign Dynamic map(988,65670) for GS:0
[2023/09/20 21:20:09] GS:0 Total Dynamic map:153
[2023/09/20 21:20:09] GS:0 Total Static map:19
[2023/09/20 21:20:09] Assign Dynamic map(975,65671) for GS:0
[2023/09/20 21:20:09] GS:0 Total Dynamic map:154
[2023/09/20 21:20:09] GS:0 Total Static map:19
[2023/09/20 21:20:09] Assign Dynamic map(975,65672) for GS:0
[2023/09/20 21:20:09] GS:0 Total Dynamic map:155
[2023/09/20 21:20:09] GS:0 Total Static map:19
[2023/09/20 21:20:09] Assign Dynamic map(975,65673) for GS:0
[2023/09/20 21:20:09] GS:0 Total Dynamic map:156
[2023/09/20 21:20:09] GS:0 Total Static map:19
[2023/09/20 21:20:09] Assign Dynamic map(975,65674) for GS:0
[2023/09/20 21:20:09] GS:0 Total Dynamic map:157
[2023/09/20 21:20:09] GS:0 Total Static map:19
[2023/09/20 21:20:09] Assign Dynamic map(975,65675) for GS:0
[2023/09/20 21:20:09] GS:0 Total Dynamic map:158
[2023/09/20 21:20:09] GS:0 Total Static map:19
[2023/09/20 21:20:59] =Hoπt ÆÈng Boss Ti”u xu t hi÷n=
[2023/09/20 21:24:01] ChatConnection close: 127.0.0.1
[2023/09/20 21:24:01] HostConnection close: 127.0.0.1
[2023/09/20 21:24:01] TongConnection close: 127.0.0.1
[2023/09/20 21:24:19] ChatConnection create: 127.0.0.1
[2023/09/20 21:24:19] TongConnection create: 127.0.0.1
[2023/09/20 21:24:19] HostConnection create: 127.0.0.1
[2023/09/20 21:24:23] GameServerLogin: 127.0.0.1
[2023/09/20 21:24:23] TongDataSendFinish: 127.0.0.1
[2023/09/20 21:24:24] Assign Dynamic map(986,65676) for GS:0
[2023/09/20 21:24:24] GS:0 Total Dynamic map:159
[2023/09/20 21:24:24] GS:0 Total Static map:19
[2023/09/20 21:24:24] Assign Dynamic map(986,65677) for GS:0
[2023/09/20 21:24:24] GS:0 Total Dynamic map:160
[2023/09/20 21:24:24] GS:0 Total Static map:19
[2023/09/20 21:24:24] Assign Dynamic map(986,65678) for GS:0
[2023/09/20 21:24:24] GS:0 Total Dynamic map:161
[2023/09/20 21:24:24] GS:0 Total Static map:19
[2023/09/20 21:24:24] Assign Dynamic map(986,65679) for GS:0
[2023/09/20 21:24:24] GS:0 Total Dynamic map:162
[2023/09/20 21:24:24] GS:0 Total Static map:19
[2023/09/20 21:24:24] Assign Dynamic map(986,65680) for GS:0
[2023/09/20 21:24:24] GS:0 Total Dynamic map:163
[2023/09/20 21:24:24] GS:0 Total Static map:19
[2023/09/20 21:24:24] Assign Dynamic map(976,65681) for GS:0
[2023/09/20 21:24:24] GS:0 Total Dynamic map:164
[2023/09/20 21:24:24] GS:0 Total Static map:19
[2023/09/20 21:24:24] Assign Dynamic map(976,65682) for GS:0
[2023/09/20 21:24:24] GS:0 Total Dynamic map:165
[2023/09/20 21:24:24] GS:0 Total Static map:19
[2023/09/20 21:24:24] Assign Dynamic map(976,65683) for GS:0
[2023/09/20 21:24:24] GS:0 Total Dynamic map:166
[2023/09/20 21:24:24] GS:0 Total Static map:19
[2023/09/20 21:24:24] Assign Dynamic map(976,65684) for GS:0
[2023/09/20 21:24:24] GS:0 Total Dynamic map:167
[2023/09/20 21:24:24] GS:0 Total Static map:19
[2023/09/20 21:24:24] Assign Dynamic map(976,65685) for GS:0
[2023/09/20 21:24:24] GS:0 Total Dynamic map:168
[2023/09/20 21:24:24] GS:0 Total Static map:19
[2023/09/20 21:24:24] Assign Dynamic map(988,65686) for GS:0
[2023/09/20 21:24:24] GS:0 Total Dynamic map:169
[2023/09/20 21:24:24] GS:0 Total Static map:19
[2023/09/20 21:24:24] Assign Dynamic map(988,65687) for GS:0
[2023/09/20 21:24:24] GS:0 Total Dynamic map:170
[2023/09/20 21:24:24] GS:0 Total Static map:19
[2023/09/20 21:24:24] Assign Dynamic map(988,65688) for GS:0
[2023/09/20 21:24:24] GS:0 Total Dynamic map:171
[2023/09/20 21:24:24] GS:0 Total Static map:19
[2023/09/20 21:24:24] Assign Dynamic map(988,65689) for GS:0
[2023/09/20 21:24:24] GS:0 Total Dynamic map:172
[2023/09/20 21:24:24] GS:0 Total Static map:19
[2023/09/20 21:24:24] Assign Dynamic map(988,65690) for GS:0
[2023/09/20 21:24:24] GS:0 Total Dynamic map:173
[2023/09/20 21:24:24] GS:0 Total Static map:19
[2023/09/20 21:24:24] Assign Dynamic map(975,65691) for GS:0
[2023/09/20 21:24:24] GS:0 Total Dynamic map:174
[2023/09/20 21:24:24] GS:0 Total Static map:19
[2023/09/20 21:24:24] Assign Dynamic map(975,65692) for GS:0
[2023/09/20 21:24:24] GS:0 Total Dynamic map:175
[2023/09/20 21:24:24] GS:0 Total Static map:19
[2023/09/20 21:24:24] Assign Dynamic map(975,65693) for GS:0
[2023/09/20 21:24:24] GS:0 Total Dynamic map:176
[2023/09/20 21:24:24] GS:0 Total Static map:19
[2023/09/20 21:24:24] Assign Dynamic map(975,65694) for GS:0
[2023/09/20 21:24:24] GS:0 Total Dynamic map:177
[2023/09/20 21:24:24] GS:0 Total Static map:19
[2023/09/20 21:24:24] Assign Dynamic map(975,65695) for GS:0
[2023/09/20 21:24:24] GS:0 Total Dynamic map:178
[2023/09/20 21:24:24] GS:0 Total Static map:19
[2023/09/20 21:30:50] HostConnection close: 127.0.0.1
[2023/09/20 21:30:50] TongConnection close: 127.0.0.1
[2023/09/20 21:30:50] ChatConnection close: 127.0.0.1
[2023/09/20 21:30:59] =Hoπt ÆÈng Boss Ti”u xu t hi÷n=
[2023/09/20 21:31:08] ChatConnection create: 127.0.0.1
[2023/09/20 21:31:08] TongConnection create: 127.0.0.1
[2023/09/20 21:31:08] HostConnection create: 127.0.0.1
[2023/09/20 21:31:12] GameServerLogin: 127.0.0.1
[2023/09/20 21:31:12] TongDataSendFinish: 127.0.0.1
[2023/09/20 21:31:13] Assign Dynamic map(986,65696) for GS:0
[2023/09/20 21:31:13] GS:0 Total Dynamic map:179
[2023/09/20 21:31:13] GS:0 Total Static map:19
[2023/09/20 21:31:13] Assign Dynamic map(986,65697) for GS:0
[2023/09/20 21:31:13] GS:0 Total Dynamic map:180
[2023/09/20 21:31:13] GS:0 Total Static map:19
[2023/09/20 21:31:13] Assign Dynamic map(986,65698) for GS:0
[2023/09/20 21:31:13] GS:0 Total Dynamic map:181
[2023/09/20 21:31:13] GS:0 Total Static map:19
[2023/09/20 21:31:13] Assign Dynamic map(986,65699) for GS:0
[2023/09/20 21:31:13] GS:0 Total Dynamic map:182
[2023/09/20 21:31:13] GS:0 Total Static map:19
[2023/09/20 21:31:13] Assign Dynamic map(986,65700) for GS:0
[2023/09/20 21:31:13] GS:0 Total Dynamic map:183
[2023/09/20 21:31:13] GS:0 Total Static map:19
[2023/09/20 21:31:13] Assign Dynamic map(976,65701) for GS:0
[2023/09/20 21:31:13] GS:0 Total Dynamic map:184
[2023/09/20 21:31:13] GS:0 Total Static map:19
[2023/09/20 21:31:13] Assign Dynamic map(976,65702) for GS:0
[2023/09/20 21:31:13] GS:0 Total Dynamic map:185
[2023/09/20 21:31:13] GS:0 Total Static map:19
[2023/09/20 21:31:13] Assign Dynamic map(976,65703) for GS:0
[2023/09/20 21:31:13] GS:0 Total Dynamic map:186
[2023/09/20 21:31:13] GS:0 Total Static map:19
[2023/09/20 21:31:13] Assign Dynamic map(976,65704) for GS:0
[2023/09/20 21:31:13] GS:0 Total Dynamic map:187
[2023/09/20 21:31:13] GS:0 Total Static map:19
[2023/09/20 21:31:13] Assign Dynamic map(976,65705) for GS:0
[2023/09/20 21:31:13] GS:0 Total Dynamic map:188
[2023/09/20 21:31:13] GS:0 Total Static map:19
[2023/09/20 21:31:13] Assign Dynamic map(988,65706) for GS:0
[2023/09/20 21:31:13] GS:0 Total Dynamic map:189
[2023/09/20 21:31:13] GS:0 Total Static map:19
[2023/09/20 21:31:13] Assign Dynamic map(988,65707) for GS:0
[2023/09/20 21:31:13] GS:0 Total Dynamic map:190
[2023/09/20 21:31:13] GS:0 Total Static map:19
[2023/09/20 21:31:13] Assign Dynamic map(988,65708) for GS:0
[2023/09/20 21:31:13] GS:0 Total Dynamic map:191
[2023/09/20 21:31:13] GS:0 Total Static map:19
[2023/09/20 21:31:13] Assign Dynamic map(988,65709) for GS:0
[2023/09/20 21:31:13] GS:0 Total Dynamic map:192
[2023/09/20 21:31:13] GS:0 Total Static map:19
[2023/09/20 21:31:13] Assign Dynamic map(988,65710) for GS:0
[2023/09/20 21:31:13] GS:0 Total Dynamic map:193
[2023/09/20 21:31:13] GS:0 Total Static map:19
[2023/09/20 21:31:13] Assign Dynamic map(975,65711) for GS:0
[2023/09/20 21:31:13] GS:0 Total Dynamic map:194
[2023/09/20 21:31:13] GS:0 Total Static map:19
[2023/09/20 21:31:13] Assign Dynamic map(975,65712) for GS:0
[2023/09/20 21:31:13] GS:0 Total Dynamic map:195
[2023/09/20 21:31:13] GS:0 Total Static map:19
[2023/09/20 21:31:13] Assign Dynamic map(975,65713) for GS:0
[2023/09/20 21:31:13] GS:0 Total Dynamic map:196
[2023/09/20 21:31:13] GS:0 Total Static map:19
[2023/09/20 21:31:13] Assign Dynamic map(975,65714) for GS:0
[2023/09/20 21:31:13] GS:0 Total Dynamic map:197
[2023/09/20 21:31:13] GS:0 Total Static map:19
[2023/09/20 21:31:13] Assign Dynamic map(975,65715) for GS:0
[2023/09/20 21:31:13] GS:0 Total Dynamic map:198
[2023/09/20 21:31:13] GS:0 Total Static map:19
[2023/09/20 21:31:14] Release Dynamic map(73911) for GS:0
[2023/09/20 21:31:14] GS:0 Total Dynamic map:197
[2023/09/20 21:31:14] GS:0 Total Static map:19
[2023/09/20 21:31:14] Release Dynamic map(73912) for GS:0
[2023/09/20 21:31:14] GS:0 Total Dynamic map:196
[2023/09/20 21:31:14] GS:0 Total Static map:19
[2023/09/20 21:31:14] Release Dynamic map(73913) for GS:0
[2023/09/20 21:31:14] GS:0 Total Dynamic map:195
[2023/09/20 21:31:14] GS:0 Total Static map:19
[2023/09/20 21:31:14] Release Dynamic map(73919) for GS:0
[2023/09/20 21:31:14] GS:0 Total Dynamic map:194
[2023/09/20 21:31:14] GS:0 Total Static map:19
[2023/09/20 21:31:14] Release Dynamic map(73920) for GS:0
[2023/09/20 21:31:14] GS:0 Total Dynamic map:193
[2023/09/20 21:31:14] GS:0 Total Static map:19
[2023/09/20 21:31:14] Release Dynamic map(73921) for GS:0
[2023/09/20 21:31:14] GS:0 Total Dynamic map:192
[2023/09/20 21:31:14] GS:0 Total Static map:19
[2023/09/20 21:31:14] Release Dynamic map(73922) for GS:0
[2023/09/20 21:31:14] GS:0 Total Dynamic map:191
[2023/09/20 21:31:14] GS:0 Total Static map:19
[2023/09/20 21:31:14] Release Dynamic map(73923) for GS:0
[2023/09/20 21:31:14] GS:0 Total Dynamic map:190
[2023/09/20 21:31:14] GS:0 Total Static map:19
[2023/09/20 21:32:23] TongConnection close: 127.0.0.1
[2023/09/20 21:32:23] HostConnection close: 127.0.0.1
[2023/09/20 21:32:23] ChatConnection close: 127.0.0.1
[2023/09/20 21:32:40] ChatConnection create: 127.0.0.1
[2023/09/20 21:32:40] TongConnection create: 127.0.0.1
[2023/09/20 21:32:40] HostConnection create: 127.0.0.1
[2023/09/20 21:32:44] GameServerLogin: 127.0.0.1
[2023/09/20 21:32:44] TongDataSendFinish: 127.0.0.1
[2023/09/20 21:32:45] Assign Dynamic map(986,65716) for GS:0
[2023/09/20 21:32:45] GS:0 Total Dynamic map:191
[2023/09/20 21:32:45] GS:0 Total Static map:19
[2023/09/20 21:32:45] Assign Dynamic map(986,65717) for GS:0
[2023/09/20 21:32:45] GS:0 Total Dynamic map:192
[2023/09/20 21:32:45] GS:0 Total Static map:19
[2023/09/20 21:32:45] Assign Dynamic map(986,65718) for GS:0
[2023/09/20 21:32:45] GS:0 Total Dynamic map:193
[2023/09/20 21:32:45] GS:0 Total Static map:19
[2023/09/20 21:32:45] Assign Dynamic map(986,65719) for GS:0
[2023/09/20 21:32:45] GS:0 Total Dynamic map:194
[2023/09/20 21:32:45] GS:0 Total Static map:19
[2023/09/20 21:32:45] Assign Dynamic map(986,65720) for GS:0
[2023/09/20 21:32:45] GS:0 Total Dynamic map:195
[2023/09/20 21:32:45] GS:0 Total Static map:19
[2023/09/20 21:32:45] Assign Dynamic map(948,73932) for GS:0
[2023/09/20 21:32:45] GS:0 Total Dynamic map:196
[2023/09/20 21:32:45] GS:0 Total Static map:19
[2023/09/20 21:32:45] Assign Dynamic map(948,73933) for GS:0
[2023/09/20 21:32:45] GS:0 Total Dynamic map:197
[2023/09/20 21:32:45] GS:0 Total Static map:19
[2023/09/20 21:32:45] Assign Dynamic map(948,73934) for GS:0
[2023/09/20 21:32:45] GS:0 Total Dynamic map:198
[2023/09/20 21:32:45] GS:0 Total Static map:19
[2023/09/20 21:32:45] Assign Dynamic map(948,73935) for GS:0
[2023/09/20 21:32:45] GS:0 Total Dynamic map:199
[2023/09/20 21:32:45] GS:0 Total Static map:19
[2023/09/20 21:32:45] Assign Dynamic map(976,65721) for GS:0
[2023/09/20 21:32:45] GS:0 Total Dynamic map:200
[2023/09/20 21:32:45] GS:0 Total Static map:19
[2023/09/20 21:32:45] Assign Dynamic map(976,65722) for GS:0
[2023/09/20 21:32:45] GS:0 Total Dynamic map:201
[2023/09/20 21:32:45] GS:0 Total Static map:19
[2023/09/20 21:32:45] Assign Dynamic map(976,65723) for GS:0
[2023/09/20 21:32:45] GS:0 Total Dynamic map:202
[2023/09/20 21:32:45] GS:0 Total Static map:19
[2023/09/20 21:32:45] Assign Dynamic map(976,65724) for GS:0
[2023/09/20 21:32:45] GS:0 Total Dynamic map:203
[2023/09/20 21:32:45] GS:0 Total Static map:19
[2023/09/20 21:32:45] Assign Dynamic map(976,65725) for GS:0
[2023/09/20 21:32:45] GS:0 Total Dynamic map:204
[2023/09/20 21:32:45] GS:0 Total Static map:19
[2023/09/20 21:32:45] Assign Dynamic map(958,73936) for GS:0
[2023/09/20 21:32:45] GS:0 Total Dynamic map:205
[2023/09/20 21:32:45] GS:0 Total Static map:19
[2023/09/20 21:32:45] Assign Dynamic map(958,73937) for GS:0
[2023/09/20 21:32:45] GS:0 Total Dynamic map:206
[2023/09/20 21:32:45] GS:0 Total Static map:19
[2023/09/20 21:32:45] Assign Dynamic map(958,73938) for GS:0
[2023/09/20 21:32:45] GS:0 Total Dynamic map:207
[2023/09/20 21:32:45] GS:0 Total Static map:19
[2023/09/20 21:32:45] Assign Dynamic map(958,73939) for GS:0
[2023/09/20 21:32:45] GS:0 Total Dynamic map:208
[2023/09/20 21:32:45] GS:0 Total Static map:19
[2023/09/20 21:32:45] Assign Dynamic map(958,73940) for GS:0
[2023/09/20 21:32:45] GS:0 Total Dynamic map:209
[2023/09/20 21:32:45] GS:0 Total Static map:19
[2023/09/20 21:32:45] Assign Dynamic map(988,65726) for GS:0
[2023/09/20 21:32:45] GS:0 Total Dynamic map:210
[2023/09/20 21:32:45] GS:0 Total Static map:19
[2023/09/20 21:32:45] Assign Dynamic map(988,65727) for GS:0
[2023/09/20 21:32:45] GS:0 Total Dynamic map:211
[2023/09/20 21:32:45] GS:0 Total Static map:19
[2023/09/20 21:32:45] Assign Dynamic map(988,65728) for GS:0
[2023/09/20 21:32:45] GS:0 Total Dynamic map:212
[2023/09/20 21:32:45] GS:0 Total Static map:19
[2023/09/20 21:32:45] Assign Dynamic map(988,65729) for GS:0
[2023/09/20 21:32:45] GS:0 Total Dynamic map:213
[2023/09/20 21:32:45] GS:0 Total Static map:19
[2023/09/20 21:32:45] Assign Dynamic map(988,65730) for GS:0
[2023/09/20 21:32:45] GS:0 Total Dynamic map:214
[2023/09/20 21:32:45] GS:0 Total Static map:19
[2023/09/20 21:32:45] Assign Dynamic map(975,65731) for GS:0
[2023/09/20 21:32:45] GS:0 Total Dynamic map:215
[2023/09/20 21:32:45] GS:0 Total Static map:19
[2023/09/20 21:32:45] Assign Dynamic map(975,65732) for GS:0
[2023/09/20 21:32:45] GS:0 Total Dynamic map:216
[2023/09/20 21:32:45] GS:0 Total Static map:19
[2023/09/20 21:32:45] Assign Dynamic map(975,65733) for GS:0
[2023/09/20 21:32:45] GS:0 Total Dynamic map:217
[2023/09/20 21:32:45] GS:0 Total Static map:19
[2023/09/20 21:32:45] Assign Dynamic map(975,65734) for GS:0
[2023/09/20 21:32:45] GS:0 Total Dynamic map:218
[2023/09/20 21:32:45] GS:0 Total Static map:19
[2023/09/20 21:32:45] Assign Dynamic map(975,65735) for GS:0
[2023/09/20 21:32:45] GS:0 Total Dynamic map:219
[2023/09/20 21:32:45] GS:0 Total Static map:19
[2023/09/20 21:35:31] ChatConnection close: 127.0.0.1
[2023/09/20 21:35:31] HostConnection close: 127.0.0.1
[2023/09/20 21:35:31] TongConnection close: 127.0.0.1
[2023/09/20 21:35:35] SockThread stop success
[2023/09/20 21:35:35] S3Relay-ø™ ºπÿ±’£° S3Relay- bat dau dong lai! 
[2023/09/20 21:35:35] 
*
***** S3Relay Stop (@ 0000/00/00 00:-7742104:134778110.165975456) <<<<<
*


[2023/09/20 21:35:35] chat server shutdown
[2023/09/20 21:35:35] tong server shutdown
[2023/09/20 21:35:35] host server shutdown
[2023/09/20 21:35:35] stop autotimer for Ping: 192.168.1.200
[2023/09/20 21:35:35] S3Relay: ”ÎRelayRootµƒ¡¥Ω”∂œø™¡À -  cung voi RelayRoot lien tiep bi ngat quang - 192.168.1.200
